nohup: ignoring input
{'obs_dim': 1, 'rec_dim': 8, 'node_dim': 4, 'rec_gru_units': 100, 'rec_node_units': 100, 'rec_node_layers': 2, 'rec_node_act': 'Tanh', 'rec_out_units': 100, 'latent_node_units': 100, 'latent_node_layers': 2, 'latent_node_act': 'Tanh', 'dec_type': 'NN', 'dec_units': 100, 'dec_layers': 2, 'dec_act': 'ReLU'}
{'aligned_data': True, 'lr': 0.005, 'batch_size': 512, 'l_std': 1, 'kl_burn_max': 50, 'clip_norm': 5, 'model_atol': 0.0001, 'model_rtol': 0.001, 'aug_methods': [<function aug_subsample at 0x7f8377f0f5f0>, <function aug_crop_start at 0x7f8377f0f680>, <function aug_add_noise at 0x7f8377f1d050>], 'aug_args': {'crop_min': 20, 'sample_min': 20, 'aug_noise_var': 0.03}, 'max_epochs': 736, 'lr_decay': 0.9934338128976814}
/home/user/codes/POWERODE/ode/LatentSegmentedODE-main/LatentSegmentedODE-main/SineWave/Data/Train/sine_train_10000_100_7_0.025
Current LR: [0.004967169064488407]
Epoch: 1, Train ELBO: -143202.484, Val ELBO: -230249.151, Train MSE: 15.917, Val MSE: 16.607
Current LR: [0.0049345537030421275]
Epoch: 2, Train ELBO: -157704.027, Val ELBO: -223749.007, Train MSE: 15.928, Val MSE: 16.092
Current LR: [0.004902152500161514]
Epoch: 3, Train ELBO: -160471.044, Val ELBO: -216176.384, Train MSE: 15.667, Val MSE: 15.487
Current LR: [0.0048699640496413545]
Epoch: 4, Train ELBO: -172893.048, Val ELBO: -207917.475, Train MSE: 15.372, Val MSE: 14.826
Current LR: [0.004837986954509844]
Epoch: 5, Train ELBO: -181412.468, Val ELBO: -202945.672, Train MSE: 15.060, Val MSE: 14.430
Current LR: [0.004806219826967956]
Epoch: 6, Train ELBO: -185651.731, Val ELBO: -199532.103, Train MSE: 14.699, Val MSE: 14.157
Current LR: [0.0047746612883292116]
Epoch: 7, Train ELBO: -177703.931, Val ELBO: -197134.473, Train MSE: 14.294, Val MSE: 13.962
Current LR: [0.004743309968959844]
Epoch: 8, Train ELBO: -179505.670, Val ELBO: -192806.772, Train MSE: 14.000, Val MSE: 13.616
Current LR: [0.00471216450821936]
Epoch: 9, Train ELBO: -180324.192, Val ELBO: -189907.872, Train MSE: 13.662, Val MSE: 13.375
Current LR: [0.0046812235544014865]
Epoch: 10, Train ELBO: -178562.719, Val ELBO: -194263.132, Train MSE: 13.488, Val MSE: 13.729
Current LR: [0.004650485764675505]
Epoch: 11, Train ELBO: -175623.415, Val ELBO: -189996.534, Train MSE: 13.076, Val MSE: 13.390
Current LR: [0.0046199498050279765]
Epoch: 12, Train ELBO: -172399.706, Val ELBO: -194937.503, Train MSE: 12.843, Val MSE: 13.783
Current LR: [0.004589614350204842]
Epoch: 13, Train ELBO: -182775.892, Val ELBO: -189161.264, Train MSE: 12.717, Val MSE: 13.326
Current LR: [0.004559478083653911]
Epoch: 14, Train ELBO: -178518.515, Val ELBO: -188674.677, Train MSE: 12.678, Val MSE: 13.285
Current LR: [0.004529539697467718]
Epoch: 15, Train ELBO: -179755.703, Val ELBO: -185495.804, Train MSE: 12.566, Val MSE: 13.034
Current LR: [0.004499797892326765]
Epoch: 16, Train ELBO: -184330.706, Val ELBO: -190670.597, Train MSE: 12.388, Val MSE: 13.454
Current LR: [0.004470251377443129]
Epoch: 17, Train ELBO: -182290.359, Val ELBO: -189980.540, Train MSE: 12.432, Val MSE: 13.398
Current LR: [0.00444089887050444]
Epoch: 18, Train ELBO: -177050.314, Val ELBO: -185590.703, Train MSE: 12.208, Val MSE: 13.050
Current LR: [0.0044117390976182325]
Epoch: 19, Train ELBO: -172220.684, Val ELBO: -182165.428, Train MSE: 12.113, Val MSE: 12.771
Current LR: [0.004382770793256657]
Epoch: 20, Train ELBO: -168169.300, Val ELBO: -184898.466, Train MSE: 11.913, Val MSE: 12.991
Current LR: [0.0043539927002015566]
Epoch: 21, Train ELBO: -175801.399, Val ELBO: -184417.939, Train MSE: 11.966, Val MSE: 12.959
Current LR: [0.004325403569489903]
Epoch: 22, Train ELBO: -175047.125, Val ELBO: -180301.090, Train MSE: 11.759, Val MSE: 12.628
Current LR: [0.004297002160359596]
Epoch: 23, Train ELBO: -171164.889, Val ELBO: -179169.407, Train MSE: 11.614, Val MSE: 12.546
Current LR: [0.004268787240195608]
Epoch: 24, Train ELBO: -169821.236, Val ELBO: -184750.893, Train MSE: 11.502, Val MSE: 12.984
Current LR: [0.004240757584476493]
Epoch: 25, Train ELBO: -174338.908, Val ELBO: -175082.792, Train MSE: 11.425, Val MSE: 12.202
Current LR: [0.0042129119767212436]
Epoch: 26, Train ELBO: -177716.614, Val ELBO: -172450.853, Train MSE: 11.422, Val MSE: 11.996
Current LR: [0.004185249208436493]
Epoch: 27, Train ELBO: -176759.517, Val ELBO: -185996.437, Train MSE: 11.354, Val MSE: 13.076
Current LR: [0.004157768079064069]
Epoch: 28, Train ELBO: -177085.077, Val ELBO: -175952.446, Train MSE: 11.235, Val MSE: 12.281
Current LR: [0.0041304673959288865]
Epoch: 29, Train ELBO: -170984.565, Val ELBO: -174448.271, Train MSE: 11.120, Val MSE: 12.162
Current LR: [0.0041033459741871905]
Epoch: 30, Train ELBO: -168688.156, Val ELBO: -166937.874, Train MSE: 11.039, Val MSE: 11.574
Current LR: [0.0040764026367751316]
Epoch: 31, Train ELBO: -168073.883, Val ELBO: -157889.086, Train MSE: 10.912, Val MSE: 10.845
Current LR: [0.0040496362143576815]
Epoch: 32, Train ELBO: -165953.653, Val ELBO: -158062.347, Train MSE: 10.677, Val MSE: 10.851
Current LR: [0.004023045545277884]
Epoch: 33, Train ELBO: -165872.543, Val ELBO: -152524.266, Train MSE: 10.354, Val MSE: 10.418
Current LR: [0.00399662947550644]
Epoch: 34, Train ELBO: -160134.729, Val ELBO: -151311.724, Train MSE: 9.925, Val MSE: 10.311
Current LR: [0.0039703868585916225]
Epoch: 35, Train ELBO: -164102.890, Val ELBO: -159578.690, Train MSE: 10.025, Val MSE: 10.963
Current LR: [0.003944316555609523]
Epoch: 36, Train ELBO: -166111.929, Val ELBO: -152422.173, Train MSE: 9.954, Val MSE: 10.386
Current LR: [0.0039184174351146175]
Epoch: 37, Train ELBO: -166267.337, Val ELBO: -154831.749, Train MSE: 9.888, Val MSE: 10.587
Current LR: [0.003892688373090668]
Epoch: 38, Train ELBO: -160109.513, Val ELBO: -150453.623, Train MSE: 9.522, Val MSE: 10.237
Current LR: [0.0038671282529019343]
Epoch: 39, Train ELBO: -153650.280, Val ELBO: -138375.043, Train MSE: 9.217, Val MSE: 9.274
Current LR: [0.0038417359652447177]
Epoch: 40, Train ELBO: -146792.483, Val ELBO: -136542.022, Train MSE: 8.999, Val MSE: 9.125
Current LR: [0.0038165104080992145]
Epoch: 41, Train ELBO: -149060.271, Val ELBO: -134006.173, Train MSE: 8.969, Val MSE: 8.924
Current LR: [0.003791450486681689]
Epoch: 42, Train ELBO: -146823.975, Val ELBO: -134761.978, Train MSE: 8.753, Val MSE: 8.997
Current LR: [0.00376655511339696]
Epoch: 43, Train ELBO: -145985.306, Val ELBO: -142090.458, Train MSE: 8.866, Val MSE: 9.568
Current LR: [0.003741823207791201]
Epoch: 44, Train ELBO: -140479.905, Val ELBO: -137986.590, Train MSE: 8.652, Val MSE: 9.245
Current LR: [0.003717253696505046]
Epoch: 45, Train ELBO: -141103.967, Val ELBO: -159104.134, Train MSE: 8.613, Val MSE: 10.921
Current LR: [0.0036928455132270084]
Epoch: 46, Train ELBO: -142854.531, Val ELBO: -146655.319, Train MSE: 8.511, Val MSE: 9.925
Current LR: [0.003668597598647202]
Epoch: 47, Train ELBO: -143788.058, Val ELBO: -149907.393, Train MSE: 8.527, Val MSE: 10.184
Current LR: [0.0036445089004113677]
Epoch: 48, Train ELBO: -143512.696, Val ELBO: -139780.780, Train MSE: 8.477, Val MSE: 9.368
Current LR: [0.003620578373075201]
Epoch: 49, Train ELBO: -139803.208, Val ELBO: -129530.544, Train MSE: 8.121, Val MSE: 8.560
Current LR: [0.003596804978058981]
Epoch: 50, Train ELBO: -136525.037, Val ELBO: -138458.301, Train MSE: 7.881, Val MSE: 9.274
Current LR: [0.0035731876836024947]
Epoch: 51, Train ELBO: -135646.138, Val ELBO: -128563.742, Train MSE: 7.760, Val MSE: 8.479
Current LR: [0.00354972546472026]
Epoch: 52, Train ELBO: -136012.959, Val ELBO: -116382.262, Train MSE: 7.756, Val MSE: 7.506
Current LR: [0.003526417303157042]
Epoch: 53, Train ELBO: -134793.807, Val ELBO: -117590.701, Train MSE: 7.726, Val MSE: 7.606
Current LR: [0.0035032621873436593]
Epoch: 54, Train ELBO: -130797.485, Val ELBO: -130868.634, Train MSE: 7.553, Val MSE: 8.668
Current LR: [0.003480259112353083]
Epoch: 55, Train ELBO: -128843.618, Val ELBO: -133750.925, Train MSE: 7.604, Val MSE: 8.894
Current LR: [0.0034574070798568234]
Epoch: 56, Train ELBO: -129290.013, Val ELBO: -128149.478, Train MSE: 7.481, Val MSE: 8.443
Current LR: [0.0034347050980816024]
Epoch: 57, Train ELBO: -129673.950, Val ELBO: -139585.451, Train MSE: 7.851, Val MSE: 9.360
Current LR: [0.003412152181766311]
Epoch: 58, Train ELBO: -126429.011, Val ELBO: -125450.793, Train MSE: 7.720, Val MSE: 8.243
Current LR: [0.003389747352119249]
Epoch: 59, Train ELBO: -123892.683, Val ELBO: -120477.825, Train MSE: 7.651, Val MSE: 7.852
Current LR: [0.003367489636775645]
Epoch: 60, Train ELBO: -126791.707, Val ELBO: -117351.891, Train MSE: 7.489, Val MSE: 7.586
Current LR: [0.003345378069755457]
Epoch: 61, Train ELBO: -129698.851, Val ELBO: -118280.915, Train MSE: 7.358, Val MSE: 7.661
Current LR: [0.0033234116914214492]
Epoch: 62, Train ELBO: -128969.206, Val ELBO: -123178.538, Train MSE: 7.276, Val MSE: 8.043
Current LR: [0.003301589548437543]
Epoch: 63, Train ELBO: -125369.795, Val ELBO: -118573.107, Train MSE: 7.167, Val MSE: 7.680
Current LR: [0.0032799106937274423]
Epoch: 64, Train ELBO: -124132.126, Val ELBO: -110492.623, Train MSE: 7.079, Val MSE: 7.035
Current LR: [0.0032583741864335323]
Epoch: 65, Train ELBO: -128964.710, Val ELBO: -122043.507, Train MSE: 7.257, Val MSE: 7.961
Current LR: [0.0032369790918760446]
Epoch: 66, Train ELBO: -126575.260, Val ELBO: -150750.858, Train MSE: 7.099, Val MSE: 10.258
Current LR: [0.003215724481512493]
Epoch: 67, Train ELBO: -127674.410, Val ELBO: -151224.499, Train MSE: 7.026, Val MSE: 10.287
Current LR: [0.0031946094328973757]
Epoch: 68, Train ELBO: -131872.105, Val ELBO: -145638.329, Train MSE: 7.397, Val MSE: 9.833
Current LR: [0.00317363302964214]
Epoch: 69, Train ELBO: -127927.119, Val ELBO: -142764.216, Train MSE: 7.256, Val MSE: 9.621
Current LR: [0.0031527943613754114]
Epoch: 70, Train ELBO: -124409.460, Val ELBO: -136916.271, Train MSE: 7.144, Val MSE: 9.183
Current LR: [0.0031320925237034855]
Epoch: 71, Train ELBO: -120704.799, Val ELBO: -127295.423, Train MSE: 7.011, Val MSE: 8.397
Current LR: [0.003111526618171075]
Epoch: 72, Train ELBO: -117319.667, Val ELBO: -117965.742, Train MSE: 6.795, Val MSE: 7.640
Current LR: [0.003091095752222319]
Epoch: 73, Train ELBO: -115450.744, Val ELBO: -110077.078, Train MSE: 6.742, Val MSE: 7.009
Current LR: [0.003070799039162045]
Epoch: 74, Train ELBO: -110722.269, Val ELBO: -105603.340, Train MSE: 6.362, Val MSE: 6.639
Current LR: [0.003050635598117287]
Epoch: 75, Train ELBO: -110766.657, Val ELBO: -97271.463, Train MSE: 6.393, Val MSE: 5.985
Current LR: [0.003030604553999055]
Epoch: 76, Train ELBO: -106271.289, Val ELBO: -96045.794, Train MSE: 6.250, Val MSE: 5.887
Current LR: [0.0030107050374643587]
Epoch: 77, Train ELBO: -106292.553, Val ELBO: -130488.748, Train MSE: 6.282, Val MSE: 8.657
Current LR: [0.0029909361848784745]
Epoch: 78, Train ELBO: -112159.463, Val ELBO: -142459.227, Train MSE: 6.541, Val MSE: 9.605
Current LR: [0.0029712971382774675]
Epoch: 79, Train ELBO: -118018.947, Val ELBO: -129186.798, Train MSE: 7.018, Val MSE: 8.534
Current LR: [0.002951787045330954]
Epoch: 80, Train ELBO: -117364.209, Val ELBO: -126196.641, Train MSE: 6.916, Val MSE: 8.292
Current LR: [0.0029324050593051106]
Epoch: 81, Train ELBO: -116815.358, Val ELBO: -112359.979, Train MSE: 6.722, Val MSE: 7.188
Current LR: [0.0029131503390259278]
Epoch: 82, Train ELBO: -111603.744, Val ELBO: -108201.691, Train MSE: 6.587, Val MSE: 6.859
Current LR: [0.0028940220488427007]
Epoch: 83, Train ELBO: -113705.183, Val ELBO: -101956.817, Train MSE: 6.590, Val MSE: 6.364
Current LR: [0.0028750193585917643]
Epoch: 84, Train ELBO: -115417.868, Val ELBO: -102341.482, Train MSE: 6.754, Val MSE: 6.389
Current LR: [0.0028561414435604626]
Epoch: 85, Train ELBO: -113388.127, Val ELBO: -97820.216, Train MSE: 6.681, Val MSE: 6.035
Current LR: [0.002837387484451358]
Epoch: 86, Train ELBO: -110757.650, Val ELBO: -98258.670, Train MSE: 6.556, Val MSE: 6.065
Current LR: [0.0028187566673466735]
Epoch: 87, Train ELBO: -112286.866, Val ELBO: -98928.494, Train MSE: 6.880, Val MSE: 6.124
Current LR: [0.0028002481836729674]
Epoch: 88, Train ELBO: -110799.119, Val ELBO: -103722.119, Train MSE: 6.477, Val MSE: 6.494
Current LR: [0.002781861230166043]
Epoch: 89, Train ELBO: -110886.902, Val ELBO: -100308.765, Train MSE: 6.313, Val MSE: 6.243
Current LR: [0.0027635950088360866]
Epoch: 90, Train ELBO: -109205.666, Val ELBO: -98957.976, Train MSE: 6.298, Val MSE: 6.118
Current LR: [0.002745448726933035]
Epoch: 91, Train ELBO: -109386.947, Val ELBO: -96267.906, Train MSE: 6.158, Val MSE: 5.893
Current LR: [0.0027274215969121706]
Epoch: 92, Train ELBO: -105191.246, Val ELBO: -102004.301, Train MSE: 6.095, Val MSE: 6.355
Current LR: [0.0027095128363999405]
Epoch: 93, Train ELBO: -104261.671, Val ELBO: -107986.380, Train MSE: 5.886, Val MSE: 6.831
Current LR: [0.0026917216681600045]
Epoch: 94, Train ELBO: -105873.782, Val ELBO: -122934.588, Train MSE: 6.228, Val MSE: 8.017
Current LR: [0.0026740473200595007]
Epoch: 95, Train ELBO: -112068.015, Val ELBO: -114823.829, Train MSE: 6.466, Val MSE: 7.374
Current LR: [0.0026564890250355363]
Epoch: 96, Train ELBO: -109282.585, Val ELBO: -105069.346, Train MSE: 6.419, Val MSE: 6.605
Current LR: [0.002639046021061897]
Epoch: 97, Train ELBO: -114545.863, Val ELBO: -109247.827, Train MSE: 6.519, Val MSE: 6.927
Current LR: [0.0026217175511159753]
Epoch: 98, Train ELBO: -113295.708, Val ELBO: -101951.125, Train MSE: 6.365, Val MSE: 6.345
Current LR: [0.0026045028631459153]
Epoch: 99, Train ELBO: -111186.149, Val ELBO: -113305.478, Train MSE: 6.229, Val MSE: 7.260
Current LR: [0.002587401210037975]
Epoch: 100, Train ELBO: -108347.166, Val ELBO: -102238.750, Train MSE: 6.156, Val MSE: 6.371
Current LR: [0.0025704118495841]
Epoch: 101, Train ELBO: -103808.392, Val ELBO: -93405.561, Train MSE: 6.040, Val MSE: 5.667
Current LR: [0.002553534044449714]
Epoch: 102, Train ELBO: -99795.917, Val ELBO: -118549.012, Train MSE: 5.812, Val MSE: 7.681
Current LR: [0.002536767062141717]
Epoch: 103, Train ELBO: -105560.358, Val ELBO: -138504.394, Train MSE: 6.116, Val MSE: 9.271
Current LR: [0.0025201101749766953]
Epoch: 104, Train ELBO: -106882.417, Val ELBO: -113442.543, Train MSE: 6.164, Val MSE: 7.262
Current LR: [0.0025035626600493415]
Epoch: 105, Train ELBO: -103341.167, Val ELBO: -106837.826, Train MSE: 6.103, Val MSE: 6.743
Current LR: [0.002487123799201079]
Epoch: 106, Train ELBO: -105491.503, Val ELBO: -105998.549, Train MSE: 6.424, Val MSE: 6.667
Current LR: [0.002470792878988895]
Epoch: 107, Train ELBO: -109773.838, Val ELBO: -106678.674, Train MSE: 6.338, Val MSE: 6.753
Current LR: [0.0024545691906543775]
Epoch: 108, Train ELBO: -109744.561, Val ELBO: -116832.602, Train MSE: 6.405, Val MSE: 7.556
Current LR: [0.002438452030092954]
Epoch: 109, Train ELBO: -108854.450, Val ELBO: -107960.778, Train MSE: 6.214, Val MSE: 6.845
Current LR: [0.002422440697823335]
Epoch: 110, Train ELBO: -111386.314, Val ELBO: -118434.960, Train MSE: 6.357, Val MSE: 7.651
Current LR: [0.0024065344989571556]
Epoch: 111, Train ELBO: -112423.995, Val ELBO: -108297.931, Train MSE: 6.509, Val MSE: 6.856
Current LR: [0.0023907327431688186]
Epoch: 112, Train ELBO: -111143.493, Val ELBO: -101095.879, Train MSE: 6.276, Val MSE: 6.274
Current LR: [0.0023750347446655326]
Epoch: 113, Train ELBO: -109350.238, Val ELBO: -95418.297, Train MSE: 6.100, Val MSE: 5.834
Current LR: [0.0023594398221575513]
Epoch: 114, Train ELBO: -108272.705, Val ELBO: -96115.771, Train MSE: 5.937, Val MSE: 5.889
Current LR: [0.0023439472988286037]
Epoch: 115, Train ELBO: -104993.899, Val ELBO: -90009.398, Train MSE: 5.794, Val MSE: 5.390
Current LR: [0.002328556502306521]
Epoch: 116, Train ELBO: -105462.310, Val ELBO: -89003.982, Train MSE: 5.800, Val MSE: 5.312
Current LR: [0.0023132667646340557]
Epoch: 117, Train ELBO: -102434.103, Val ELBO: -97931.498, Train MSE: 5.553, Val MSE: 6.042
Current LR: [0.002298077422239893]
Epoch: 118, Train ELBO: -101429.369, Val ELBO: -102053.824, Train MSE: 5.572, Val MSE: 6.350
Current LR: [0.002282987815909852]
Epoch: 119, Train ELBO: -97346.063, Val ELBO: -90614.097, Train MSE: 5.585, Val MSE: 5.447
Current LR: [0.002267997290758274]
Epoch: 120, Train ELBO: -95757.848, Val ELBO: -84919.158, Train MSE: 5.525, Val MSE: 4.994
Current LR: [0.0022531051961996035]
Epoch: 121, Train ELBO: -92823.105, Val ELBO: -83352.770, Train MSE: 5.416, Val MSE: 4.861
Current LR: [0.0022383108859201505]
Epoch: 122, Train ELBO: -92288.627, Val ELBO: -91959.811, Train MSE: 5.320, Val MSE: 5.558
Current LR: [0.002223613717850042]
Epoch: 123, Train ELBO: -102211.954, Val ELBO: -108873.098, Train MSE: 5.700, Val MSE: 6.900
Current LR: [0.0022090130541353565]
Epoch: 124, Train ELBO: -106407.616, Val ELBO: -105935.456, Train MSE: 5.935, Val MSE: 6.664
Current LR: [0.0021945082611104397]
Epoch: 125, Train ELBO: -102874.283, Val ELBO: -100189.967, Train MSE: 5.978, Val MSE: 6.209
Current LR: [0.0021800987092704047]
Epoch: 126, Train ELBO: -102437.040, Val ELBO: -87569.977, Train MSE: 5.869, Val MSE: 5.204
Current LR: [0.002165783773243812]
Epoch: 127, Train ELBO: -99419.171, Val ELBO: -88973.470, Train MSE: 5.748, Val MSE: 5.320
Current LR: [0.0021515628317655276]
Epoch: 128, Train ELBO: -95692.284, Val ELBO: -81660.800, Train MSE: 5.575, Val MSE: 4.730
Current LR: [0.002137435267649761]
Epoch: 129, Train ELBO: -95798.231, Val ELBO: -97448.360, Train MSE: 5.667, Val MSE: 5.994
Current LR: [0.0021234004677632783]
Epoch: 130, Train ELBO: -93915.366, Val ELBO: -100284.798, Train MSE: 5.682, Val MSE: 6.204
Current LR: [0.0021094578229987936]
Epoch: 131, Train ELBO: -95373.175, Val ELBO: -98240.314, Train MSE: 5.747, Val MSE: 6.042
Current LR: [0.002095606728248534]
Epoch: 132, Train ELBO: -93283.939, Val ELBO: -83393.223, Train MSE: 5.567, Val MSE: 4.864
Current LR: [0.002081846582377976]
Epoch: 133, Train ELBO: -89741.382, Val ELBO: -78304.723, Train MSE: 5.406, Val MSE: 4.458
Current LR: [0.00206817678819976]
Epoch: 134, Train ELBO: -89669.708, Val ELBO: -80858.887, Train MSE: 5.292, Val MSE: 4.648
Current LR: [0.002054596752447768]
Epoch: 135, Train ELBO: -89459.442, Val ELBO: -78664.197, Train MSE: 5.438, Val MSE: 4.490
Current LR: [0.0020411058857513794]
Epoch: 136, Train ELBO: -89430.481, Val ELBO: -85052.713, Train MSE: 5.304, Val MSE: 4.987
Current LR: [0.002027703602609892]
Epoch: 137, Train ELBO: -93269.081, Val ELBO: -143611.440, Train MSE: 5.552, Val MSE: 9.678
Current LR: [0.00201438932136711]
Epoch: 138, Train ELBO: -101071.683, Val ELBO: -117212.651, Train MSE: 5.913, Val MSE: 7.574
Current LR: [0.002001162464186101]
Epoch: 139, Train ELBO: -99587.582, Val ELBO: -95769.003, Train MSE: 5.878, Val MSE: 5.855
Current LR: [0.001988022457024118]
Epoch: 140, Train ELBO: -96407.439, Val ELBO: -98436.323, Train MSE: 5.541, Val MSE: 6.095
Current LR: [0.0019749687296076865]
Epoch: 141, Train ELBO: -96357.865, Val ELBO: -88303.597, Train MSE: 5.549, Val MSE: 5.269
Current LR: [0.001962000715407854]
Epoch: 142, Train ELBO: -96996.694, Val ELBO: -79922.782, Train MSE: 5.423, Val MSE: 4.585
Current LR: [0.001949117851615603]
Epoch: 143, Train ELBO: -99676.127, Val ELBO: -84866.453, Train MSE: 5.448, Val MSE: 4.978
Current LR: [0.0019363195791174256]
Epoch: 144, Train ELBO: -98486.463, Val ELBO: -99314.962, Train MSE: 5.295, Val MSE: 6.139
Current LR: [0.0019236053424710577]
Epoch: 145, Train ELBO: -92852.023, Val ELBO: -90934.674, Train MSE: 5.147, Val MSE: 5.460
Current LR: [0.001910974589881373]
Epoch: 146, Train ELBO: -88675.232, Val ELBO: -85832.671, Train MSE: 4.911, Val MSE: 5.039
Current LR: [0.0018984267731764354]
Epoch: 147, Train ELBO: -89756.506, Val ELBO: -98441.741, Train MSE: 5.114, Val MSE: 6.057
Current LR: [0.0018859613477837079]
Epoch: 148, Train ELBO: -87172.769, Val ELBO: -89741.110, Train MSE: 5.022, Val MSE: 5.354
Current LR: [0.001873577772706419]
Epoch: 149, Train ELBO: -84357.956, Val ELBO: -80407.230, Train MSE: 4.923, Val MSE: 4.604
Current LR: [0.0018612755105000833]
Epoch: 150, Train ELBO: -85081.176, Val ELBO: -82235.578, Train MSE: 4.732, Val MSE: 4.751
Current LR: [0.0018490540272491762]
Epoch: 151, Train ELBO: -82587.937, Val ELBO: -82840.377, Train MSE: 4.764, Val MSE: 4.804
Current LR: [0.0018369127925439623]
Epoch: 152, Train ELBO: -81063.090, Val ELBO: -91820.594, Train MSE: 4.699, Val MSE: 5.512
Current LR: [0.0018248512794574762]
Epoch: 153, Train ELBO: -85225.684, Val ELBO: -90425.203, Train MSE: 4.873, Val MSE: 5.421
Current LR: [0.001812868964522653]
Epoch: 154, Train ELBO: -86327.664, Val ELBO: -117269.325, Train MSE: 4.883, Val MSE: 7.606
Current LR: [0.0018009653277096106]
Epoch: 155, Train ELBO: -91312.438, Val ELBO: -118222.913, Train MSE: 5.329, Val MSE: 7.678
Current LR: [0.0017891398524030808]
Epoch: 156, Train ELBO: -94136.025, Val ELBO: -94315.239, Train MSE: 5.378, Val MSE: 5.747
Current LR: [0.0017773920253799874]
Epoch: 157, Train ELBO: -93081.148, Val ELBO: -84739.463, Train MSE: 5.297, Val MSE: 4.957
Current LR: [0.0017657213367871735]
Epoch: 158, Train ELBO: -92129.299, Val ELBO: -78960.923, Train MSE: 5.192, Val MSE: 4.499
Current LR: [0.001754127280119273]
Epoch: 159, Train ELBO: -90398.149, Val ELBO: -78918.901, Train MSE: 5.140, Val MSE: 4.500
Current LR: [0.0017426093521967286]
Epoch: 160, Train ELBO: -88849.372, Val ELBO: -75582.833, Train MSE: 4.864, Val MSE: 4.217
Current LR: [0.0017311670531439548]
Epoch: 161, Train ELBO: -88199.245, Val ELBO: -108423.272, Train MSE: 4.782, Val MSE: 6.866
Current LR: [0.001719799886367642]
Epoch: 162, Train ELBO: -91674.920, Val ELBO: -94737.815, Train MSE: 4.932, Val MSE: 5.776
Current LR: [0.0017085073585352058]
Epoch: 163, Train ELBO: -91126.330, Val ELBO: -93248.763, Train MSE: 5.080, Val MSE: 5.647
Current LR: [0.0016972889795533756]
Epoch: 164, Train ELBO: -90697.994, Val ELBO: -85724.158, Train MSE: 4.919, Val MSE: 5.058
Current LR: [0.0016861442625469248]
Epoch: 165, Train ELBO: -88647.683, Val ELBO: -75270.327, Train MSE: 4.922, Val MSE: 4.216
Current LR: [0.0016750727238375408]
Epoch: 166, Train ELBO: -84838.285, Val ELBO: -75692.685, Train MSE: 4.724, Val MSE: 4.247
Current LR: [0.001664073882922833]
Epoch: 167, Train ELBO: -82285.398, Val ELBO: -79490.973, Train MSE: 4.574, Val MSE: 4.535
Current LR: [0.0016531472624554799]
Epoch: 168, Train ELBO: -82042.713, Val ELBO: -69746.127, Train MSE: 4.517, Val MSE: 3.756
Current LR: [0.0016422923882225115]
Epoch: 169, Train ELBO: -81518.077, Val ELBO: -68748.109, Train MSE: 4.383, Val MSE: 3.677
Current LR: [0.0016315087891247287]
Epoch: 170, Train ELBO: -78883.366, Val ELBO: -75743.366, Train MSE: 4.441, Val MSE: 4.234
Current LR: [0.0016207959971562586]
Epoch: 171, Train ELBO: -77874.458, Val ELBO: -74776.808, Train MSE: 4.456, Val MSE: 4.153
Current LR: [0.0016101535473842415]
Epoch: 172, Train ELBO: -82686.794, Val ELBO: -80110.179, Train MSE: 4.738, Val MSE: 4.592
Current LR: [0.0015995809779286545]
Epoch: 173, Train ELBO: -82219.496, Val ELBO: -73925.222, Train MSE: 4.800, Val MSE: 4.103
Current LR: [0.0015890778299422652]
Epoch: 174, Train ELBO: -81924.816, Val ELBO: -82539.683, Train MSE: 4.682, Val MSE: 4.794
Current LR: [0.0015786436475907178]
Epoch: 175, Train ELBO: -80510.543, Val ELBO: -98062.763, Train MSE: 4.553, Val MSE: 6.046
Current LR: [0.0015682779780327506]
Epoch: 176, Train ELBO: -81519.507, Val ELBO: -85666.628, Train MSE: 4.582, Val MSE: 5.038
Current LR: [0.0015579803714005417]
Epoch: 177, Train ELBO: -83634.139, Val ELBO: -78939.260, Train MSE: 4.491, Val MSE: 4.497
Current LR: [0.001547750380780186]
Epoch: 178, Train ELBO: -83616.919, Val ELBO: -77490.954, Train MSE: 4.418, Val MSE: 4.378
Current LR: [0.0015375875621922983]
Epoch: 179, Train ELBO: -82540.636, Val ELBO: -77513.409, Train MSE: 4.439, Val MSE: 4.373
Current LR: [0.0015274914745727459]
Epoch: 180, Train ELBO: -82206.524, Val ELBO: -77741.828, Train MSE: 4.705, Val MSE: 4.395
Current LR: [0.0015174616797535047]
Epoch: 181, Train ELBO: -82007.066, Val ELBO: -75305.750, Train MSE: 4.695, Val MSE: 4.213
Current LR: [0.0015074977424436445]
Epoch: 182, Train ELBO: -79796.499, Val ELBO: -72176.614, Train MSE: 4.548, Val MSE: 3.958
Current LR: [0.0014975992302104367]
Epoch: 183, Train ELBO: -79361.299, Val ELBO: -67980.057, Train MSE: 4.374, Val MSE: 3.625
Current LR: [0.0014877657134605867]
Epoch: 184, Train ELBO: -79433.613, Val ELBO: -80037.368, Train MSE: 4.406, Val MSE: 4.581
Current LR: [0.00147799676542159]
Epoch: 185, Train ELBO: -79900.441, Val ELBO: -71702.443, Train MSE: 4.443, Val MSE: 3.899
Current LR: [0.0014682919621232101]
Epoch: 186, Train ELBO: -80057.167, Val ELBO: -68720.155, Train MSE: 4.398, Val MSE: 3.665
Current LR: [0.0014586508823790786]
Epoch: 187, Train ELBO: -79341.529, Val ELBO: -65663.179, Train MSE: 4.249, Val MSE: 3.428
Current LR: [0.0014490731077684154]
Epoch: 188, Train ELBO: -77824.992, Val ELBO: -67527.986, Train MSE: 4.125, Val MSE: 3.576
Current LR: [0.0014395582226178697]
Epoch: 189, Train ELBO: -76641.296, Val ELBO: -72337.443, Train MSE: 4.161, Val MSE: 3.979
Current LR: [0.0014301058139834797]
Epoch: 190, Train ELBO: -75621.345, Val ELBO: -73230.894, Train MSE: 4.006, Val MSE: 4.036
Current LR: [0.0014207154716327506]
Epoch: 191, Train ELBO: -81321.711, Val ELBO: -77166.145, Train MSE: 4.227, Val MSE: 4.350
Current LR: [0.0014113867880268512]
Epoch: 192, Train ELBO: -82870.236, Val ELBO: -66022.079, Train MSE: 4.194, Val MSE: 3.461
Current LR: [0.0014021193583029265]
Epoch: 193, Train ELBO: -79895.648, Val ELBO: -71199.505, Train MSE: 4.031, Val MSE: 3.869
Current LR: [0.0013929127802565265]
Epoch: 194, Train ELBO: -78167.991, Val ELBO: -72509.309, Train MSE: 4.138, Val MSE: 3.988
Current LR: [0.0013837666543241513]
Epoch: 195, Train ELBO: -79344.171, Val ELBO: -73120.267, Train MSE: 4.383, Val MSE: 4.031
Current LR: [0.0013746805835659094]
Epoch: 196, Train ELBO: -81574.680, Val ELBO: -67151.835, Train MSE: 4.339, Val MSE: 3.542
Current LR: [0.001365654173648291]
Epoch: 197, Train ELBO: -83120.143, Val ELBO: -71492.937, Train MSE: 4.377, Val MSE: 3.888
Current LR: [0.001356687032827054]
Epoch: 198, Train ELBO: -84667.146, Val ELBO: -73205.972, Train MSE: 4.430, Val MSE: 4.019
Current LR: [0.0013477787719302222]
Epoch: 199, Train ELBO: -81750.265, Val ELBO: -73258.773, Train MSE: 4.336, Val MSE: 4.016
Current LR: [0.0013389290043411951]
Epoch: 200, Train ELBO: -79966.885, Val ELBO: -72013.340, Train MSE: 4.356, Val MSE: 3.919
Current LR: [0.0013301373459819698]
Epoch: 201, Train ELBO: -80953.382, Val ELBO: -67311.026, Train MSE: 4.222, Val MSE: 3.563
Current LR: [0.0013214034152964707]
Epoch: 202, Train ELBO: -81904.345, Val ELBO: -70538.513, Train MSE: 4.507, Val MSE: 3.817
Current LR: [0.0013127268332339913]
Epoch: 203, Train ELBO: -85084.154, Val ELBO: -69842.101, Train MSE: 4.462, Val MSE: 3.756
Current LR: [0.0013041072232327427]
Epoch: 204, Train ELBO: -85033.057, Val ELBO: -66611.749, Train MSE: 4.325, Val MSE: 3.509
Current LR: [0.0012955442112035113]
Epoch: 205, Train ELBO: -81971.600, Val ELBO: -70606.120, Train MSE: 4.265, Val MSE: 3.837
Current LR: [0.0012870374255134233]
Epoch: 206, Train ELBO: -82641.566, Val ELBO: -80859.294, Train MSE: 4.448, Val MSE: 4.657
Current LR: [0.0012785864969698157]
Epoch: 207, Train ELBO: -83955.908, Val ELBO: -77486.540, Train MSE: 4.487, Val MSE: 4.389
Current LR: [0.0012701910588042138]
Epoch: 208, Train ELBO: -89751.480, Val ELBO: -96339.570, Train MSE: 4.734, Val MSE: 5.893
Current LR: [0.0012618507466564133]
Epoch: 209, Train ELBO: -91803.977, Val ELBO: -108908.803, Train MSE: 4.983, Val MSE: 6.922
Current LR: [0.0012535651985586668]
Epoch: 210, Train ELBO: -91943.941, Val ELBO: -107604.563, Train MSE: 5.238, Val MSE: 6.803
Current LR: [0.0012453340549199753]
Epoch: 211, Train ELBO: -94603.131, Val ELBO: -105994.249, Train MSE: 5.631, Val MSE: 6.682
Current LR: [0.0012371569585104816]
Epoch: 212, Train ELBO: -92573.927, Val ELBO: -100344.866, Train MSE: 5.311, Val MSE: 6.208
Current LR: [0.0012290335544459664]
Epoch: 213, Train ELBO: -93032.366, Val ELBO: -85908.775, Train MSE: 5.189, Val MSE: 5.052
Current LR: [0.0012209634901724465]
Epoch: 214, Train ELBO: -89157.174, Val ELBO: -76576.537, Train MSE: 5.143, Val MSE: 4.301
Current LR: [0.0012129464154508743]
Epoch: 215, Train ELBO: -85792.601, Val ELBO: -81365.512, Train MSE: 4.896, Val MSE: 4.687
Current LR: [0.0012049819823419373]
Epoch: 216, Train ELBO: -83901.321, Val ELBO: -74274.362, Train MSE: 4.646, Val MSE: 4.113
Current LR: [0.0011970698451909574]
Epoch: 217, Train ELBO: -82502.153, Val ELBO: -68304.098, Train MSE: 4.474, Val MSE: 3.635
Current LR: [0.00118920966061289]
Epoch: 218, Train ELBO: -83061.629, Val ELBO: -94303.625, Train MSE: 4.631, Val MSE: 5.735
Current LR: [0.001181401087477421]
Epoch: 219, Train ELBO: -82820.902, Val ELBO: -86650.467, Train MSE: 4.605, Val MSE: 5.143
Current LR: [0.0011736437868941616]
Epoch: 220, Train ELBO: -80734.342, Val ELBO: -92420.038, Train MSE: 4.537, Val MSE: 5.610
Current LR: [0.0011659374221979408]
Epoch: 221, Train ELBO: -87125.832, Val ELBO: -94424.545, Train MSE: 4.787, Val MSE: 5.755
Current LR: [0.001158281658934194]
Epoch: 222, Train ELBO: -86348.447, Val ELBO: -78907.276, Train MSE: 4.795, Val MSE: 4.499
Current LR: [0.0011506761648444482]
Epoch: 223, Train ELBO: -84485.517, Val ELBO: -81635.990, Train MSE: 4.713, Val MSE: 4.717
Current LR: [0.0011431206098519013]
Epoch: 224, Train ELBO: -84063.233, Val ELBO: -85373.390, Train MSE: 4.708, Val MSE: 5.010
Current LR: [0.001135614666047097]
Epoch: 225, Train ELBO: -82792.545, Val ELBO: -85133.797, Train MSE: 4.683, Val MSE: 4.999
Current LR: [0.0011281580076736948]
Epoch: 226, Train ELBO: -82505.607, Val ELBO: -81420.404, Train MSE: 4.643, Val MSE: 4.706
Current LR: [0.0011207503111143303]
Epoch: 227, Train ELBO: -82449.637, Val ELBO: -77765.777, Train MSE: 4.921, Val MSE: 4.405
Current LR: [0.0011133912548765717]
Epoch: 228, Train ELBO: -79852.586, Val ELBO: -89681.506, Train MSE: 4.782, Val MSE: 5.361
Current LR: [0.0011060805195789668]
Epoch: 229, Train ELBO: -80496.257, Val ELBO: -74766.116, Train MSE: 4.702, Val MSE: 4.168
Current LR: [0.0010988177879371816]
Epoch: 230, Train ELBO: -81638.965, Val ELBO: -70147.634, Train MSE: 4.720, Val MSE: 3.796
Current LR: [0.0010916027447502303]
Epoch: 231, Train ELBO: -78848.453, Val ELBO: -66903.907, Train MSE: 4.595, Val MSE: 3.530
Current LR: [0.0010844350768867959]
Epoch: 232, Train ELBO: -78911.523, Val ELBO: -64052.998, Train MSE: 4.417, Val MSE: 3.299
Current LR: [0.00107731447327164]
Epoch: 233, Train ELBO: -76528.035, Val ELBO: -87949.618, Train MSE: 4.200, Val MSE: 5.227
Current LR: [0.0010702406248721025]
Epoch: 234, Train ELBO: -79482.022, Val ELBO: -77357.527, Train MSE: 4.290, Val MSE: 4.369
Current LR: [0.0010632132246846898]
Epoch: 235, Train ELBO: -78014.571, Val ELBO: -71082.745, Train MSE: 4.247, Val MSE: 3.863
Current LR: [0.0010562319677217507]
Epoch: 236, Train ELBO: -77591.545, Val ELBO: -82510.895, Train MSE: 4.498, Val MSE: 4.777
Current LR: [0.0010492965509982396]
Epoch: 237, Train ELBO: -76517.081, Val ELBO: -74054.163, Train MSE: 4.435, Val MSE: 4.093
Current LR: [0.0010424066735185676]
Epoch: 238, Train ELBO: -76114.127, Val ELBO: -76427.925, Train MSE: 4.580, Val MSE: 4.294
Current LR: [0.0010355620362635391]
Epoch: 239, Train ELBO: -76032.887, Val ELBO: -71250.946, Train MSE: 4.395, Val MSE: 3.868
Current LR: [0.0010287623421773747]
Epoch: 240, Train ELBO: -77181.294, Val ELBO: -70481.337, Train MSE: 4.358, Val MSE: 3.822
Current LR: [0.0010220072961548185]
Epoch: 241, Train ELBO: -74338.058, Val ELBO: -78815.464, Train MSE: 4.572, Val MSE: 4.506
Current LR: [0.0010152966050283312]
Epoch: 242, Train ELBO: -75902.661, Val ELBO: -76955.467, Train MSE: 4.494, Val MSE: 4.337
Current LR: [0.0010086299775553663]
Epoch: 243, Train ELBO: -71822.460, Val ELBO: -71225.602, Train MSE: 4.252, Val MSE: 3.873
Current LR: [0.0010020071244057304]
Epoch: 244, Train ELBO: -70738.531, Val ELBO: -70608.794, Train MSE: 4.398, Val MSE: 3.819
Current LR: [0.000995427758149026]
Epoch: 245, Train ELBO: -67683.427, Val ELBO: -67406.580, Train MSE: 4.149, Val MSE: 3.563
Current LR: [0.000988891593242178]
Epoch: 246, Train ELBO: -68892.777, Val ELBO: -67513.196, Train MSE: 4.228, Val MSE: 3.573
Current LR: [0.0009823983460170399]
Epoch: 247, Train ELBO: -67594.112, Val ELBO: -68522.337, Train MSE: 4.164, Val MSE: 3.664
Current LR: [0.0009759477346680837]
Epoch: 248, Train ELBO: -70252.988, Val ELBO: -71237.244, Train MSE: 4.133, Val MSE: 3.898
Current LR: [0.000969539479240169]
Epoch: 249, Train ELBO: -71312.230, Val ELBO: -70990.695, Train MSE: 4.011, Val MSE: 3.863
Current LR: [0.0009631733016163935]
Epoch: 250, Train ELBO: -68873.478, Val ELBO: -73452.222, Train MSE: 3.962, Val MSE: 4.051
Current LR: [0.0009568489255060223]
Epoch: 251, Train ELBO: -71443.492, Val ELBO: -65045.716, Train MSE: 3.861, Val MSE: 3.381
Current LR: [0.0009505660764324973]
Epoch: 252, Train ELBO: -69467.161, Val ELBO: -71039.810, Train MSE: 3.994, Val MSE: 3.864
Current LR: [0.0009443244817215246]
Epoch: 253, Train ELBO: -72723.850, Val ELBO: -89415.398, Train MSE: 4.178, Val MSE: 5.321
Current LR: [0.000938123870489241]
Epoch: 254, Train ELBO: -75621.074, Val ELBO: -86125.776, Train MSE: 4.325, Val MSE: 5.079
Current LR: [0.0009319639736304574]
Epoch: 255, Train ELBO: -74874.635, Val ELBO: -75219.581, Train MSE: 4.270, Val MSE: 4.205
Current LR: [0.0009258445238069794]
Epoch: 256, Train ELBO: -73163.498, Val ELBO: -72393.643, Train MSE: 4.355, Val MSE: 3.963
Current LR: [0.0009197652554360058]
Epoch: 257, Train ELBO: -74236.982, Val ELBO: -69691.255, Train MSE: 4.291, Val MSE: 3.749
Current LR: [0.0009137259046786011]
Epoch: 258, Train ELBO: -74535.984, Val ELBO: -64819.119, Train MSE: 4.222, Val MSE: 3.361
Current LR: [0.0009077262094282461]
Epoch: 259, Train ELBO: -76625.888, Val ELBO: -66542.072, Train MSE: 4.114, Val MSE: 3.502
Current LR: [0.0009017659092994618]
Epoch: 260, Train ELBO: -75326.770, Val ELBO: -72706.366, Train MSE: 4.006, Val MSE: 4.004
Current LR: [0.0008958447456165091]
Epoch: 261, Train ELBO: -75688.664, Val ELBO: -68628.221, Train MSE: 4.019, Val MSE: 3.679
Current LR: [0.0008899624614021621]
Epoch: 262, Train ELBO: -75412.222, Val ELBO: -64093.597, Train MSE: 4.151, Val MSE: 3.335
Current LR: [0.0008841188013665555]
Epoch: 263, Train ELBO: -72959.830, Val ELBO: -62432.691, Train MSE: 3.930, Val MSE: 3.195
Current LR: [0.0008783135118961051]
Epoch: 264, Train ELBO: -70929.061, Val ELBO: -63931.107, Train MSE: 3.776, Val MSE: 3.299
Current LR: [0.0008725463410425007]
Epoch: 265, Train ELBO: -74016.097, Val ELBO: -59259.427, Train MSE: 3.682, Val MSE: 2.921
Current LR: [0.0008668170385117722]
Epoch: 266, Train ELBO: -74416.259, Val ELBO: -61119.459, Train MSE: 3.803, Val MSE: 3.064
Current LR: [0.0008611253556534262]
Epoch: 267, Train ELBO: -71990.363, Val ELBO: -57906.736, Train MSE: 3.704, Val MSE: 2.810
Current LR: [0.0008554710454496552]
Epoch: 268, Train ELBO: -71706.781, Val ELBO: -60560.181, Train MSE: 3.824, Val MSE: 3.027
Current LR: [0.0008498538625046167]
Epoch: 269, Train ELBO: -70247.037, Val ELBO: -58725.290, Train MSE: 3.714, Val MSE: 2.875
Current LR: [0.0008442735630337832]
Epoch: 270, Train ELBO: -72277.128, Val ELBO: -66676.949, Train MSE: 3.825, Val MSE: 3.508
Current LR: [0.0008387299048533622]
Epoch: 271, Train ELBO: -75542.918, Val ELBO: -66141.116, Train MSE: 3.870, Val MSE: 3.461
Current LR: [0.0008332226473697852]
Epoch: 272, Train ELBO: -72798.267, Val ELBO: -70429.332, Train MSE: 3.760, Val MSE: 3.809
Current LR: [0.0008277515515692659]
Epoch: 273, Train ELBO: -72101.188, Val ELBO: -64681.644, Train MSE: 3.805, Val MSE: 3.338
Current LR: [0.0008223163800074276]
Epoch: 274, Train ELBO: -71829.288, Val ELBO: -67871.517, Train MSE: 3.670, Val MSE: 3.598
Current LR: [0.0008169168967989975]
Epoch: 275, Train ELBO: -70594.565, Val ELBO: -60699.390, Train MSE: 3.579, Val MSE: 3.018
Current LR: [0.0008115528676075698]
Epoch: 276, Train ELBO: -70690.767, Val ELBO: -57624.026, Train MSE: 3.541, Val MSE: 2.773
Current LR: [0.0008062240596354353]
Epoch: 277, Train ELBO: -71496.431, Val ELBO: -68718.198, Train MSE: 3.463, Val MSE: 3.669
Current LR: [0.0008009302416134782]
Epoch: 278, Train ELBO: -69586.304, Val ELBO: -63063.114, Train MSE: 3.422, Val MSE: 3.215
Current LR: [0.0007956711837911388]
Epoch: 279, Train ELBO: -69583.939, Val ELBO: -68896.449, Train MSE: 3.528, Val MSE: 3.701
Current LR: [0.0007904466579264429]
Epoch: 280, Train ELBO: -71706.520, Val ELBO: -77368.524, Train MSE: 3.614, Val MSE: 4.375
Current LR: [0.0007852564372760955]
Epoch: 281, Train ELBO: -71624.871, Val ELBO: -69018.704, Train MSE: 3.784, Val MSE: 3.696
Current LR: [0.0007801002965856405]
Epoch: 282, Train ELBO: -71134.456, Val ELBO: -67626.727, Train MSE: 3.666, Val MSE: 3.583
Current LR: [0.000774978012079685]
Epoch: 283, Train ELBO: -70272.548, Val ELBO: -62089.005, Train MSE: 3.624, Val MSE: 3.145
Current LR: [0.0007698893614521868]
Epoch: 284, Train ELBO: -67487.865, Val ELBO: -58277.304, Train MSE: 3.345, Val MSE: 2.835
Current LR: [0.0007648341238568071]
Epoch: 285, Train ELBO: -65821.422, Val ELBO: -64608.187, Train MSE: 3.357, Val MSE: 3.350
Current LR: [0.0007598120798973254]
Epoch: 286, Train ELBO: -65758.900, Val ELBO: -69338.187, Train MSE: 3.399, Val MSE: 3.724
Current LR: [0.0007548230116181178]
Epoch: 287, Train ELBO: -67734.772, Val ELBO: -63107.705, Train MSE: 3.585, Val MSE: 3.226
Current LR: [0.0007498667024946976]
Epoch: 288, Train ELBO: -69283.358, Val ELBO: -58423.068, Train MSE: 3.513, Val MSE: 2.852
Current LR: [0.0007449429374243187]
Epoch: 289, Train ELBO: -69707.508, Val ELBO: -56795.094, Train MSE: 3.587, Val MSE: 2.721
Current LR: [0.0007400515027166398]
Epoch: 290, Train ELBO: -67876.282, Val ELBO: -55942.878, Train MSE: 3.395, Val MSE: 2.651
Current LR: [0.0007351921860844503]
Epoch: 291, Train ELBO: -68914.831, Val ELBO: -53383.733, Train MSE: 3.505, Val MSE: 2.445
Current LR: [0.0007303647766344572]
Epoch: 292, Train ELBO: -66653.408, Val ELBO: -54196.915, Train MSE: 3.580, Val MSE: 2.513
Current LR: [0.0007255690648581322]
Epoch: 293, Train ELBO: -66846.777, Val ELBO: -67404.140, Train MSE: 3.615, Val MSE: 3.563
Current LR: [0.0007208048426226194]
Epoch: 294, Train ELBO: -68450.186, Val ELBO: -57573.610, Train MSE: 3.577, Val MSE: 2.775
Current LR: [0.000716071903161702]
Epoch: 295, Train ELBO: -67291.561, Val ELBO: -64865.918, Train MSE: 3.551, Val MSE: 3.381
Current LR: [0.0007113700410668289]
Epoch: 296, Train ELBO: -67882.834, Val ELBO: -64101.131, Train MSE: 3.844, Val MSE: 3.311
Current LR: [0.0007066990522782]
Epoch: 297, Train ELBO: -69011.622, Val ELBO: -76123.763, Train MSE: 3.897, Val MSE: 4.277
Current LR: [0.0007020587340759101]
Epoch: 298, Train ELBO: -69386.435, Val ELBO: -67651.302, Train MSE: 4.040, Val MSE: 3.600
Current LR: [0.0006974488850711507]
Epoch: 299, Train ELBO: -68972.434, Val ELBO: -65072.307, Train MSE: 4.034, Val MSE: 3.384
Current LR: [0.0006928693051974701]
Epoch: 300, Train ELBO: -68186.541, Val ELBO: -59477.062, Train MSE: 4.048, Val MSE: 2.944
Current LR: [0.00068831979570209]
Epoch: 301, Train ELBO: -68121.238, Val ELBO: -61173.709, Train MSE: 3.970, Val MSE: 3.072
Current LR: [0.0006838001591372803]
Epoch: 302, Train ELBO: -67582.528, Val ELBO: -60781.940, Train MSE: 4.116, Val MSE: 3.045
Current LR: [0.0006793101993517897]
Epoch: 303, Train ELBO: -66236.040, Val ELBO: -58670.666, Train MSE: 3.873, Val MSE: 2.875
Current LR: [0.0006748497214823325]
Epoch: 304, Train ELBO: -67370.629, Val ELBO: -56597.287, Train MSE: 3.905, Val MSE: 2.716
Current LR: [0.0006704185319451319]
Epoch: 305, Train ELBO: -67738.396, Val ELBO: -58000.002, Train MSE: 3.679, Val MSE: 2.836
Current LR: [0.0006660164384275184]
Epoch: 306, Train ELBO: -69922.033, Val ELBO: -99459.426, Train MSE: 3.712, Val MSE: 6.156
Current LR: [0.0006616432498795834]
Epoch: 307, Train ELBO: -67100.478, Val ELBO: -80680.021, Train MSE: 3.790, Val MSE: 4.630
Current LR: [0.000657298776505888]
Epoch: 308, Train ELBO: -69952.449, Val ELBO: -64890.126, Train MSE: 3.679, Val MSE: 3.369
Current LR: [0.0006529828297572253]
Epoch: 309, Train ELBO: -69641.321, Val ELBO: -79476.876, Train MSE: 3.676, Val MSE: 4.559
Current LR: [0.0006486952223224378]
Epoch: 310, Train ELBO: -71069.305, Val ELBO: -71927.103, Train MSE: 3.920, Val MSE: 3.950
Current LR: [0.0006444357681202886]
Epoch: 311, Train ELBO: -70954.052, Val ELBO: -60705.535, Train MSE: 3.693, Val MSE: 3.051
Current LR: [0.0006402042822913844]
Epoch: 312, Train ELBO: -68863.336, Val ELBO: -60092.514, Train MSE: 3.483, Val MSE: 2.987
Current LR: [0.0006360005811901536]
Epoch: 313, Train ELBO: -69368.315, Val ELBO: -54400.710, Train MSE: 3.612, Val MSE: 2.538
Current LR: [0.0006318244823768757]
Epoch: 314, Train ELBO: -67008.081, Val ELBO: -59383.772, Train MSE: 3.543, Val MSE: 2.929
Current LR: [0.0006276758046097635]
Epoch: 315, Train ELBO: -69387.777, Val ELBO: -54887.174, Train MSE: 3.640, Val MSE: 2.573
Current LR: [0.0006235543678370975]
Epoch: 316, Train ELBO: -68039.198, Val ELBO: -63116.731, Train MSE: 3.702, Val MSE: 3.239
Current LR: [0.0006194599931894111]
Epoch: 317, Train ELBO: -68099.372, Val ELBO: -56792.649, Train MSE: 3.578, Val MSE: 2.741
Current LR: [0.0006153925029717284]
Epoch: 318, Train ELBO: -66927.859, Val ELBO: -57482.444, Train MSE: 3.552, Val MSE: 2.782
Current LR: [0.0006113517206558518]
Epoch: 319, Train ELBO: -67356.589, Val ELBO: -57618.584, Train MSE: 3.631, Val MSE: 2.797
Current LR: [0.0006073374708727011]
Epoch: 320, Train ELBO: -66759.388, Val ELBO: -59130.909, Train MSE: 3.540, Val MSE: 2.913
Current LR: [0.0006033495794047019]
Epoch: 321, Train ELBO: -65732.708, Val ELBO: -54951.113, Train MSE: 3.473, Val MSE: 2.586
Current LR: [0.0005993878731782254]
Epoch: 322, Train ELBO: -63802.570, Val ELBO: -54842.737, Train MSE: 3.321, Val MSE: 2.567
Current LR: [0.0005954521802560763]
Epoch: 323, Train ELBO: -65433.303, Val ELBO: -55434.993, Train MSE: 3.720, Val MSE: 2.610
Current LR: [0.0005915423298300314]
Epoch: 324, Train ELBO: -65281.192, Val ELBO: -68287.064, Train MSE: 3.760, Val MSE: 3.652
Current LR: [0.0005876581522134259]
Epoch: 325, Train ELBO: -64715.861, Val ELBO: -59841.921, Train MSE: 3.641, Val MSE: 2.971
Current LR: [0.0005837994788337898]
Epoch: 326, Train ELBO: -63136.205, Val ELBO: -57353.359, Train MSE: 3.614, Val MSE: 2.761
Current LR: [0.0005799661422255311]
Epoch: 327, Train ELBO: -62598.106, Val ELBO: -55520.947, Train MSE: 3.612, Val MSE: 2.610
Current LR: [0.0005761579760226683]
Epoch: 328, Train ELBO: -64065.957, Val ELBO: -55908.692, Train MSE: 3.795, Val MSE: 2.643
Current LR: [0.0005723748149516103]
Epoch: 329, Train ELBO: -63746.310, Val ELBO: -54645.328, Train MSE: 3.705, Val MSE: 2.544
Current LR: [0.000568616494823983]
Epoch: 330, Train ELBO: -62321.686, Val ELBO: -57805.894, Train MSE: 3.664, Val MSE: 2.792
Current LR: [0.0005648828525295041]
Epoch: 331, Train ELBO: -62463.892, Val ELBO: -56587.023, Train MSE: 3.499, Val MSE: 2.698
Current LR: [0.0005611737260289039]
Epoch: 332, Train ELBO: -65444.866, Val ELBO: -60289.869, Train MSE: 3.573, Val MSE: 3.004
Current LR: [0.0005574889543468928]
Epoch: 333, Train ELBO: -66019.930, Val ELBO: -61884.166, Train MSE: 3.588, Val MSE: 3.133
Current LR: [0.0005538283775651752]
Epoch: 334, Train ELBO: -66625.524, Val ELBO: -59557.106, Train MSE: 3.696, Val MSE: 2.944
Current LR: [0.0005501918368155087]
Epoch: 335, Train ELBO: -66146.749, Val ELBO: -61880.231, Train MSE: 3.681, Val MSE: 3.130
Current LR: [0.0005465791742728098]
Epoch: 336, Train ELBO: -68765.127, Val ELBO: -56601.860, Train MSE: 3.629, Val MSE: 2.707
Current LR: [0.0005429902331483038]
Epoch: 337, Train ELBO: -67676.005, Val ELBO: -57622.552, Train MSE: 3.462, Val MSE: 2.782
Current LR: [0.0005394248576827204]
Epoch: 338, Train ELBO: -66906.114, Val ELBO: -56581.990, Train MSE: 3.573, Val MSE: 2.701
Current LR: [0.000535882893139534]
Epoch: 339, Train ELBO: -66756.371, Val ELBO: -60170.259, Train MSE: 3.694, Val MSE: 2.991
Current LR: [0.000532364185798248]
Epoch: 340, Train ELBO: -65900.835, Val ELBO: -56088.456, Train MSE: 3.505, Val MSE: 2.667
Current LR: [0.0005288685829477232]
Epoch: 341, Train ELBO: -65226.409, Val ELBO: -57761.005, Train MSE: 3.592, Val MSE: 2.795
Current LR: [0.0005253959328795504]
Epoch: 342, Train ELBO: -63995.112, Val ELBO: -60295.820, Train MSE: 3.600, Val MSE: 2.999
Current LR: [0.000521946084881466]
Epoch: 343, Train ELBO: -66134.148, Val ELBO: -58030.804, Train MSE: 3.586, Val MSE: 2.823
Current LR: [0.0005185188892308116]
Epoch: 344, Train ELBO: -65182.971, Val ELBO: -54324.447, Train MSE: 3.610, Val MSE: 2.530
Current LR: [0.0005151141971880358]
Epoch: 345, Train ELBO: -64013.507, Val ELBO: -65182.155, Train MSE: 3.564, Val MSE: 3.401
Current LR: [0.0005117318609902385]
Epoch: 346, Train ELBO: -63809.148, Val ELBO: -69384.688, Train MSE: 3.618, Val MSE: 3.734
Current LR: [0.0005083717338447589]
Epoch: 347, Train ELBO: -64835.953, Val ELBO: -62490.398, Train MSE: 3.659, Val MSE: 3.187
Current LR: [0.0005050336699228041]
Epoch: 348, Train ELBO: -64509.684, Val ELBO: -56777.137, Train MSE: 3.389, Val MSE: 2.730
Current LR: [0.0005017175243531203]
Epoch: 349, Train ELBO: -63536.449, Val ELBO: -59133.792, Train MSE: 3.474, Val MSE: 2.909
Current LR: [0.0004984231532157056]
Epoch: 350, Train ELBO: -62281.817, Val ELBO: -55069.471, Train MSE: 3.419, Val MSE: 2.584
Current LR: [0.0004951504135355637]
Epoch: 351, Train ELBO: -63004.736, Val ELBO: -51725.988, Train MSE: 3.454, Val MSE: 2.321
Current LR: [0.0004918991632764988]
Epoch: 352, Train ELBO: -61202.828, Val ELBO: -51445.741, Train MSE: 3.288, Val MSE: 2.289
Current LR: [0.0004886692613349514]
Epoch: 353, Train ELBO: -61134.676, Val ELBO: -51094.062, Train MSE: 3.264, Val MSE: 2.267
Current LR: [0.00048546056753387423]
Epoch: 354, Train ELBO: -62763.682, Val ELBO: -48549.813, Train MSE: 3.096, Val MSE: 2.064
Current LR: [0.000482272942616649]
Epoch: 355, Train ELBO: -61610.064, Val ELBO: -50814.094, Train MSE: 3.275, Val MSE: 2.237
Current LR: [0.00047910624824104234]
Epoch: 356, Train ELBO: -62272.225, Val ELBO: -52092.701, Train MSE: 3.438, Val MSE: 2.353
Current LR: [0.00047596034697320173]
Epoch: 357, Train ELBO: -60583.593, Val ELBO: -58094.690, Train MSE: 3.461, Val MSE: 2.834
Current LR: [0.0004728351022816912]
Epoch: 358, Train ELBO: -62710.387, Val ELBO: -54300.121, Train MSE: 3.456, Val MSE: 2.527
Current LR: [0.00046973037853156565]
Epoch: 359, Train ELBO: -61742.858, Val ELBO: -50914.294, Train MSE: 3.311, Val MSE: 2.250
Current LR: [0.00046664604097848447]
Epoch: 360, Train ELBO: -62620.816, Val ELBO: -50499.950, Train MSE: 3.173, Val MSE: 2.213
Current LR: [0.0004635819557628635]
Epoch: 361, Train ELBO: -60594.182, Val ELBO: -51073.929, Train MSE: 3.172, Val MSE: 2.265
Current LR: [0.00046053798990406574]
Epoch: 362, Train ELBO: -62317.681, Val ELBO: -50207.844, Train MSE: 3.311, Val MSE: 2.193
Current LR: [0.00045751401129462996]
Epoch: 363, Train ELBO: -60870.083, Val ELBO: -54320.539, Train MSE: 3.193, Val MSE: 2.525
Current LR: [0.0004545098886945371]
Epoch: 364, Train ELBO: -58825.574, Val ELBO: -54135.702, Train MSE: 2.986, Val MSE: 2.499
Current LR: [0.0004515254917255148]
Epoch: 365, Train ELBO: -59303.162, Val ELBO: -52537.670, Train MSE: 3.013, Val MSE: 2.367
Current LR: [0.00044856069086537866]
Epoch: 366, Train ELBO: -59510.669, Val ELBO: -50028.400, Train MSE: 3.010, Val MSE: 2.167
Current LR: [0.0004456153574424113]
Epoch: 367, Train ELBO: -60506.419, Val ELBO: -50758.264, Train MSE: 3.004, Val MSE: 2.226
Current LR: [0.00044268936362977784]
Epoch: 368, Train ELBO: -60262.462, Val ELBO: -48250.111, Train MSE: 2.975, Val MSE: 2.031
Current LR: [0.00043978258243997835]
Epoch: 369, Train ELBO: -61039.980, Val ELBO: -47898.796, Train MSE: 3.054, Val MSE: 2.005
Current LR: [0.0004368948877193366]
Epoch: 370, Train ELBO: -60757.255, Val ELBO: -46933.808, Train MSE: 2.976, Val MSE: 1.931
Current LR: [0.0004340261541425249]
Epoch: 371, Train ELBO: -60688.541, Val ELBO: -53661.301, Train MSE: 3.223, Val MSE: 2.470
Current LR: [0.00043117625720712536]
Epoch: 372, Train ELBO: -59879.701, Val ELBO: -51569.486, Train MSE: 3.093, Val MSE: 2.313
Current LR: [0.0004283450732282259]
Epoch: 373, Train ELBO: -61075.263, Val ELBO: -51655.449, Train MSE: 3.018, Val MSE: 2.324
Current LR: [0.000425532479333053]
Epoch: 374, Train ELBO: -59696.280, Val ELBO: -60131.298, Train MSE: 2.916, Val MSE: 3.001
Current LR: [0.00042273835345563865]
Epoch: 375, Train ELBO: -60081.591, Val ELBO: -56791.881, Train MSE: 3.178, Val MSE: 2.716
Current LR: [0.00041996257433152284]
Epoch: 376, Train ELBO: -61062.246, Val ELBO: -55910.179, Train MSE: 3.134, Val MSE: 2.661
Current LR: [0.0004172050214924907]
Epoch: 377, Train ELBO: -60800.271, Val ELBO: -56555.997, Train MSE: 3.259, Val MSE: 2.707
Current LR: [0.00041446557526134413]
Epoch: 378, Train ELBO: -61200.893, Val ELBO: -80948.658, Train MSE: 3.248, Val MSE: 4.672
Current LR: [0.000411744116746708]
Epoch: 379, Train ELBO: -62965.522, Val ELBO: -68836.749, Train MSE: 3.278, Val MSE: 3.695
Current LR: [0.0004090405278378702]
Epoch: 380, Train ELBO: -61098.972, Val ELBO: -59055.435, Train MSE: 3.405, Val MSE: 2.910
Current LR: [0.0004063546911996556]
Epoch: 381, Train ELBO: -62741.476, Val ELBO: -56409.498, Train MSE: 3.471, Val MSE: 2.703
Current LR: [0.0004036864902673338]
Epoch: 382, Train ELBO: -62096.143, Val ELBO: -63994.213, Train MSE: 3.852, Val MSE: 3.320
Current LR: [0.00040103580924156015]
Epoch: 383, Train ELBO: -61109.466, Val ELBO: -58801.780, Train MSE: 3.750, Val MSE: 2.895
Current LR: [0.0003984025330833503]
Epoch: 384, Train ELBO: -61580.219, Val ELBO: -54172.178, Train MSE: 3.650, Val MSE: 2.524
Current LR: [0.00039578654750908735]
Epoch: 385, Train ELBO: -61148.357, Val ELBO: -55261.450, Train MSE: 3.483, Val MSE: 2.608
Current LR: [0.00039318773898556195]
Epoch: 386, Train ELBO: -60259.480, Val ELBO: -55697.077, Train MSE: 3.512, Val MSE: 2.635
Current LR: [0.00039060599472504515]
Epoch: 387, Train ELBO: -58971.929, Val ELBO: -51770.656, Train MSE: 3.368, Val MSE: 2.322
Current LR: [0.00038804120268039324]
Epoch: 388, Train ELBO: -58642.102, Val ELBO: -49851.629, Train MSE: 3.177, Val MSE: 2.164
Current LR: [0.00038549325154018505]
Epoch: 389, Train ELBO: -58379.414, Val ELBO: -50147.578, Train MSE: 3.222, Val MSE: 2.181
Current LR: [0.000382962030723891]
Epoch: 390, Train ELBO: -60446.647, Val ELBO: -48857.542, Train MSE: 3.126, Val MSE: 2.073
Current LR: [0.00038044743037707405]
Epoch: 391, Train ELBO: -59690.296, Val ELBO: -50315.086, Train MSE: 3.132, Val MSE: 2.191
Current LR: [0.00037794934136662186]
Epoch: 392, Train ELBO: -59458.775, Val ELBO: -50378.379, Train MSE: 3.078, Val MSE: 2.199
Current LR: [0.0003754676552760105]
Epoch: 393, Train ELBO: -62577.065, Val ELBO: -65413.598, Train MSE: 3.666, Val MSE: 3.409
Current LR: [0.0003730022644005994]
Epoch: 394, Train ELBO: -60892.052, Val ELBO: -64360.000, Train MSE: 3.661, Val MSE: 3.314
Current LR: [0.00037055306174295653]
Epoch: 395, Train ELBO: -60970.853, Val ELBO: -55838.137, Train MSE: 3.446, Val MSE: 2.646
Current LR: [0.0003681199410082153]
Epoch: 396, Train ELBO: -61840.547, Val ELBO: -51796.491, Train MSE: 3.393, Val MSE: 2.323
Current LR: [0.00036570279659946085]
Epoch: 397, Train ELBO: -60770.276, Val ELBO: -50075.240, Train MSE: 3.351, Val MSE: 2.182
Current LR: [0.00036330152361314764]
Epoch: 398, Train ELBO: -60256.271, Val ELBO: -62593.705, Train MSE: 3.279, Val MSE: 3.183
Current LR: [0.0003609160178345463]
Epoch: 399, Train ELBO: -63943.488, Val ELBO: -62927.939, Train MSE: 3.425, Val MSE: 3.209
Current LR: [0.00035854617573322095]
Epoch: 400, Train ELBO: -62182.133, Val ELBO: -56807.238, Train MSE: 3.280, Val MSE: 2.726
Current LR: [0.00035619189445853584]
Epoch: 401, Train ELBO: -61772.544, Val ELBO: -55147.259, Train MSE: 3.248, Val MSE: 2.583
Current LR: [0.00035385307183519177]
Epoch: 402, Train ELBO: -60737.297, Val ELBO: -52944.401, Train MSE: 3.311, Val MSE: 2.417
Current LR: [0.00035152960635879174]
Epoch: 403, Train ELBO: -58704.478, Val ELBO: -51798.835, Train MSE: 3.262, Val MSE: 2.323
Current LR: [0.0003492213971914355]
Epoch: 404, Train ELBO: -59584.176, Val ELBO: -48573.093, Train MSE: 3.202, Val MSE: 2.072
Current LR: [0.0003469283441573434]
Epoch: 405, Train ELBO: -59148.367, Val ELBO: -48344.435, Train MSE: 3.093, Val MSE: 2.053
Current LR: [0.00034465034773850867]
Epoch: 406, Train ELBO: -58902.899, Val ELBO: -48453.107, Train MSE: 3.159, Val MSE: 2.058
Current LR: [0.00034238730907037843]
Epoch: 407, Train ELBO: -57847.249, Val ELBO: -50889.119, Train MSE: 2.936, Val MSE: 2.261
Current LR: [0.0003401391299375629]
Epoch: 408, Train ELBO: -59880.752, Val ELBO: -52681.942, Train MSE: 3.006, Val MSE: 2.386
Current LR: [0.000337905712769573]
Epoch: 409, Train ELBO: -60840.760, Val ELBO: -52684.581, Train MSE: 3.020, Val MSE: 2.394
Current LR: [0.00033568696063658566]
Epoch: 410, Train ELBO: -60689.852, Val ELBO: -49821.765, Train MSE: 2.976, Val MSE: 2.163
Current LR: [0.00033348277724523716]
Epoch: 411, Train ELBO: -59552.812, Val ELBO: -51850.282, Train MSE: 2.977, Val MSE: 2.331
Current LR: [0.00033129306693444407]
Epoch: 412, Train ELBO: -59610.599, Val ELBO: -51927.682, Train MSE: 3.243, Val MSE: 2.329
Current LR: [0.00032911773467125154]
Epoch: 413, Train ELBO: -59695.906, Val ELBO: -50656.161, Train MSE: 3.127, Val MSE: 2.230
Current LR: [0.00032695668604670885]
Epoch: 414, Train ELBO: -60248.517, Val ELBO: -49284.711, Train MSE: 2.989, Val MSE: 2.122
Current LR: [0.00032480982727177215]
Epoch: 415, Train ELBO: -61379.500, Val ELBO: -55291.497, Train MSE: 3.078, Val MSE: 2.594
Current LR: [0.0003226770651732339]
Epoch: 416, Train ELBO: -60206.855, Val ELBO: -56113.871, Train MSE: 2.941, Val MSE: 2.663
Current LR: [0.0003205583071896794]
Epoch: 417, Train ELBO: -60728.851, Val ELBO: -53039.060, Train MSE: 3.052, Val MSE: 2.413
Current LR: [0.0003184534613674694]
Epoch: 418, Train ELBO: -60432.617, Val ELBO: -50176.068, Train MSE: 2.988, Val MSE: 2.195
Current LR: [0.0003163624363567496]
Epoch: 419, Train ELBO: -59811.519, Val ELBO: -50349.498, Train MSE: 2.891, Val MSE: 2.207
Current LR: [0.00031428514140748585]
Epoch: 420, Train ELBO: -59332.722, Val ELBO: -53048.492, Train MSE: 2.943, Val MSE: 2.423
Current LR: [0.00031222148636552566]
Epoch: 421, Train ELBO: -59435.085, Val ELBO: -51735.464, Train MSE: 3.066, Val MSE: 2.314
Current LR: [0.0003101713816686856]
Epoch: 422, Train ELBO: -58522.788, Val ELBO: -51569.261, Train MSE: 3.054, Val MSE: 2.297
Current LR: [0.0003081347383428644]
Epoch: 423, Train ELBO: -59418.694, Val ELBO: -48844.156, Train MSE: 2.986, Val MSE: 2.089
Current LR: [0.00030611146799818114]
Epoch: 424, Train ELBO: -60114.309, Val ELBO: -48992.629, Train MSE: 2.925, Val MSE: 2.100
Current LR: [0.00030410148282513966]
Epoch: 425, Train ELBO: -60794.658, Val ELBO: -47500.573, Train MSE: 2.993, Val MSE: 1.989
Current LR: [0.0003021046955908173]
Epoch: 426, Train ELBO: -59897.164, Val ELBO: -45798.303, Train MSE: 2.861, Val MSE: 1.844
Current LR: [0.00030012101963507897]
Epoch: 427, Train ELBO: -58248.997, Val ELBO: -47074.793, Train MSE: 2.852, Val MSE: 1.944
Current LR: [0.0002981503688668164]
Epoch: 428, Train ELBO: -58967.348, Val ELBO: -51846.299, Train MSE: 2.951, Val MSE: 2.328
Current LR: [0.00029619265776021156]
Epoch: 429, Train ELBO: -59893.502, Val ELBO: -50372.445, Train MSE: 2.954, Val MSE: 2.209
Current LR: [0.000294247801351025]
Epoch: 430, Train ELBO: -62016.103, Val ELBO: -48117.288, Train MSE: 3.279, Val MSE: 2.030
Current LR: [0.0002923157152329083]
Epoch: 431, Train ELBO: -63335.929, Val ELBO: -51890.319, Train MSE: 3.168, Val MSE: 2.323
Current LR: [0.00029039631555374096]
Epoch: 432, Train ELBO: -64242.908, Val ELBO: -50667.998, Train MSE: 3.401, Val MSE: 2.225
Current LR: [0.00028848951901199116]
Epoch: 433, Train ELBO: -62784.342, Val ELBO: -49521.391, Train MSE: 3.306, Val MSE: 2.134
Current LR: [0.00028659524285310053]
Epoch: 434, Train ELBO: -60818.051, Val ELBO: -48721.555, Train MSE: 3.073, Val MSE: 2.062
Current LR: [0.0002847134048658926]
Epoch: 435, Train ELBO: -59611.877, Val ELBO: -49655.342, Train MSE: 3.118, Val MSE: 2.138
Current LR: [0.000282843923379005]
Epoch: 436, Train ELBO: -58850.116, Val ELBO: -55569.962, Train MSE: 3.371, Val MSE: 2.618
Current LR: [0.0002809867172573446]
Epoch: 437, Train ELBO: -60003.747, Val ELBO: -59846.809, Train MSE: 3.363, Val MSE: 2.970
Current LR: [0.0002791417058985666]
Epoch: 438, Train ELBO: -58925.566, Val ELBO: -61190.187, Train MSE: 3.323, Val MSE: 3.076
Current LR: [0.00027730880922957623]
Epoch: 439, Train ELBO: -59590.983, Val ELBO: -59112.968, Train MSE: 3.440, Val MSE: 2.906
Current LR: [0.00027548794770305366]
Epoch: 440, Train ELBO: -59732.293, Val ELBO: -52862.135, Train MSE: 3.307, Val MSE: 2.406
Current LR: [0.00027367904229400167]
Epoch: 441, Train ELBO: -58134.717, Val ELBO: -51540.406, Train MSE: 3.254, Val MSE: 2.292
Current LR: [0.0002718820144963159]
Epoch: 442, Train ELBO: -57449.651, Val ELBO: -51827.710, Train MSE: 3.121, Val MSE: 2.308
Current LR: [0.0002700967863193778]
Epoch: 443, Train ELBO: -58055.788, Val ELBO: -49726.024, Train MSE: 3.117, Val MSE: 2.151
Current LR: [0.0002683232802846698]
Epoch: 444, Train ELBO: -58570.253, Val ELBO: -48111.458, Train MSE: 3.377, Val MSE: 2.020
Current LR: [0.00026656141942241283]
Epoch: 445, Train ELBO: -59118.207, Val ELBO: -48871.873, Train MSE: 3.317, Val MSE: 2.084
Current LR: [0.00026481112726822563]
Epoch: 446, Train ELBO: -58761.187, Val ELBO: -49588.171, Train MSE: 3.173, Val MSE: 2.148
Current LR: [0.00026307232785980657]
Epoch: 447, Train ELBO: -57772.802, Val ELBO: -48236.737, Train MSE: 3.195, Val MSE: 2.040
Current LR: [0.0002613449457336366]
Epoch: 448, Train ELBO: -58987.240, Val ELBO: -47694.124, Train MSE: 3.077, Val MSE: 1.991
Current LR: [0.0002596289059217042]
Epoch: 449, Train ELBO: -58001.054, Val ELBO: -47359.834, Train MSE: 3.076, Val MSE: 1.962
Current LR: [0.00025792413394825205]
Epoch: 450, Train ELBO: -59440.509, Val ELBO: -45929.376, Train MSE: 3.032, Val MSE: 1.849
Current LR: [0.00025623055582654433]
Epoch: 451, Train ELBO: -58677.344, Val ELBO: -46754.808, Train MSE: 3.047, Val MSE: 1.922
Current LR: [0.00025454809805565615]
Epoch: 452, Train ELBO: -57046.677, Val ELBO: -46860.811, Train MSE: 2.967, Val MSE: 1.921
Current LR: [0.0002528766876172834]
Epoch: 453, Train ELBO: -57598.474, Val ELBO: -47848.089, Train MSE: 2.899, Val MSE: 2.000
Current LR: [0.00025121625197257373]
Epoch: 454, Train ELBO: -57305.837, Val ELBO: -50361.494, Train MSE: 2.810, Val MSE: 2.206
Current LR: [0.0002495667190589786]
Epoch: 455, Train ELBO: -56545.719, Val ELBO: -50935.437, Train MSE: 2.787, Val MSE: 2.250
Current LR: [0.0002479280172871256]
Epoch: 456, Train ELBO: -56553.410, Val ELBO: -48546.822, Train MSE: 2.837, Val MSE: 2.053
Current LR: [0.0002463000755377114]
Epoch: 457, Train ELBO: -56030.905, Val ELBO: -47750.200, Train MSE: 2.812, Val MSE: 1.984
Current LR: [0.0002446828231584156]
Epoch: 458, Train ELBO: -56121.978, Val ELBO: -45651.622, Train MSE: 2.756, Val MSE: 1.819
Current LR: [0.0002430761899608339]
Epoch: 459, Train ELBO: -57139.983, Val ELBO: -46490.398, Train MSE: 2.708, Val MSE: 1.890
Current LR: [0.00024148010621743234]
Epoch: 460, Train ELBO: -57197.473, Val ELBO: -47832.258, Train MSE: 2.825, Val MSE: 1.988
Current LR: [0.00023989450265852092]
Epoch: 461, Train ELBO: -57603.352, Val ELBO: -49032.284, Train MSE: 3.013, Val MSE: 2.088
Current LR: [0.0002383193104692474]
Epoch: 462, Train ELBO: -59110.162, Val ELBO: -47132.528, Train MSE: 2.921, Val MSE: 1.943
Current LR: [0.00023675446128661076]
Epoch: 463, Train ELBO: -57059.929, Val ELBO: -48703.306, Train MSE: 2.833, Val MSE: 2.073
Current LR: [0.00023519988719649423]
Epoch: 464, Train ELBO: -56876.169, Val ELBO: -47050.805, Train MSE: 2.808, Val MSE: 1.939
Current LR: [0.0002336555207307178]
Epoch: 465, Train ELBO: -56613.533, Val ELBO: -47147.745, Train MSE: 2.743, Val MSE: 1.947
Current LR: [0.00023212129486411024]
Epoch: 466, Train ELBO: -56856.975, Val ELBO: -52096.170, Train MSE: 2.639, Val MSE: 2.338
Current LR: [0.00023059714301160004]
Epoch: 467, Train ELBO: -57529.391, Val ELBO: -48787.447, Train MSE: 2.768, Val MSE: 2.070
Current LR: [0.00022908299902532576]
Epoch: 468, Train ELBO: -56856.721, Val ELBO: -50255.016, Train MSE: 2.690, Val MSE: 2.186
Current LR: [0.0002275787971917652]
Epoch: 469, Train ELBO: -57126.507, Val ELBO: -47785.892, Train MSE: 2.717, Val MSE: 1.992
Current LR: [0.00022608447222888345]
Epoch: 470, Train ELBO: -57546.907, Val ELBO: -46790.703, Train MSE: 2.941, Val MSE: 1.912
Current LR: [0.00022459995928329965]
Epoch: 471, Train ELBO: -57786.552, Val ELBO: -45888.191, Train MSE: 2.995, Val MSE: 1.844
Current LR: [0.00022312519392747238]
Epoch: 472, Train ELBO: -58100.178, Val ELBO: -46394.170, Train MSE: 2.879, Val MSE: 1.880
Current LR: [0.00022166011215690346]
Epoch: 473, Train ELBO: -57342.178, Val ELBO: -47246.603, Train MSE: 2.777, Val MSE: 1.941
Current LR: [0.0002202046503873603]
Epoch: 474, Train ELBO: -56947.839, Val ELBO: -50321.201, Train MSE: 3.050, Val MSE: 2.191
Current LR: [0.00021875874545211624]
Epoch: 475, Train ELBO: -56679.880, Val ELBO: -48825.227, Train MSE: 2.920, Val MSE: 2.075
Current LR: [0.00021732233459920914]
Epoch: 476, Train ELBO: -57534.578, Val ELBO: -46030.615, Train MSE: 2.764, Val MSE: 1.856
Current LR: [0.00021589535548871804]
Epoch: 477, Train ELBO: -57881.432, Val ELBO: -48346.988, Train MSE: 2.667, Val MSE: 2.035
Current LR: [0.00021447774619005752]
Epoch: 478, Train ELBO: -56106.097, Val ELBO: -45273.551, Train MSE: 2.578, Val MSE: 1.791
Current LR: [0.00021306944517929]
Epoch: 479, Train ELBO: -55216.537, Val ELBO: -46193.451, Train MSE: 2.542, Val MSE: 1.868
Current LR: [0.00021167039133645558]
Epoch: 480, Train ELBO: -56613.549, Val ELBO: -46788.115, Train MSE: 2.655, Val MSE: 1.911
Current LR: [0.0002102805239429194]
Epoch: 481, Train ELBO: -55206.979, Val ELBO: -46685.452, Train MSE: 2.503, Val MSE: 1.906
Current LR: [0.00020889978267873662]
Epoch: 482, Train ELBO: -54049.139, Val ELBO: -46530.018, Train MSE: 2.598, Val MSE: 1.891
Current LR: [0.00020752810762003434]
Epoch: 483, Train ELBO: -53821.915, Val ELBO: -49758.901, Train MSE: 2.773, Val MSE: 2.150
Current LR: [0.0002061654392364111]
Epoch: 484, Train ELBO: -53440.697, Val ELBO: -47304.278, Train MSE: 2.698, Val MSE: 1.955
Current LR: [0.00020481171838835312]
Epoch: 485, Train ELBO: -55444.286, Val ELBO: -45335.325, Train MSE: 2.741, Val MSE: 1.795
Current LR: [0.0002034668863246678]
Epoch: 486, Train ELBO: -56687.897, Val ELBO: -45527.379, Train MSE: 3.122, Val MSE: 1.806
Current LR: [0.00020213088467993385]
Epoch: 487, Train ELBO: -55419.869, Val ELBO: -47437.085, Train MSE: 3.127, Val MSE: 1.959
Current LR: [0.00020080365547196823]
Epoch: 488, Train ELBO: -56402.972, Val ELBO: -48099.123, Train MSE: 3.310, Val MSE: 2.018
Current LR: [0.00019948514109930976]
Epoch: 489, Train ELBO: -55758.043, Val ELBO: -46737.279, Train MSE: 3.036, Val MSE: 1.905
Current LR: [0.00019817528433871927]
Epoch: 490, Train ELBO: -57168.237, Val ELBO: -47909.758, Train MSE: 3.229, Val MSE: 2.004
Current LR: [0.00019687402834269604]
Epoch: 491, Train ELBO: -57215.106, Val ELBO: -48025.144, Train MSE: 3.150, Val MSE: 2.009
Current LR: [0.00019558131663701073]
Epoch: 492, Train ELBO: -57524.392, Val ELBO: -47792.937, Train MSE: 3.269, Val MSE: 1.989
Current LR: [0.0001942970931182543]
Epoch: 493, Train ELBO: -56818.490, Val ELBO: -48414.873, Train MSE: 3.105, Val MSE: 2.032
Current LR: [0.00019302130205140324]
Epoch: 494, Train ELBO: -56429.751, Val ELBO: -47760.160, Train MSE: 3.084, Val MSE: 1.987
Current LR: [0.00019175388806740056]
Epoch: 495, Train ELBO: -57218.653, Val ELBO: -49589.273, Train MSE: 3.373, Val MSE: 2.127
Current LR: [0.00019049479616075295]
Epoch: 496, Train ELBO: -55980.547, Val ELBO: -48888.663, Train MSE: 3.098, Val MSE: 2.081
Current LR: [0.0001892439716871434]
Epoch: 497, Train ELBO: -56209.501, Val ELBO: -49028.511, Train MSE: 3.115, Val MSE: 2.094
Current LR: [0.0001880013603610597]
Epoch: 498, Train ELBO: -56531.478, Val ELBO: -47206.778, Train MSE: 2.945, Val MSE: 1.948
Current LR: [0.00018676690825343857]
Epoch: 499, Train ELBO: -56727.664, Val ELBO: -44630.625, Train MSE: 2.824, Val MSE: 1.747
Current LR: [0.00018554056178932493]
Epoch: 500, Train ELBO: -57273.331, Val ELBO: -44268.986, Train MSE: 2.924, Val MSE: 1.720
Current LR: [0.00018432226774554693]
Epoch: 501, Train ELBO: -56006.336, Val ELBO: -45737.296, Train MSE: 2.903, Val MSE: 1.832
Current LR: [0.000183111973248406]
Epoch: 502, Train ELBO: -54751.639, Val ELBO: -45987.313, Train MSE: 2.850, Val MSE: 1.849
Current LR: [0.0001819096257713822]
Epoch: 503, Train ELBO: -55235.404, Val ELBO: -46187.887, Train MSE: 2.821, Val MSE: 1.861
Current LR: [0.00018071517313285456]
Epoch: 504, Train ELBO: -56274.166, Val ELBO: -45007.878, Train MSE: 2.707, Val MSE: 1.772
Current LR: [0.00017952856349383634]
Epoch: 505, Train ELBO: -56493.599, Val ELBO: -43920.140, Train MSE: 2.781, Val MSE: 1.683
Current LR: [0.00017834974535572534]
Epoch: 506, Train ELBO: -56313.982, Val ELBO: -44874.138, Train MSE: 3.168, Val MSE: 1.757
Current LR: [0.00017717866755806878]
Epoch: 507, Train ELBO: -56281.732, Val ELBO: -45910.927, Train MSE: 3.284, Val MSE: 1.837
Current LR: [0.00017601527927634298]
Epoch: 508, Train ELBO: -56904.117, Val ELBO: -46285.367, Train MSE: 3.345, Val MSE: 1.879
Current LR: [0.00017485953001974766]
Epoch: 509, Train ELBO: -57256.802, Val ELBO: -45178.163, Train MSE: 3.445, Val MSE: 1.790
Current LR: [0.0001737113696290145]
Epoch: 510, Train ELBO: -59180.105, Val ELBO: -43049.874, Train MSE: 3.434, Val MSE: 1.621
Current LR: [0.00017257074827423035]
Epoch: 511, Train ELBO: -57692.999, Val ELBO: -43533.906, Train MSE: 3.355, Val MSE: 1.660
Current LR: [0.00017143761645267464]
Epoch: 512, Train ELBO: -57525.197, Val ELBO: -44328.969, Train MSE: 3.337, Val MSE: 1.718
Current LR: [0.00017031192498667084]
Epoch: 513, Train ELBO: -55103.720, Val ELBO: -44666.830, Train MSE: 3.141, Val MSE: 1.744
Current LR: [0.0001691936250214523]
Epoch: 514, Train ELBO: -54474.582, Val ELBO: -45006.470, Train MSE: 3.018, Val MSE: 1.772
Current LR: [0.00016808266802304192]
Epoch: 515, Train ELBO: -53676.083, Val ELBO: -45165.681, Train MSE: 2.889, Val MSE: 1.785
Current LR: [0.00016697900577614572]
Epoch: 516, Train ELBO: -52844.540, Val ELBO: -45072.822, Train MSE: 2.733, Val MSE: 1.781
Current LR: [0.00016588259038206041]
Epoch: 517, Train ELBO: -54632.377, Val ELBO: -45597.344, Train MSE: 2.824, Val MSE: 1.820
Current LR: [0.00016479337425659454]
Epoch: 518, Train ELBO: -53526.236, Val ELBO: -46035.365, Train MSE: 2.846, Val MSE: 1.851
Current LR: [0.00016371131012800333]
Epoch: 519, Train ELBO: -52941.582, Val ELBO: -45845.603, Train MSE: 2.799, Val MSE: 1.835
Current LR: [0.00016263635103493717]
Epoch: 520, Train ELBO: -52811.613, Val ELBO: -45641.407, Train MSE: 2.999, Val MSE: 1.817
Current LR: [0.0001615684503244034]
Epoch: 521, Train ELBO: -54053.589, Val ELBO: -45615.631, Train MSE: 2.953, Val MSE: 1.816
Current LR: [0.0001605075616497417]
Epoch: 522, Train ELBO: -54000.099, Val ELBO: -47689.296, Train MSE: 2.983, Val MSE: 1.982
Current LR: [0.00015945363896861255]
Epoch: 523, Train ELBO: -55363.320, Val ELBO: -47018.640, Train MSE: 3.031, Val MSE: 1.930
Current LR: [0.00015840663654099907]
Epoch: 524, Train ELBO: -55939.826, Val ELBO: -53011.581, Train MSE: 2.895, Val MSE: 2.419
Current LR: [0.00015736650892722188]
Epoch: 525, Train ELBO: -55576.475, Val ELBO: -48810.705, Train MSE: 2.852, Val MSE: 2.080
Current LR: [0.00015633321098596704]
Epoch: 526, Train ELBO: -56564.958, Val ELBO: -45508.124, Train MSE: 2.760, Val MSE: 1.818
Current LR: [0.00015530669787232692]
Epoch: 527, Train ELBO: -56640.227, Val ELBO: -45305.616, Train MSE: 2.742, Val MSE: 1.798
Current LR: [0.00015428692503585397]
Epoch: 528, Train ELBO: -56540.403, Val ELBO: -46381.939, Train MSE: 2.708, Val MSE: 1.885
Current LR: [0.00015327384821862714]
Epoch: 529, Train ELBO: -56581.654, Val ELBO: -44556.944, Train MSE: 2.691, Val MSE: 1.737
Current LR: [0.00015226742345333125]
Epoch: 530, Train ELBO: -56856.174, Val ELBO: -43971.746, Train MSE: 2.880, Val MSE: 1.684
Current LR: [0.0001512676070613487]
Epoch: 531, Train ELBO: -57825.067, Val ELBO: -43362.245, Train MSE: 2.825, Val MSE: 1.637
Current LR: [0.0001502743556508639]
Epoch: 532, Train ELBO: -57613.314, Val ELBO: -42558.361, Train MSE: 2.882, Val MSE: 1.572
Current LR: [0.00014928762611497994]
Epoch: 533, Train ELBO: -56793.249, Val ELBO: -42917.944, Train MSE: 2.790, Val MSE: 1.604
Current LR: [0.000148307375629848]
Epoch: 534, Train ELBO: -55219.937, Val ELBO: -44039.655, Train MSE: 2.626, Val MSE: 1.690
Current LR: [0.00014733356165280858]
Epoch: 535, Train ELBO: -56069.464, Val ELBO: -44045.264, Train MSE: 2.827, Val MSE: 1.688
Current LR: [0.00014636614192054524]
Epoch: 536, Train ELBO: -55395.260, Val ELBO: -43748.286, Train MSE: 2.684, Val MSE: 1.666
Current LR: [0.00014540507444725043]
Epoch: 537, Train ELBO: -56548.281, Val ELBO: -43567.822, Train MSE: 2.751, Val MSE: 1.657
Current LR: [0.0001444503175228032]
Epoch: 538, Train ELBO: -56969.282, Val ELBO: -43669.344, Train MSE: 2.915, Val MSE: 1.667
Current LR: [0.00014350182971095915]
Epoch: 539, Train ELBO: -57372.080, Val ELBO: -47702.132, Train MSE: 2.902, Val MSE: 1.993
Current LR: [0.00014255956984755193]
Epoch: 540, Train ELBO: -56442.673, Val ELBO: -45138.760, Train MSE: 2.749, Val MSE: 1.784
Current LR: [0.00014162349703870686]
Epoch: 541, Train ELBO: -55132.174, Val ELBO: -43338.870, Train MSE: 2.649, Val MSE: 1.643
Current LR: [0.00014069357065906604]
Epoch: 542, Train ELBO: -54293.225, Val ELBO: -43270.878, Train MSE: 2.613, Val MSE: 1.636
Current LR: [0.00013976975035002534]
Epoch: 543, Train ELBO: -55710.704, Val ELBO: -42332.276, Train MSE: 2.575, Val MSE: 1.561
Current LR: [0.00013885199601798272]
Epoch: 544, Train ELBO: -55346.466, Val ELBO: -42029.667, Train MSE: 2.494, Val MSE: 1.533
Current LR: [0.00013794026783259825]
Epoch: 545, Train ELBO: -55193.919, Val ELBO: -41821.383, Train MSE: 2.406, Val MSE: 1.517
Current LR: [0.00013703452622506546]
Epoch: 546, Train ELBO: -55090.115, Val ELBO: -43681.578, Train MSE: 2.533, Val MSE: 1.659
Current LR: [0.0001361347318863941]
Epoch: 547, Train ELBO: -55553.936, Val ELBO: -44007.298, Train MSE: 2.649, Val MSE: 1.688
Current LR: [0.00013524084576570407]
Epoch: 548, Train ELBO: -56055.108, Val ELBO: -45608.747, Train MSE: 2.890, Val MSE: 1.819
Current LR: [0.00013435282906853064]
Epoch: 549, Train ELBO: -56787.844, Val ELBO: -45000.258, Train MSE: 3.165, Val MSE: 1.771
Current LR: [0.00013347064325514084]
Epoch: 550, Train ELBO: -57414.460, Val ELBO: -43742.955, Train MSE: 2.992, Val MSE: 1.670
Current LR: [0.00013259425003886078]
Epoch: 551, Train ELBO: -58920.778, Val ELBO: -43063.264, Train MSE: 3.386, Val MSE: 1.617
Current LR: [0.000131723611384414]
Epoch: 552, Train ELBO: -58061.940, Val ELBO: -44777.388, Train MSE: 3.325, Val MSE: 1.756
Current LR: [0.00013085868950627084]
Epoch: 553, Train ELBO: -57221.606, Val ELBO: -44254.653, Train MSE: 3.276, Val MSE: 1.713
Current LR: [0.00012999944686700846]
Epoch: 554, Train ELBO: -58779.731, Val ELBO: -44687.106, Train MSE: 3.571, Val MSE: 1.748
Current LR: [0.00012914584617568177]
Epoch: 555, Train ELBO: -61034.649, Val ELBO: -45178.989, Train MSE: 3.782, Val MSE: 1.784
Current LR: [0.00012829785038620498]
Epoch: 556, Train ELBO: -59999.515, Val ELBO: -45304.365, Train MSE: 3.829, Val MSE: 1.794
Current LR: [0.0001274554226957439]
Epoch: 557, Train ELBO: -58554.245, Val ELBO: -44434.751, Train MSE: 3.621, Val MSE: 1.724
Current LR: [0.00012661852654311854]
Epoch: 558, Train ELBO: -59066.054, Val ELBO: -43114.675, Train MSE: 3.587, Val MSE: 1.620
Current LR: [0.00012578712560721653]
Epoch: 559, Train ELBO: -58157.940, Val ELBO: -42764.748, Train MSE: 3.561, Val MSE: 1.588
Current LR: [0.0001249611838054167]
Epoch: 560, Train ELBO: -58154.698, Val ELBO: -42844.946, Train MSE: 3.294, Val MSE: 1.605
Current LR: [0.00012414066529202312]
Epoch: 561, Train ELBO: -57439.682, Val ELBO: -42447.121, Train MSE: 3.109, Val MSE: 1.572
Current LR: [0.0001233255344567094]
Epoch: 562, Train ELBO: -56908.038, Val ELBO: -42985.820, Train MSE: 3.198, Val MSE: 1.610
Current LR: [0.00012251575592297319]
Epoch: 563, Train ELBO: -56022.883, Val ELBO: -43481.496, Train MSE: 2.992, Val MSE: 1.650
Current LR: [0.00012171129454660095]
Epoch: 564, Train ELBO: -54376.416, Val ELBO: -43672.707, Train MSE: 2.896, Val MSE: 1.665
Current LR: [0.00012091211541414255]
Epoch: 565, Train ELBO: -54615.670, Val ELBO: -43160.484, Train MSE: 3.007, Val MSE: 1.623
Current LR: [0.00012011818384139616]
Epoch: 566, Train ELBO: -53788.239, Val ELBO: -43271.401, Train MSE: 2.794, Val MSE: 1.632
Current LR: [0.00011932946537190285]
Epoch: 567, Train ELBO: -54511.561, Val ELBO: -42337.677, Train MSE: 2.769, Val MSE: 1.557
Current LR: [0.00011854592577545128]
Epoch: 568, Train ELBO: -53730.040, Val ELBO: -42738.761, Train MSE: 2.793, Val MSE: 1.592
Current LR: [0.00011776753104659209]
Epoch: 569, Train ELBO: -51026.297, Val ELBO: -42872.134, Train MSE: 2.560, Val MSE: 1.599
Current LR: [0.00011699424740316206]
Epoch: 570, Train ELBO: -51315.335, Val ELBO: -42614.832, Train MSE: 2.650, Val MSE: 1.576
Current LR: [0.00011622604128481794]
Epoch: 571, Train ELBO: -51893.245, Val ELBO: -43141.888, Train MSE: 2.699, Val MSE: 1.616
Current LR: [0.00011546287935158002]
Epoch: 572, Train ELBO: -53998.483, Val ELBO: -41942.303, Train MSE: 2.629, Val MSE: 1.526
Current LR: [0.00011470472848238511]
Epoch: 573, Train ELBO: -54217.384, Val ELBO: -41306.812, Train MSE: 2.642, Val MSE: 1.476
Current LR: [0.00011395155577364911]
Epoch: 574, Train ELBO: -53681.296, Val ELBO: -41434.337, Train MSE: 2.617, Val MSE: 1.485
Current LR: [0.00011320332853783904]
Epoch: 575, Train ELBO: -54358.326, Val ELBO: -43533.144, Train MSE: 2.843, Val MSE: 1.651
Current LR: [0.00011246001430205435]
Epoch: 576, Train ELBO: -52938.569, Val ELBO: -43131.760, Train MSE: 2.885, Val MSE: 1.618
Current LR: [0.00011172158080661764]
Epoch: 577, Train ELBO: -52689.338, Val ELBO: -42168.467, Train MSE: 2.792, Val MSE: 1.540
Current LR: [0.00011098799600367458]
Epoch: 578, Train ELBO: -52322.162, Val ELBO: -41960.682, Train MSE: 2.602, Val MSE: 1.521
Current LR: [0.00011025922805580307]
Epoch: 579, Train ELBO: -53090.434, Val ELBO: -41837.288, Train MSE: 2.621, Val MSE: 1.512
Current LR: [0.00010953524533463145]
Epoch: 580, Train ELBO: -54333.196, Val ELBO: -41898.798, Train MSE: 2.813, Val MSE: 1.523
Current LR: [0.0001088160164194659]
Epoch: 581, Train ELBO: -53409.100, Val ELBO: -41526.667, Train MSE: 2.749, Val MSE: 1.492
Current LR: [0.00010810151009592671]
Epoch: 582, Train ELBO: -53387.421, Val ELBO: -41825.058, Train MSE: 2.644, Val MSE: 1.517
Current LR: [0.00010739169535459366]
Epoch: 583, Train ELBO: -54551.116, Val ELBO: -41981.884, Train MSE: 2.870, Val MSE: 1.525
Current LR: [0.00010668654138966021]
Epoch: 584, Train ELBO: -54052.407, Val ELBO: -43427.931, Train MSE: 2.811, Val MSE: 1.640
Current LR: [0.00010598601759759645]
Epoch: 585, Train ELBO: -55021.669, Val ELBO: -43532.855, Train MSE: 2.632, Val MSE: 1.646
Current LR: [0.00010529009357582099]
Epoch: 586, Train ELBO: -53420.215, Val ELBO: -42800.230, Train MSE: 2.643, Val MSE: 1.590
Current LR: [0.00010459873912138152]
Epoch: 587, Train ELBO: -54791.038, Val ELBO: -42243.728, Train MSE: 2.617, Val MSE: 1.546
Current LR: [0.00010391192422964392]
Epoch: 588, Train ELBO: -52758.270, Val ELBO: -44954.757, Train MSE: 2.531, Val MSE: 1.756
Current LR: [0.00010322961909299013]
Epoch: 589, Train ELBO: -53868.709, Val ELBO: -44163.503, Train MSE: 2.547, Val MSE: 1.693
Current LR: [0.00010255179409952447]
Epoch: 590, Train ELBO: -54238.482, Val ELBO: -45943.770, Train MSE: 2.707, Val MSE: 1.840
Current LR: [0.00010187841983178855]
Epoch: 591, Train ELBO: -55600.056, Val ELBO: -44330.518, Train MSE: 2.754, Val MSE: 1.712
Current LR: [0.00010120946706548446]
Epoch: 592, Train ELBO: -56130.689, Val ELBO: -42526.943, Train MSE: 2.732, Val MSE: 1.570
Current LR: [0.00010054490676820653]
Epoch: 593, Train ELBO: -57014.433, Val ELBO: -41792.833, Train MSE: 2.943, Val MSE: 1.510
Current LR: [9.988471009818131e-05]
Epoch: 594, Train ELBO: -55623.768, Val ELBO: -42673.259, Train MSE: 2.843, Val MSE: 1.586
Current LR: [9.92288484030158e-05]
Epoch: 595, Train ELBO: -55373.477, Val ELBO: -42231.416, Train MSE: 2.954, Val MSE: 1.548
Current LR: [9.8577293218454e-05]
Epoch: 596, Train ELBO: -55311.181, Val ELBO: -41593.887, Train MSE: 2.827, Val MSE: 1.499
Current LR: [9.79300162671415e-05]
Epoch: 597, Train ELBO: -55222.144, Val ELBO: -42162.074, Train MSE: 2.762, Val MSE: 1.542
Current LR: [9.728698945739834e-05]
Epoch: 598, Train ELBO: -55078.817, Val ELBO: -42283.256, Train MSE: 3.167, Val MSE: 1.550
Current LR: [9.664818488199977e-05]
Epoch: 599, Train ELBO: -55394.834, Val ELBO: -44124.908, Train MSE: 2.935, Val MSE: 1.697
Current LR: [9.601357481696508e-05]
Epoch: 600, Train ELBO: -54798.005, Val ELBO: -43192.417, Train MSE: 2.985, Val MSE: 1.620
Current LR: [9.538313172035442e-05]
Epoch: 601, Train ELBO: -53780.099, Val ELBO: -43799.739, Train MSE: 3.002, Val MSE: 1.670
Current LR: [9.475682823107347e-05]
Epoch: 602, Train ELBO: -53995.529, Val ELBO: -42950.145, Train MSE: 2.933, Val MSE: 1.603
Current LR: [9.413463716768598e-05]
Epoch: 603, Train ELBO: -54552.248, Val ELBO: -42083.768, Train MSE: 2.891, Val MSE: 1.536
Current LR: [9.351653152723408e-05]
Epoch: 604, Train ELBO: -53894.095, Val ELBO: -42113.224, Train MSE: 2.891, Val MSE: 1.536
Current LR: [9.290248448406639e-05]
Epoch: 605, Train ELBO: -54789.681, Val ELBO: -41784.491, Train MSE: 2.848, Val MSE: 1.509
Current LR: [9.229246938867377e-05]
Epoch: 606, Train ELBO: -56262.532, Val ELBO: -41433.746, Train MSE: 2.901, Val MSE: 1.482
Current LR: [9.168645976653272e-05]
Epoch: 607, Train ELBO: -56082.236, Val ELBO: -41646.221, Train MSE: 2.932, Val MSE: 1.499
Current LR: [9.108442931695647e-05]
Epoch: 608, Train ELBO: -54543.671, Val ELBO: -41906.907, Train MSE: 2.988, Val MSE: 1.521
Current LR: [9.048635191195342e-05]
Epoch: 609, Train ELBO: -55313.613, Val ELBO: -42250.737, Train MSE: 3.010, Val MSE: 1.547
Current LR: [8.989220159509329e-05]
Epoch: 610, Train ELBO: -54756.362, Val ELBO: -41691.873, Train MSE: 2.871, Val MSE: 1.503
Current LR: [8.930195258038057e-05]
Epoch: 611, Train ELBO: -55202.363, Val ELBO: -42852.725, Train MSE: 2.990, Val MSE: 1.593
Current LR: [8.871557925113541e-05]
Epoch: 612, Train ELBO: -54450.773, Val ELBO: -42786.109, Train MSE: 3.105, Val MSE: 1.590
Current LR: [8.813305615888188e-05]
Epoch: 613, Train ELBO: -54415.990, Val ELBO: -43080.866, Train MSE: 3.126, Val MSE: 1.615
Current LR: [8.755435802224351e-05]
Epoch: 614, Train ELBO: -53610.916, Val ELBO: -43201.597, Train MSE: 2.994, Val MSE: 1.621
Current LR: [8.697945972584606e-05]
Epoch: 615, Train ELBO: -54744.495, Val ELBO: -42956.498, Train MSE: 2.821, Val MSE: 1.601
Current LR: [8.640833631922757e-05]
Epoch: 616, Train ELBO: -55241.184, Val ELBO: -42409.488, Train MSE: 3.001, Val MSE: 1.557
Current LR: [8.584096301575546e-05]
Epoch: 617, Train ELBO: -54742.576, Val ELBO: -41363.607, Train MSE: 2.808, Val MSE: 1.477
Current LR: [8.52773151915508e-05]
Epoch: 618, Train ELBO: -54444.349, Val ELBO: -41389.079, Train MSE: 2.784, Val MSE: 1.477
Current LR: [8.471736838441968e-05]
Epoch: 619, Train ELBO: -56510.843, Val ELBO: -43447.442, Train MSE: 2.942, Val MSE: 1.639
Current LR: [8.416109829279153e-05]
Epoch: 620, Train ELBO: -56005.342, Val ELBO: -43496.199, Train MSE: 2.934, Val MSE: 1.646
Current LR: [8.360848077466444e-05]
Epoch: 621, Train ELBO: -55248.223, Val ELBO: -43747.910, Train MSE: 3.037, Val MSE: 1.665
Current LR: [8.305949184655738e-05]
Epoch: 622, Train ELBO: -54853.211, Val ELBO: -44078.339, Train MSE: 3.029, Val MSE: 1.689
Current LR: [8.251410768246938e-05]
Epoch: 623, Train ELBO: -55577.848, Val ELBO: -43315.007, Train MSE: 2.992, Val MSE: 1.628
Current LR: [8.197230461284541e-05]
Epoch: 624, Train ELBO: -54789.716, Val ELBO: -43515.989, Train MSE: 2.919, Val MSE: 1.645
Current LR: [8.143405912354922e-05]
Epoch: 625, Train ELBO: -55020.081, Val ELBO: -42999.251, Train MSE: 2.894, Val MSE: 1.604
Current LR: [8.089934785484272e-05]
Epoch: 626, Train ELBO: -55294.101, Val ELBO: -41993.746, Train MSE: 2.787, Val MSE: 1.524
Current LR: [8.036814760037227e-05]
Epoch: 627, Train ELBO: -53855.169, Val ELBO: -41545.327, Train MSE: 2.700, Val MSE: 1.489
Current LR: [7.984043530616147e-05]
Epoch: 628, Train ELBO: -53621.338, Val ELBO: -42247.653, Train MSE: 2.683, Val MSE: 1.545
Current LR: [7.931618806961065e-05]
Epoch: 629, Train ELBO: -54809.866, Val ELBO: -42206.339, Train MSE: 2.790, Val MSE: 1.544
Current LR: [7.879538313850289e-05]
Epoch: 630, Train ELBO: -55566.431, Val ELBO: -41488.675, Train MSE: 2.867, Val MSE: 1.490
Current LR: [7.82779979100166e-05]
Epoch: 631, Train ELBO: -55901.244, Val ELBO: -41663.264, Train MSE: 2.793, Val MSE: 1.502
Current LR: [7.776400992974454e-05]
Epoch: 632, Train ELBO: -56118.921, Val ELBO: -41663.679, Train MSE: 2.844, Val MSE: 1.504
Current LR: [7.725339689071928e-05]
Epoch: 633, Train ELBO: -56549.980, Val ELBO: -40819.162, Train MSE: 2.700, Val MSE: 1.436
Current LR: [7.674613663244513e-05]
Epoch: 634, Train ELBO: -56300.403, Val ELBO: -40872.842, Train MSE: 2.626, Val MSE: 1.438
Current LR: [7.62422071399364e-05]
Epoch: 635, Train ELBO: -56008.964, Val ELBO: -40516.535, Train MSE: 2.571, Val MSE: 1.411
Current LR: [7.574158654276183e-05]
Epoch: 636, Train ELBO: -54728.893, Val ELBO: -41290.298, Train MSE: 2.563, Val MSE: 1.469
Current LR: [7.52442531140956e-05]
Epoch: 637, Train ELBO: -54698.065, Val ELBO: -41842.722, Train MSE: 2.540, Val MSE: 1.515
Current LR: [7.475018526977423e-05]
Epoch: 638, Train ELBO: -54119.954, Val ELBO: -42578.051, Train MSE: 2.530, Val MSE: 1.573
Current LR: [7.425936156735991e-05]
Epoch: 639, Train ELBO: -54323.570, Val ELBO: -42115.035, Train MSE: 2.724, Val MSE: 1.538
Current LR: [7.377176070520989e-05]
Epoch: 640, Train ELBO: -53872.791, Val ELBO: -41353.386, Train MSE: 2.703, Val MSE: 1.478
Current LR: [7.328736152155201e-05]
Epoch: 641, Train ELBO: -53166.628, Val ELBO: -40812.129, Train MSE: 2.671, Val MSE: 1.434
Current LR: [7.280614299356624e-05]
Epoch: 642, Train ELBO: -53180.265, Val ELBO: -40548.029, Train MSE: 2.635, Val MSE: 1.415
Current LR: [7.232808423647232e-05]
Epoch: 643, Train ELBO: -52338.430, Val ELBO: -40492.047, Train MSE: 2.485, Val MSE: 1.408
Current LR: [7.185316450262339e-05]
Epoch: 644, Train ELBO: -52966.647, Val ELBO: -40884.828, Train MSE: 2.542, Val MSE: 1.436
Current LR: [7.138136318060549e-05]
Epoch: 645, Train ELBO: -53791.258, Val ELBO: -41930.870, Train MSE: 2.518, Val MSE: 1.523
Current LR: [7.091265979434308e-05]
Epoch: 646, Train ELBO: -52353.243, Val ELBO: -42133.255, Train MSE: 2.456, Val MSE: 1.538
Current LR: [7.044703400221036e-05]
Epoch: 647, Train ELBO: -54984.960, Val ELBO: -41056.669, Train MSE: 2.606, Val MSE: 1.452
Current LR: [6.998446559614844e-05]
Epoch: 648, Train ELBO: -55715.004, Val ELBO: -40819.470, Train MSE: 2.643, Val MSE: 1.434
Current LR: [6.952493450078835e-05]
Epoch: 649, Train ELBO: -55015.004, Val ELBO: -40650.800, Train MSE: 2.740, Val MSE: 1.419
Current LR: [6.906842077257973e-05]
Epoch: 650, Train ELBO: -54953.822, Val ELBO: -41027.158, Train MSE: 2.862, Val MSE: 1.450
Current LR: [6.86149045989253e-05]
Epoch: 651, Train ELBO: -54034.339, Val ELBO: -41307.078, Train MSE: 2.750, Val MSE: 1.470
Current LR: [6.816436629732101e-05]
Epoch: 652, Train ELBO: -53653.040, Val ELBO: -40771.210, Train MSE: 2.706, Val MSE: 1.428
Current LR: [6.771678631450182e-05]
Epoch: 653, Train ELBO: -54770.537, Val ELBO: -40701.161, Train MSE: 2.789, Val MSE: 1.426
Current LR: [6.727214522559307e-05]
Epoch: 654, Train ELBO: -54945.959, Val ELBO: -40407.937, Train MSE: 2.818, Val MSE: 1.401
Current LR: [6.683042373326748e-05]
Epoch: 655, Train ELBO: -54795.499, Val ELBO: -39964.213, Train MSE: 2.637, Val MSE: 1.367
Current LR: [6.639160266690761e-05]
Epoch: 656, Train ELBO: -53666.800, Val ELBO: -40126.088, Train MSE: 2.602, Val MSE: 1.380
Current LR: [6.59556629817739e-05]
Epoch: 657, Train ELBO: -54757.690, Val ELBO: -41631.671, Train MSE: 2.831, Val MSE: 1.502
Current LR: [6.552258575817811e-05]
Epoch: 658, Train ELBO: -54826.158, Val ELBO: -40964.911, Train MSE: 2.753, Val MSE: 1.447
Current LR: [6.50923522006622e-05]
Epoch: 659, Train ELBO: -54023.083, Val ELBO: -41261.486, Train MSE: 2.738, Val MSE: 1.471
Current LR: [6.466494363718262e-05]
Epoch: 660, Train ELBO: -53765.337, Val ELBO: -42433.858, Train MSE: 2.727, Val MSE: 1.560
Current LR: [6.424034151829999e-05]
Epoch: 661, Train ELBO: -52506.443, Val ELBO: -42690.822, Train MSE: 2.725, Val MSE: 1.578
Current LR: [6.381852741637399e-05]
Epoch: 662, Train ELBO: -51407.253, Val ELBO: -43318.247, Train MSE: 2.659, Val MSE: 1.630
Current LR: [6.339948302476363e-05]
Epoch: 663, Train ELBO: -54401.642, Val ELBO: -42353.738, Train MSE: 2.740, Val MSE: 1.552
Current LR: [6.298319015703276e-05]
Epoch: 664, Train ELBO: -53832.606, Val ELBO: -41703.906, Train MSE: 2.569, Val MSE: 1.501
Current LR: [6.256963074616076e-05]
Epoch: 665, Train ELBO: -53827.615, Val ELBO: -42551.334, Train MSE: 2.717, Val MSE: 1.567
Current LR: [6.215878684375848e-05]
Epoch: 666, Train ELBO: -52569.218, Val ELBO: -42522.681, Train MSE: 2.668, Val MSE: 1.564
Current LR: [6.175064061928922e-05]
Epoch: 667, Train ELBO: -51888.407, Val ELBO: -42591.327, Train MSE: 2.627, Val MSE: 1.574
Current LR: [6.134517435929494e-05]
Epoch: 668, Train ELBO: -52894.692, Val ELBO: -42200.738, Train MSE: 2.716, Val MSE: 1.544
Current LR: [6.094237046662745e-05]
Epoch: 669, Train ELBO: -53304.320, Val ELBO: -42089.413, Train MSE: 2.660, Val MSE: 1.534
Current LR: [6.0542211459684755e-05]
Epoch: 670, Train ELBO: -52078.087, Val ELBO: -41704.508, Train MSE: 2.560, Val MSE: 1.505
Current LR: [6.014467997165233e-05]
Epoch: 671, Train ELBO: -53083.638, Val ELBO: -42067.376, Train MSE: 2.794, Val MSE: 1.534
Current LR: [5.9749758749749384e-05]
Epoch: 672, Train ELBO: -53848.594, Val ELBO: -42475.922, Train MSE: 2.686, Val MSE: 1.563
Current LR: [5.935743065448013e-05]
Epoch: 673, Train ELBO: -54657.439, Val ELBO: -41387.136, Train MSE: 2.724, Val MSE: 1.478
Current LR: [5.896767865888991e-05]
Epoch: 674, Train ELBO: -53437.539, Val ELBO: -41246.764, Train MSE: 2.710, Val MSE: 1.466
Current LR: [5.8580485847826236e-05]
Epoch: 675, Train ELBO: -52450.218, Val ELBO: -41491.329, Train MSE: 2.735, Val MSE: 1.483
Current LR: [5.819583541720468e-05]
Epoch: 676, Train ELBO: -53109.915, Val ELBO: -41488.811, Train MSE: 2.805, Val MSE: 1.485
Current LR: [5.7813710673279574e-05]
Epoch: 677, Train ELBO: -52842.197, Val ELBO: -41106.022, Train MSE: 2.875, Val MSE: 1.452
Current LR: [5.743409503191951e-05]
Epoch: 678, Train ELBO: -51485.756, Val ELBO: -41273.875, Train MSE: 2.755, Val MSE: 1.465
Current LR: [5.705697201788758e-05]
Epoch: 679, Train ELBO: -52971.754, Val ELBO: -41763.772, Train MSE: 2.836, Val MSE: 1.506
Current LR: [5.6682325264126373e-05]
Epoch: 680, Train ELBO: -54193.338, Val ELBO: -41546.312, Train MSE: 2.978, Val MSE: 1.489
Current LR: [5.631013851104764e-05]
Epoch: 681, Train ELBO: -51931.458, Val ELBO: -41876.998, Train MSE: 2.720, Val MSE: 1.513
Current LR: [5.5940395605826624e-05]
Epoch: 682, Train ELBO: -52807.267, Val ELBO: -41784.708, Train MSE: 2.808, Val MSE: 1.507
Current LR: [5.557308050170105e-05]
Epoch: 683, Train ELBO: -54365.837, Val ELBO: -41119.276, Train MSE: 2.941, Val MSE: 1.456
Current LR: [5.5208177257274665e-05]
Epoch: 684, Train ELBO: -53535.779, Val ELBO: -40753.500, Train MSE: 2.782, Val MSE: 1.425
Current LR: [5.484567003582543e-05]
Epoch: 685, Train ELBO: -54719.052, Val ELBO: -40550.603, Train MSE: 2.861, Val MSE: 1.409
Current LR: [5.448554310461817e-05]
Epoch: 686, Train ELBO: -54128.389, Val ELBO: -41428.315, Train MSE: 2.907, Val MSE: 1.476
Current LR: [5.4127780834221797e-05]
Epoch: 687, Train ELBO: -54545.228, Val ELBO: -41395.973, Train MSE: 2.804, Val MSE: 1.475
Current LR: [5.3772367697831004e-05]
Epoch: 688, Train ELBO: -53614.175, Val ELBO: -41373.260, Train MSE: 2.641, Val MSE: 1.474
Current LR: [5.341928827059237e-05]
Epoch: 689, Train ELBO: -53451.360, Val ELBO: -42550.415, Train MSE: 2.884, Val MSE: 1.565
Current LR: [5.306852722893497e-05]
Epoch: 690, Train ELBO: -53445.166, Val ELBO: -42322.881, Train MSE: 2.820, Val MSE: 1.547
Current LR: [5.272006934990529e-05]
Epoch: 691, Train ELBO: -53017.725, Val ELBO: -41974.010, Train MSE: 2.711, Val MSE: 1.520
Current LR: [5.23738995105066e-05]
Epoch: 692, Train ELBO: -53352.591, Val ELBO: -41648.435, Train MSE: 2.789, Val MSE: 1.495
Current LR: [5.2030002687042586e-05]
Epoch: 693, Train ELBO: -53172.431, Val ELBO: -41356.343, Train MSE: 2.899, Val MSE: 1.473
Current LR: [5.1688363954465324e-05]
Epoch: 694, Train ELBO: -53245.321, Val ELBO: -41541.923, Train MSE: 3.067, Val MSE: 1.487
Current LR: [5.1348968485727566e-05]
Epoch: 695, Train ELBO: -53788.824, Val ELBO: -41595.165, Train MSE: 3.026, Val MSE: 1.491
Current LR: [5.101180155113922e-05]
Epoch: 696, Train ELBO: -53380.017, Val ELBO: -41062.356, Train MSE: 3.095, Val MSE: 1.451
Current LR: [5.067684851772809e-05]
Epoch: 697, Train ELBO: -52216.883, Val ELBO: -40987.580, Train MSE: 2.939, Val MSE: 1.444
Current LR: [5.034409484860483e-05]
Epoch: 698, Train ELBO: -50542.458, Val ELBO: -40860.569, Train MSE: 2.662, Val MSE: 1.434
Current LR: [5.001352610233202e-05]
Epoch: 699, Train ELBO: -51111.129, Val ELBO: -40659.623, Train MSE: 2.538, Val MSE: 1.419
Current LR: [4.968512793229741e-05]
Epoch: 700, Train ELBO: -52634.297, Val ELBO: -40663.563, Train MSE: 2.793, Val MSE: 1.422
Current LR: [4.9358886086091305e-05]
Epoch: 701, Train ELBO: -51056.483, Val ELBO: -40768.669, Train MSE: 2.657, Val MSE: 1.430
Current LR: [4.9034786404888e-05]
Epoch: 702, Train ELBO: -51621.329, Val ELBO: -40928.125, Train MSE: 2.549, Val MSE: 1.444
Current LR: [4.8712814822831275e-05]
Epoch: 703, Train ELBO: -52213.542, Val ELBO: -40502.938, Train MSE: 2.598, Val MSE: 1.409
Current LR: [4.8392957366423964e-05]
Epoch: 704, Train ELBO: -53374.683, Val ELBO: -40027.240, Train MSE: 2.658, Val MSE: 1.370
Current LR: [4.8075200153921496e-05]
Epoch: 705, Train ELBO: -54067.415, Val ELBO: -39767.807, Train MSE: 2.771, Val MSE: 1.351
Current LR: [4.775952939472943e-05]
Epoch: 706, Train ELBO: -54057.797, Val ELBO: -39467.298, Train MSE: 2.698, Val MSE: 1.326
Current LR: [4.744593138880495e-05]
Epoch: 707, Train ELBO: -54341.621, Val ELBO: -39498.519, Train MSE: 2.814, Val MSE: 1.330
Current LR: [4.7134392526062286e-05]
Epoch: 708, Train ELBO: -54926.301, Val ELBO: -39381.443, Train MSE: 2.698, Val MSE: 1.322
Current LR: [4.6824899285782035e-05]
Epoch: 709, Train ELBO: -54327.077, Val ELBO: -39605.134, Train MSE: 2.760, Val MSE: 1.338
Current LR: [4.651743823602437e-05]
Epoch: 710, Train ELBO: -54061.937, Val ELBO: -39985.907, Train MSE: 2.939, Val MSE: 1.367
Current LR: [4.621199603304608e-05]
Epoch: 711, Train ELBO: -54322.049, Val ELBO: -39798.222, Train MSE: 2.720, Val MSE: 1.354
Current LR: [4.59085594207215e-05]
Epoch: 712, Train ELBO: -53546.962, Val ELBO: -39782.023, Train MSE: 2.837, Val MSE: 1.353
Current LR: [4.560711522996713e-05]
Epoch: 713, Train ELBO: -51686.730, Val ELBO: -41951.320, Train MSE: 2.595, Val MSE: 1.521
Current LR: [4.530765037817016e-05]
Epoch: 714, Train ELBO: -51918.027, Val ELBO: -41666.996, Train MSE: 2.725, Val MSE: 1.502
Current LR: [4.501015186862066e-05]
Epoch: 715, Train ELBO: -51407.835, Val ELBO: -41048.226, Train MSE: 2.706, Val MSE: 1.451
Current LR: [4.471460678994752e-05]
Epoch: 716, Train ELBO: -54331.121, Val ELBO: -40688.243, Train MSE: 3.118, Val MSE: 1.423
Current LR: [4.442100231555812e-05]
Epoch: 717, Train ELBO: -53289.607, Val ELBO: -40734.639, Train MSE: 3.046, Val MSE: 1.429
Current LR: [4.4129325703081635e-05]
Epoch: 718, Train ELBO: -53648.745, Val ELBO: -41513.681, Train MSE: 3.204, Val MSE: 1.487
Current LR: [4.3839564293816045e-05]
Epoch: 719, Train ELBO: -54399.392, Val ELBO: -41061.780, Train MSE: 3.170, Val MSE: 1.454
Current LR: [4.3551705512178725e-05]
Epoch: 720, Train ELBO: -52893.754, Val ELBO: -41469.725, Train MSE: 3.161, Val MSE: 1.485
Current LR: [4.326573686516068e-05]
Epoch: 721, Train ELBO: -52951.148, Val ELBO: -41159.174, Train MSE: 3.046, Val MSE: 1.460
Current LR: [4.298164594178435e-05]
Epoch: 722, Train ELBO: -53428.489, Val ELBO: -41122.019, Train MSE: 3.159, Val MSE: 1.458
Current LR: [4.269942041256498e-05]
Epoch: 723, Train ELBO: -54208.455, Val ELBO: -41148.076, Train MSE: 3.031, Val MSE: 1.458
Current LR: [4.241904802897552e-05]
Epoch: 724, Train ELBO: -53195.741, Val ELBO: -41055.097, Train MSE: 2.872, Val MSE: 1.449
Current LR: [4.214051662291503e-05]
Epoch: 725, Train ELBO: -54740.139, Val ELBO: -40632.238, Train MSE: 2.824, Val MSE: 1.415
Current LR: [4.1863814106180597e-05]
Epoch: 726, Train ELBO: -54333.104, Val ELBO: -40741.037, Train MSE: 3.033, Val MSE: 1.423
Current LR: [4.158892846994273e-05]
Epoch: 727, Train ELBO: -54939.336, Val ELBO: -40887.969, Train MSE: 3.147, Val MSE: 1.436
Current LR: [4.131584778422414e-05]
Epoch: 728, Train ELBO: -55668.235, Val ELBO: -40831.159, Train MSE: 3.324, Val MSE: 1.431
Current LR: [4.1044560197382015e-05]
Epoch: 729, Train ELBO: -55152.581, Val ELBO: -40497.806, Train MSE: 3.199, Val MSE: 1.406
Current LR: [4.077505393559362e-05]
Epoch: 730, Train ELBO: -54848.632, Val ELBO: -40424.319, Train MSE: 3.231, Val MSE: 1.400
Current LR: [4.0507317302345386e-05]
Epoch: 731, Train ELBO: -55243.709, Val ELBO: -40082.634, Train MSE: 3.005, Val MSE: 1.375
Current LR: [4.02413386779252e-05]
Epoch: 732, Train ELBO: -54281.849, Val ELBO: -40010.273, Train MSE: 2.927, Val MSE: 1.368
Current LR: [3.997710651891817e-05]
Epoch: 733, Train ELBO: -54354.079, Val ELBO: -40582.958, Train MSE: 2.975, Val MSE: 1.411
Current LR: [3.971460935770563e-05]
Epoch: 734, Train ELBO: -54030.579, Val ELBO: -40527.804, Train MSE: 2.965, Val MSE: 1.407
Current LR: [3.945383580196744e-05]
Epoch: 735, Train ELBO: -54538.483, Val ELBO: -40523.009, Train MSE: 2.983, Val MSE: 1.407
Current LR: [3.9194774534187564e-05]
Epoch: 736, Train ELBO: -53270.001, Val ELBO: -40752.491, Train MSE: 2.926, Val MSE: 1.426
