nohup: ignoring input
{'obs_dim': 1, 'rec_dim': 8, 'node_dim': 4, 'rec_gru_units': 100, 'rec_node_units': 100, 'rec_node_layers': 2, 'rec_node_act': 'Tanh', 'rec_out_units': 100, 'latent_node_units': 100, 'latent_node_layers': 2, 'latent_node_act': 'Tanh', 'dec_type': 'NN', 'dec_units': 100, 'dec_layers': 2, 'dec_act': 'ReLU'}
{'aligned_data': True, 'lr': 0.005, 'batch_size': 512, 'l_std': 1, 'kl_burn_max': 50, 'clip_norm': 5, 'model_atol': 0.0001, 'model_rtol': 0.001, 'aug_methods': [<function aug_subsample at 0x7f0200e17560>, <function aug_crop_start at 0x7f0200e175f0>, <function aug_add_noise at 0x7f0205978f80>], 'aug_args': {'crop_min': 20, 'sample_min': 20, 'aug_noise_var': 0.03}, 'max_epochs': 736, 'lr_decay': 0.9934338128976814}
/home/user/codes/POWERODE/ode/LatentSegmentedODE-main/LatentSegmentedODE-main/SineWave/Data/Train/sine_train_10000_1000_0.5_0.02
Current LR: [0.004967169064488407]
Epoch: 1, Train ELBO: -44352.018, Val ELBO: -250330.564, Train MSE: 0.168, Val MSE: 0.165
Current LR: [0.0049345537030421275]
Epoch: 2, Train ELBO: -74831.434, Val ELBO: -250324.316, Train MSE: 0.168, Val MSE: 0.165
Current LR: [0.004902152500161514]
Epoch: 3, Train ELBO: -93764.390, Val ELBO: -250322.532, Train MSE: 0.167, Val MSE: 0.165
Current LR: [0.0048699640496413545]
Epoch: 4, Train ELBO: -118420.273, Val ELBO: -250324.465, Train MSE: 0.167, Val MSE: 0.165
Current LR: [0.004837986954509844]
Epoch: 5, Train ELBO: -141578.493, Val ELBO: -250322.254, Train MSE: 0.167, Val MSE: 0.165
Current LR: [0.004806219826967956]
Epoch: 6, Train ELBO: -160079.808, Val ELBO: -250320.387, Train MSE: 0.166, Val MSE: 0.165
Current LR: [0.0047746612883292116]
Epoch: 7, Train ELBO: -174568.490, Val ELBO: -250320.124, Train MSE: 0.166, Val MSE: 0.165
Current LR: [0.004743309968959844]
Epoch: 8, Train ELBO: -174219.041, Val ELBO: -250318.981, Train MSE: 0.166, Val MSE: 0.165
Current LR: [0.00471216450821936]
Epoch: 9, Train ELBO: -170375.674, Val ELBO: -250319.638, Train MSE: 0.166, Val MSE: 0.165
Current LR: [0.0046812235544014865]
Epoch: 10, Train ELBO: -173579.604, Val ELBO: -250319.635, Train MSE: 0.166, Val MSE: 0.165
Current LR: [0.004650485764675505]
Epoch: 11, Train ELBO: -184470.723, Val ELBO: -250318.985, Train MSE: 0.166, Val MSE: 0.165
Current LR: [0.0046199498050279765]
Epoch: 12, Train ELBO: -181653.279, Val ELBO: -250318.244, Train MSE: 0.166, Val MSE: 0.165
Current LR: [0.004589614350204842]
Epoch: 13, Train ELBO: -191515.765, Val ELBO: -250319.614, Train MSE: 0.166, Val MSE: 0.165
Current LR: [0.004559478083653911]
Epoch: 14, Train ELBO: -196643.529, Val ELBO: -250322.939, Train MSE: 0.165, Val MSE: 0.165
Current LR: [0.004529539697467718]
Epoch: 15, Train ELBO: -197724.045, Val ELBO: -250322.246, Train MSE: 0.165, Val MSE: 0.165
Current LR: [0.004499797892326765]
Epoch: 16, Train ELBO: -197044.414, Val ELBO: -250317.960, Train MSE: 0.165, Val MSE: 0.165
Current LR: [0.004470251377443129]
Epoch: 17, Train ELBO: -193523.731, Val ELBO: -250313.127, Train MSE: 0.165, Val MSE: 0.165
Current LR: [0.00444089887050444]
Epoch: 18, Train ELBO: -185891.021, Val ELBO: -250435.805, Train MSE: 0.165, Val MSE: 0.166
Current LR: [0.0044117390976182325]
Epoch: 19, Train ELBO: -193358.951, Val ELBO: -250373.927, Train MSE: 0.165, Val MSE: 0.165
Current LR: [0.004382770793256657]
Epoch: 20, Train ELBO: -196033.459, Val ELBO: -250647.408, Train MSE: 0.165, Val MSE: 0.167
Current LR: [0.0043539927002015566]
Epoch: 21, Train ELBO: -194365.223, Val ELBO: -250482.903, Train MSE: 0.165, Val MSE: 0.166
Current LR: [0.004325403569489903]
Epoch: 22, Train ELBO: -202921.673, Val ELBO: -250422.049, Train MSE: 0.165, Val MSE: 0.165
Current LR: [0.004297002160359596]
Epoch: 23, Train ELBO: -209062.073, Val ELBO: -250377.141, Train MSE: 0.165, Val MSE: 0.165
Current LR: [0.004268787240195608]
Epoch: 24, Train ELBO: -210920.504, Val ELBO: -250335.831, Train MSE: 0.165, Val MSE: 0.165
Current LR: [0.004240757584476493]
Epoch: 25, Train ELBO: -204567.777, Val ELBO: -250331.333, Train MSE: 0.165, Val MSE: 0.165
Current LR: [0.0042129119767212436]
Epoch: 26, Train ELBO: -201204.653, Val ELBO: -250307.598, Train MSE: 0.165, Val MSE: 0.165
Current LR: [0.004185249208436493]
Epoch: 27, Train ELBO: -205276.331, Val ELBO: -250291.999, Train MSE: 0.165, Val MSE: 0.164
Current LR: [0.004157768079064069]
Epoch: 28, Train ELBO: -203437.426, Val ELBO: -250437.750, Train MSE: 0.165, Val MSE: 0.166
Current LR: [0.0041304673959288865]
Epoch: 29, Train ELBO: -200755.616, Val ELBO: -250405.477, Train MSE: 0.165, Val MSE: 0.165
Current LR: [0.0041033459741871905]
Epoch: 30, Train ELBO: -196415.622, Val ELBO: -250356.111, Train MSE: 0.165, Val MSE: 0.165
Current LR: [0.0040764026367751316]
Epoch: 31, Train ELBO: -202782.186, Val ELBO: -250323.831, Train MSE: 0.165, Val MSE: 0.165
Current LR: [0.0040496362143576815]
Epoch: 32, Train ELBO: -200442.622, Val ELBO: -250333.155, Train MSE: 0.165, Val MSE: 0.165
Current LR: [0.004023045545277884]
Epoch: 33, Train ELBO: -211860.230, Val ELBO: -250294.073, Train MSE: 0.165, Val MSE: 0.164
Current LR: [0.00399662947550644]
Epoch: 34, Train ELBO: -207066.858, Val ELBO: -250305.237, Train MSE: 0.165, Val MSE: 0.164
Current LR: [0.0039703868585916225]
Epoch: 35, Train ELBO: -196920.444, Val ELBO: -250309.671, Train MSE: 0.164, Val MSE: 0.165
Current LR: [0.003944316555609523]
Epoch: 36, Train ELBO: -199276.714, Val ELBO: -250305.240, Train MSE: 0.164, Val MSE: 0.164
Current LR: [0.0039184174351146175]
Epoch: 37, Train ELBO: -195758.958, Val ELBO: -250303.657, Train MSE: 0.164, Val MSE: 0.164
Current LR: [0.003892688373090668]
Epoch: 38, Train ELBO: -194242.787, Val ELBO: -250289.504, Train MSE: 0.164, Val MSE: 0.164
Current LR: [0.0038671282529019343]
Epoch: 39, Train ELBO: -202716.277, Val ELBO: -250324.370, Train MSE: 0.164, Val MSE: 0.165
Current LR: [0.0038417359652447177]
Epoch: 40, Train ELBO: -203609.388, Val ELBO: -250307.243, Train MSE: 0.164, Val MSE: 0.164
Current LR: [0.0038165104080992145]
Epoch: 41, Train ELBO: -207774.174, Val ELBO: -250290.550, Train MSE: 0.164, Val MSE: 0.164
Current LR: [0.003791450486681689]
Epoch: 42, Train ELBO: -205811.404, Val ELBO: -250287.743, Train MSE: 0.164, Val MSE: 0.164
Current LR: [0.00376655511339696]
Epoch: 43, Train ELBO: -198449.144, Val ELBO: -250297.567, Train MSE: 0.164, Val MSE: 0.164
Current LR: [0.003741823207791201]
Epoch: 44, Train ELBO: -199797.119, Val ELBO: -250307.903, Train MSE: 0.164, Val MSE: 0.165
Current LR: [0.003717253696505046]
Epoch: 45, Train ELBO: -194638.600, Val ELBO: -250310.114, Train MSE: 0.164, Val MSE: 0.165
Current LR: [0.0036928455132270084]
Epoch: 46, Train ELBO: -193850.423, Val ELBO: -250308.371, Train MSE: 0.164, Val MSE: 0.165
Current LR: [0.003668597598647202]
Epoch: 47, Train ELBO: -199337.034, Val ELBO: -250298.711, Train MSE: 0.164, Val MSE: 0.164
Current LR: [0.0036445089004113677]
Epoch: 48, Train ELBO: -202786.381, Val ELBO: -250281.483, Train MSE: 0.164, Val MSE: 0.164
Current LR: [0.003620578373075201]
Epoch: 49, Train ELBO: -208440.115, Val ELBO: -250273.131, Train MSE: 0.164, Val MSE: 0.164
Current LR: [0.003596804978058981]
Epoch: 50, Train ELBO: -212962.825, Val ELBO: -250290.266, Train MSE: 0.164, Val MSE: 0.164
Current LR: [0.0035731876836024947]
Epoch: 51, Train ELBO: -203857.222, Val ELBO: -250276.108, Train MSE: 0.164, Val MSE: 0.164
Current LR: [0.00354972546472026]
Epoch: 52, Train ELBO: -203290.662, Val ELBO: -250253.674, Train MSE: 0.164, Val MSE: 0.164
Current LR: [0.003526417303157042]
Epoch: 53, Train ELBO: -206250.836, Val ELBO: -250255.740, Train MSE: 0.164, Val MSE: 0.164
Current LR: [0.0035032621873436593]
Epoch: 54, Train ELBO: -201292.808, Val ELBO: -250250.339, Train MSE: 0.164, Val MSE: 0.164
Current LR: [0.003480259112353083]
Epoch: 55, Train ELBO: -195348.059, Val ELBO: -250258.564, Train MSE: 0.163, Val MSE: 0.164
Current LR: [0.0034574070798568234]
Epoch: 56, Train ELBO: -200264.802, Val ELBO: -250252.153, Train MSE: 0.163, Val MSE: 0.164
Current LR: [0.0034347050980816024]
Epoch: 57, Train ELBO: -209720.474, Val ELBO: -250243.527, Train MSE: 0.163, Val MSE: 0.164
Current LR: [0.003412152181766311]
Epoch: 58, Train ELBO: -210352.050, Val ELBO: -250233.305, Train MSE: 0.164, Val MSE: 0.164
Current LR: [0.003389747352119249]
Epoch: 59, Train ELBO: -205571.001, Val ELBO: -250226.526, Train MSE: 0.164, Val MSE: 0.164
Current LR: [0.003367489636775645]
Epoch: 60, Train ELBO: -199943.208, Val ELBO: -250242.612, Train MSE: 0.164, Val MSE: 0.164
Current LR: [0.003345378069755457]
Epoch: 61, Train ELBO: -201601.993, Val ELBO: -250260.832, Train MSE: 0.164, Val MSE: 0.164
Current LR: [0.0033234116914214492]
Epoch: 62, Train ELBO: -203414.038, Val ELBO: -250287.658, Train MSE: 0.164, Val MSE: 0.164
Current LR: [0.003301589548437543]
Epoch: 63, Train ELBO: -204842.700, Val ELBO: -250261.942, Train MSE: 0.164, Val MSE: 0.164
Current LR: [0.0032799106937274423]
Epoch: 64, Train ELBO: -197017.507, Val ELBO: -250256.164, Train MSE: 0.163, Val MSE: 0.164
Current LR: [0.0032583741864335323]
Epoch: 65, Train ELBO: -193241.303, Val ELBO: -250249.396, Train MSE: 0.163, Val MSE: 0.164
Current LR: [0.0032369790918760446]
Epoch: 66, Train ELBO: -202598.849, Val ELBO: -250246.068, Train MSE: 0.163, Val MSE: 0.164
Current LR: [0.003215724481512493]
Epoch: 67, Train ELBO: -208166.595, Val ELBO: -250238.711, Train MSE: 0.163, Val MSE: 0.164
Current LR: [0.0031946094328973757]
Epoch: 68, Train ELBO: -205273.933, Val ELBO: -250255.535, Train MSE: 0.163, Val MSE: 0.164
Current LR: [0.00317363302964214]
Epoch: 69, Train ELBO: -198534.916, Val ELBO: -250256.729, Train MSE: 0.163, Val MSE: 0.164
Current LR: [0.0031527943613754114]
Epoch: 70, Train ELBO: -200020.375, Val ELBO: -250236.625, Train MSE: 0.163, Val MSE: 0.164
Current LR: [0.0031320925237034855]
Epoch: 71, Train ELBO: -203012.532, Val ELBO: -250221.506, Train MSE: 0.163, Val MSE: 0.164
Current LR: [0.003111526618171075]
Epoch: 72, Train ELBO: -208102.820, Val ELBO: -250238.427, Train MSE: 0.163, Val MSE: 0.164
Current LR: [0.003091095752222319]
Epoch: 73, Train ELBO: -215778.685, Val ELBO: -250223.751, Train MSE: 0.163, Val MSE: 0.164
Current LR: [0.003070799039162045]
Epoch: 74, Train ELBO: -209612.653, Val ELBO: -250221.815, Train MSE: 0.163, Val MSE: 0.164
Current LR: [0.003050635598117287]
Epoch: 75, Train ELBO: -209620.229, Val ELBO: -250220.654, Train MSE: 0.163, Val MSE: 0.164
Current LR: [0.003030604553999055]
Epoch: 76, Train ELBO: -209378.795, Val ELBO: -250232.584, Train MSE: 0.163, Val MSE: 0.164
Current LR: [0.0030107050374643587]
Epoch: 77, Train ELBO: -208791.962, Val ELBO: -250239.586, Train MSE: 0.163, Val MSE: 0.164
Current LR: [0.0029909361848784745]
Epoch: 78, Train ELBO: -207645.670, Val ELBO: -250231.262, Train MSE: 0.163, Val MSE: 0.164
Current LR: [0.0029712971382774675]
Epoch: 79, Train ELBO: -207465.203, Val ELBO: -250261.423, Train MSE: 0.163, Val MSE: 0.164
Current LR: [0.002951787045330954]
Epoch: 80, Train ELBO: -184698.717, Val ELBO: -250260.165, Train MSE: 0.163, Val MSE: 0.164
Current LR: [0.0029324050593051106]
Epoch: 81, Train ELBO: -173214.436, Val ELBO: -250252.828, Train MSE: 0.163, Val MSE: 0.164
Current LR: [0.0029131503390259278]
Epoch: 82, Train ELBO: -173441.883, Val ELBO: -250237.613, Train MSE: 0.163, Val MSE: 0.164
Current LR: [0.0028940220488427007]
Epoch: 83, Train ELBO: -178977.333, Val ELBO: -250224.815, Train MSE: 0.163, Val MSE: 0.164
Current LR: [0.0028750193585917643]
Epoch: 84, Train ELBO: -177786.206, Val ELBO: -250215.590, Train MSE: 0.162, Val MSE: 0.164
Current LR: [0.0028561414435604626]
Epoch: 85, Train ELBO: -180123.385, Val ELBO: -250211.874, Train MSE: 0.163, Val MSE: 0.164
Current LR: [0.002837387484451358]
Epoch: 86, Train ELBO: -186608.451, Val ELBO: -250208.379, Train MSE: 0.163, Val MSE: 0.164
Current LR: [0.0028187566673466735]
Epoch: 87, Train ELBO: -193294.214, Val ELBO: -250214.615, Train MSE: 0.163, Val MSE: 0.164
Current LR: [0.0028002481836729674]
Epoch: 88, Train ELBO: -197291.935, Val ELBO: -250215.148, Train MSE: 0.163, Val MSE: 0.164
Current LR: [0.002781861230166043]
Epoch: 89, Train ELBO: -194183.787, Val ELBO: -250211.087, Train MSE: 0.163, Val MSE: 0.164
Current LR: [0.0027635950088360866]
Epoch: 90, Train ELBO: -191106.672, Val ELBO: -250213.708, Train MSE: 0.163, Val MSE: 0.164
Current LR: [0.002745448726933035]
Epoch: 91, Train ELBO: -202317.080, Val ELBO: -250208.387, Train MSE: 0.163, Val MSE: 0.164
Current LR: [0.0027274215969121706]
Epoch: 92, Train ELBO: -205302.814, Val ELBO: -250210.365, Train MSE: 0.163, Val MSE: 0.164
Current LR: [0.0027095128363999405]
Epoch: 93, Train ELBO: -193761.476, Val ELBO: -250225.579, Train MSE: 0.163, Val MSE: 0.164
Current LR: [0.0026917216681600045]
Epoch: 94, Train ELBO: -193902.382, Val ELBO: -250220.394, Train MSE: 0.163, Val MSE: 0.164
Current LR: [0.0026740473200595007]
Epoch: 95, Train ELBO: -194707.114, Val ELBO: -250232.491, Train MSE: 0.163, Val MSE: 0.164
Current LR: [0.0026564890250355363]
Epoch: 96, Train ELBO: -197476.024, Val ELBO: -250217.011, Train MSE: 0.163, Val MSE: 0.164
Current LR: [0.002639046021061897]
Epoch: 97, Train ELBO: -187259.096, Val ELBO: -250215.290, Train MSE: 0.163, Val MSE: 0.164
Current LR: [0.0026217175511159753]
Epoch: 98, Train ELBO: -190047.299, Val ELBO: -250217.403, Train MSE: 0.163, Val MSE: 0.164
Current LR: [0.0026045028631459153]
Epoch: 99, Train ELBO: -187991.672, Val ELBO: -250216.931, Train MSE: 0.163, Val MSE: 0.164
Current LR: [0.002587401210037975]
Epoch: 100, Train ELBO: -196280.632, Val ELBO: -250211.496, Train MSE: 0.163, Val MSE: 0.164
Current LR: [0.0025704118495841]
Epoch: 101, Train ELBO: -211252.538, Val ELBO: -250203.954, Train MSE: 0.163, Val MSE: 0.164
Current LR: [0.002553534044449714]
Epoch: 102, Train ELBO: -213954.474, Val ELBO: -250201.182, Train MSE: 0.163, Val MSE: 0.164
Current LR: [0.002536767062141717]
Epoch: 103, Train ELBO: -219698.425, Val ELBO: -250199.187, Train MSE: 0.163, Val MSE: 0.164
Current LR: [0.0025201101749766953]
Epoch: 104, Train ELBO: -216933.856, Val ELBO: -250197.444, Train MSE: 0.163, Val MSE: 0.164
Current LR: [0.0025035626600493415]
Epoch: 105, Train ELBO: -220221.858, Val ELBO: -250196.504, Train MSE: 0.163, Val MSE: 0.164
Current LR: [0.002487123799201079]
Epoch: 106, Train ELBO: -223890.584, Val ELBO: -250226.434, Train MSE: 0.163, Val MSE: 0.164
Current LR: [0.002470792878988895]
Epoch: 107, Train ELBO: -221129.638, Val ELBO: -250245.388, Train MSE: 0.163, Val MSE: 0.164
Current LR: [0.0024545691906543775]
Epoch: 108, Train ELBO: -213168.626, Val ELBO: -250233.112, Train MSE: 0.163, Val MSE: 0.164
Current LR: [0.002438452030092954]
Epoch: 109, Train ELBO: -209960.342, Val ELBO: -250219.790, Train MSE: 0.163, Val MSE: 0.164
Current LR: [0.002422440697823335]
Epoch: 110, Train ELBO: -209272.744, Val ELBO: -250213.388, Train MSE: 0.163, Val MSE: 0.164
Current LR: [0.0024065344989571556]
Epoch: 111, Train ELBO: -216556.676, Val ELBO: -250204.184, Train MSE: 0.163, Val MSE: 0.164
Current LR: [0.0023907327431688186]
Epoch: 112, Train ELBO: -223772.147, Val ELBO: -250201.469, Train MSE: 0.163, Val MSE: 0.164
Current LR: [0.0023750347446655326]
Epoch: 113, Train ELBO: -216140.981, Val ELBO: -250218.965, Train MSE: 0.163, Val MSE: 0.164
Current LR: [0.0023594398221575513]
Epoch: 114, Train ELBO: -210960.570, Val ELBO: -250217.493, Train MSE: 0.163, Val MSE: 0.164
Current LR: [0.0023439472988286037]
Epoch: 115, Train ELBO: -226159.263, Val ELBO: -250209.529, Train MSE: 0.163, Val MSE: 0.164
Current LR: [0.002328556502306521]
Epoch: 116, Train ELBO: -214153.506, Val ELBO: -250220.279, Train MSE: 0.163, Val MSE: 0.164
Current LR: [0.0023132667646340557]
Epoch: 117, Train ELBO: -218091.587, Val ELBO: -250213.521, Train MSE: 0.163, Val MSE: 0.164
Current LR: [0.002298077422239893]
Epoch: 118, Train ELBO: -209484.804, Val ELBO: -250217.768, Train MSE: 0.162, Val MSE: 0.164
Current LR: [0.002282987815909852]
Epoch: 119, Train ELBO: -212200.207, Val ELBO: -250216.584, Train MSE: 0.163, Val MSE: 0.164
Current LR: [0.002267997290758274]
Epoch: 120, Train ELBO: -207622.805, Val ELBO: -250220.685, Train MSE: 0.163, Val MSE: 0.164
Current LR: [0.0022531051961996035]
Epoch: 121, Train ELBO: -201965.517, Val ELBO: -250210.086, Train MSE: 0.163, Val MSE: 0.164
Current LR: [0.0022383108859201505]
Epoch: 122, Train ELBO: -205958.962, Val ELBO: -250204.663, Train MSE: 0.162, Val MSE: 0.164
Current LR: [0.002223613717850042]
Epoch: 123, Train ELBO: -211660.415, Val ELBO: -250202.347, Train MSE: 0.163, Val MSE: 0.164
Current LR: [0.0022090130541353565]
Epoch: 124, Train ELBO: -215908.634, Val ELBO: -250200.682, Train MSE: 0.163, Val MSE: 0.164
Current LR: [0.0021945082611104397]
Epoch: 125, Train ELBO: -216272.121, Val ELBO: -250200.865, Train MSE: 0.163, Val MSE: 0.164
Current LR: [0.0021800987092704047]
Epoch: 126, Train ELBO: -209355.745, Val ELBO: -250211.159, Train MSE: 0.163, Val MSE: 0.164
Current LR: [0.002165783773243812]
Epoch: 127, Train ELBO: -215082.661, Val ELBO: -250208.247, Train MSE: 0.163, Val MSE: 0.164
Current LR: [0.0021515628317655276]
Epoch: 128, Train ELBO: -215200.231, Val ELBO: -250210.299, Train MSE: 0.163, Val MSE: 0.164
Current LR: [0.002137435267649761]
Epoch: 129, Train ELBO: -212938.976, Val ELBO: -250211.449, Train MSE: 0.163, Val MSE: 0.164
Current LR: [0.0021234004677632783]
Epoch: 130, Train ELBO: -212541.718, Val ELBO: -250217.540, Train MSE: 0.163, Val MSE: 0.164
Current LR: [0.0021094578229987936]
Epoch: 131, Train ELBO: -208394.082, Val ELBO: -250215.289, Train MSE: 0.163, Val MSE: 0.164
Current LR: [0.002095606728248534]
Epoch: 132, Train ELBO: -210056.674, Val ELBO: -250207.550, Train MSE: 0.163, Val MSE: 0.164
Current LR: [0.002081846582377976]
Epoch: 133, Train ELBO: -198207.843, Val ELBO: -250213.605, Train MSE: 0.162, Val MSE: 0.164
Current LR: [0.00206817678819976]
Epoch: 134, Train ELBO: -203221.378, Val ELBO: -250212.966, Train MSE: 0.163, Val MSE: 0.164
Current LR: [0.002054596752447768]
Epoch: 135, Train ELBO: -206487.764, Val ELBO: -250209.704, Train MSE: 0.162, Val MSE: 0.164
Current LR: [0.0020411058857513794]
Epoch: 136, Train ELBO: -220351.038, Val ELBO: -250198.921, Train MSE: 0.163, Val MSE: 0.164
Current LR: [0.002027703602609892]
Epoch: 137, Train ELBO: -214181.306, Val ELBO: -250200.190, Train MSE: 0.163, Val MSE: 0.164
Current LR: [0.00201438932136711]
Epoch: 138, Train ELBO: -213592.610, Val ELBO: -250202.887, Train MSE: 0.163, Val MSE: 0.164
Current LR: [0.002001162464186101]
Epoch: 139, Train ELBO: -201641.141, Val ELBO: -250203.841, Train MSE: 0.162, Val MSE: 0.164
Current LR: [0.001988022457024118]
Epoch: 140, Train ELBO: -200438.722, Val ELBO: -250209.315, Train MSE: 0.162, Val MSE: 0.164
Current LR: [0.0019749687296076865]
Epoch: 141, Train ELBO: -195002.166, Val ELBO: -250217.964, Train MSE: 0.162, Val MSE: 0.164
Current LR: [0.001962000715407854]
Epoch: 142, Train ELBO: -192231.422, Val ELBO: -250214.348, Train MSE: 0.162, Val MSE: 0.164
Current LR: [0.001949117851615603]
Epoch: 143, Train ELBO: -207561.998, Val ELBO: -250208.927, Train MSE: 0.163, Val MSE: 0.164
Current LR: [0.0019363195791174256]
Epoch: 144, Train ELBO: -205370.158, Val ELBO: -250204.393, Train MSE: 0.163, Val MSE: 0.164
Current LR: [0.0019236053424710577]
Epoch: 145, Train ELBO: -206164.502, Val ELBO: -250202.180, Train MSE: 0.162, Val MSE: 0.164
Current LR: [0.001910974589881373]
Epoch: 146, Train ELBO: -210021.241, Val ELBO: -250202.656, Train MSE: 0.163, Val MSE: 0.164
Current LR: [0.0018984267731764354]
Epoch: 147, Train ELBO: -213460.166, Val ELBO: -250195.897, Train MSE: 0.163, Val MSE: 0.164
Current LR: [0.0018859613477837079]
Epoch: 148, Train ELBO: -211641.795, Val ELBO: -250205.566, Train MSE: 0.163, Val MSE: 0.164
Current LR: [0.001873577772706419]
Epoch: 149, Train ELBO: -208177.187, Val ELBO: -250194.414, Train MSE: 0.163, Val MSE: 0.164
Current LR: [0.0018612755105000833]
Epoch: 150, Train ELBO: -202865.472, Val ELBO: -250205.025, Train MSE: 0.163, Val MSE: 0.164
Current LR: [0.0018490540272491762]
Epoch: 151, Train ELBO: -206300.009, Val ELBO: -250217.602, Train MSE: 0.163, Val MSE: 0.164
Current LR: [0.0018369127925439623]
Epoch: 152, Train ELBO: -217416.401, Val ELBO: -250203.243, Train MSE: 0.163, Val MSE: 0.164
Current LR: [0.0018248512794574762]
Epoch: 153, Train ELBO: -216913.571, Val ELBO: -250196.315, Train MSE: 0.163, Val MSE: 0.164
Current LR: [0.001812868964522653]
Epoch: 154, Train ELBO: -212627.278, Val ELBO: -250204.209, Train MSE: 0.163, Val MSE: 0.164
Current LR: [0.0018009653277096106]
Epoch: 155, Train ELBO: -210287.423, Val ELBO: -250209.574, Train MSE: 0.163, Val MSE: 0.164
Current LR: [0.0017891398524030808]
Epoch: 156, Train ELBO: -207299.484, Val ELBO: -250204.816, Train MSE: 0.163, Val MSE: 0.164
Current LR: [0.0017773920253799874]
Epoch: 157, Train ELBO: -215550.787, Val ELBO: -250204.877, Train MSE: 0.163, Val MSE: 0.164
Current LR: [0.0017657213367871735]
Epoch: 158, Train ELBO: -215792.777, Val ELBO: -250207.665, Train MSE: 0.163, Val MSE: 0.164
Current LR: [0.001754127280119273]
Epoch: 159, Train ELBO: -211149.648, Val ELBO: -250201.027, Train MSE: 0.163, Val MSE: 0.164
Current LR: [0.0017426093521967286]
Epoch: 160, Train ELBO: -217726.729, Val ELBO: -250204.818, Train MSE: 0.163, Val MSE: 0.164
Current LR: [0.0017311670531439548]
Epoch: 161, Train ELBO: -218069.946, Val ELBO: -250204.923, Train MSE: 0.163, Val MSE: 0.164
Current LR: [0.001719799886367642]
Epoch: 162, Train ELBO: -217092.933, Val ELBO: -250202.941, Train MSE: 0.163, Val MSE: 0.164
Current LR: [0.0017085073585352058]
Epoch: 163, Train ELBO: -217250.242, Val ELBO: -250201.552, Train MSE: 0.163, Val MSE: 0.164
Current LR: [0.0016972889795533756]
Epoch: 164, Train ELBO: -213777.101, Val ELBO: -250194.964, Train MSE: 0.163, Val MSE: 0.164
Current LR: [0.0016861442625469248]
Epoch: 165, Train ELBO: -204780.761, Val ELBO: -250196.752, Train MSE: 0.162, Val MSE: 0.164
Current LR: [0.0016750727238375408]
Epoch: 166, Train ELBO: -206050.334, Val ELBO: -250195.719, Train MSE: 0.163, Val MSE: 0.164
Current LR: [0.001664073882922833]
Epoch: 167, Train ELBO: -195938.957, Val ELBO: -250208.152, Train MSE: 0.162, Val MSE: 0.164
Current LR: [0.0016531472624554799]
Epoch: 168, Train ELBO: -191483.858, Val ELBO: -250208.733, Train MSE: 0.162, Val MSE: 0.164
Current LR: [0.0016422923882225115]
Epoch: 169, Train ELBO: -203250.817, Val ELBO: -250206.381, Train MSE: 0.163, Val MSE: 0.164
Current LR: [0.0016315087891247287]
Epoch: 170, Train ELBO: -200174.644, Val ELBO: -250200.421, Train MSE: 0.163, Val MSE: 0.164
Current LR: [0.0016207959971562586]
Epoch: 171, Train ELBO: -205119.185, Val ELBO: -250202.967, Train MSE: 0.162, Val MSE: 0.164
Current LR: [0.0016101535473842415]
Epoch: 172, Train ELBO: -198789.474, Val ELBO: -250206.317, Train MSE: 0.162, Val MSE: 0.164
Current LR: [0.0015995809779286545]
Epoch: 173, Train ELBO: -196661.699, Val ELBO: -250211.166, Train MSE: 0.162, Val MSE: 0.164
Current LR: [0.0015890778299422652]
Epoch: 174, Train ELBO: -198781.879, Val ELBO: -250204.226, Train MSE: 0.162, Val MSE: 0.164
Current LR: [0.0015786436475907178]
Epoch: 175, Train ELBO: -204478.857, Val ELBO: -250199.279, Train MSE: 0.162, Val MSE: 0.164
Current LR: [0.0015682779780327506]
Epoch: 176, Train ELBO: -197069.989, Val ELBO: -250217.555, Train MSE: 0.162, Val MSE: 0.164
Current LR: [0.0015579803714005417]
Epoch: 177, Train ELBO: -202779.611, Val ELBO: -250214.757, Train MSE: 0.162, Val MSE: 0.164
Current LR: [0.001547750380780186]
Epoch: 178, Train ELBO: -207753.419, Val ELBO: -250206.470, Train MSE: 0.162, Val MSE: 0.164
Current LR: [0.0015375875621922983]
Epoch: 179, Train ELBO: -204999.736, Val ELBO: -250203.139, Train MSE: 0.162, Val MSE: 0.164
Current LR: [0.0015274914745727459]
Epoch: 180, Train ELBO: -198226.840, Val ELBO: -250206.648, Train MSE: 0.162, Val MSE: 0.164
Current LR: [0.0015174616797535047]
Epoch: 181, Train ELBO: -209047.958, Val ELBO: -250200.973, Train MSE: 0.162, Val MSE: 0.164
Current LR: [0.0015074977424436445]
Epoch: 182, Train ELBO: -199866.434, Val ELBO: -250197.238, Train MSE: 0.162, Val MSE: 0.164
Current LR: [0.0014975992302104367]
Epoch: 183, Train ELBO: -191619.910, Val ELBO: -250218.382, Train MSE: 0.162, Val MSE: 0.164
Current LR: [0.0014877657134605867]
Epoch: 184, Train ELBO: -197960.808, Val ELBO: -250215.655, Train MSE: 0.162, Val MSE: 0.164
Current LR: [0.00147799676542159]
Epoch: 185, Train ELBO: -191887.263, Val ELBO: -250211.220, Train MSE: 0.162, Val MSE: 0.164
Current LR: [0.0014682919621232101]
Epoch: 186, Train ELBO: -184936.700, Val ELBO: -250219.563, Train MSE: 0.162, Val MSE: 0.164
Current LR: [0.0014586508823790786]
Epoch: 187, Train ELBO: -181128.631, Val ELBO: -250220.954, Train MSE: 0.162, Val MSE: 0.164
Current LR: [0.0014490731077684154]
Epoch: 188, Train ELBO: -184624.696, Val ELBO: -250215.015, Train MSE: 0.162, Val MSE: 0.164
Current LR: [0.0014395582226178697]
Epoch: 189, Train ELBO: -188773.520, Val ELBO: -250207.929, Train MSE: 0.162, Val MSE: 0.164
Current LR: [0.0014301058139834797]
Epoch: 190, Train ELBO: -193812.727, Val ELBO: -250195.794, Train MSE: 0.162, Val MSE: 0.164
Current LR: [0.0014207154716327506]
Epoch: 191, Train ELBO: -189363.916, Val ELBO: -250202.062, Train MSE: 0.162, Val MSE: 0.164
Current LR: [0.0014113867880268512]
Epoch: 192, Train ELBO: -205676.781, Val ELBO: -250200.501, Train MSE: 0.162, Val MSE: 0.164
Current LR: [0.0014021193583029265]
Epoch: 193, Train ELBO: -213317.084, Val ELBO: -250196.185, Train MSE: 0.162, Val MSE: 0.164
Current LR: [0.0013929127802565265]
Epoch: 194, Train ELBO: -218319.810, Val ELBO: -250190.927, Train MSE: 0.162, Val MSE: 0.164
Current LR: [0.0013837666543241513]
Epoch: 195, Train ELBO: -218929.042, Val ELBO: -250198.877, Train MSE: 0.162, Val MSE: 0.164
Current LR: [0.0013746805835659094]
Epoch: 196, Train ELBO: -214086.088, Val ELBO: -250200.922, Train MSE: 0.162, Val MSE: 0.164
Current LR: [0.001365654173648291]
Epoch: 197, Train ELBO: -217829.221, Val ELBO: -250198.975, Train MSE: 0.162, Val MSE: 0.164
Current LR: [0.001356687032827054]
Epoch: 198, Train ELBO: -226806.959, Val ELBO: -250198.952, Train MSE: 0.162, Val MSE: 0.164
Current LR: [0.0013477787719302222]
Epoch: 199, Train ELBO: -222598.257, Val ELBO: -250195.304, Train MSE: 0.162, Val MSE: 0.164
Current LR: [0.0013389290043411951]
Epoch: 200, Train ELBO: -213045.398, Val ELBO: -250209.682, Train MSE: 0.162, Val MSE: 0.164
Current LR: [0.0013301373459819698]
Epoch: 201, Train ELBO: -219340.779, Val ELBO: -250206.321, Train MSE: 0.162, Val MSE: 0.164
Current LR: [0.0013214034152964707]
Epoch: 202, Train ELBO: -219038.656, Val ELBO: -250208.392, Train MSE: 0.162, Val MSE: 0.164
Current LR: [0.0013127268332339913]
Epoch: 203, Train ELBO: -218675.202, Val ELBO: -250204.215, Train MSE: 0.162, Val MSE: 0.164
Current LR: [0.0013041072232327427]
Epoch: 204, Train ELBO: -216673.210, Val ELBO: -250208.735, Train MSE: 0.162, Val MSE: 0.164
Current LR: [0.0012955442112035113]
Epoch: 205, Train ELBO: -218571.382, Val ELBO: -250210.122, Train MSE: 0.162, Val MSE: 0.164
Current LR: [0.0012870374255134233]
Epoch: 206, Train ELBO: -213025.798, Val ELBO: -250205.846, Train MSE: 0.162, Val MSE: 0.164
Current LR: [0.0012785864969698157]
Epoch: 207, Train ELBO: -214045.892, Val ELBO: -250204.082, Train MSE: 0.162, Val MSE: 0.164
Current LR: [0.0012701910588042138]
Epoch: 208, Train ELBO: -205045.931, Val ELBO: -250206.636, Train MSE: 0.162, Val MSE: 0.164
Current LR: [0.0012618507466564133]
Epoch: 209, Train ELBO: -203728.674, Val ELBO: -250202.766, Train MSE: 0.162, Val MSE: 0.164
Current LR: [0.0012535651985586668]
Epoch: 210, Train ELBO: -201555.129, Val ELBO: -250215.982, Train MSE: 0.162, Val MSE: 0.164
Current LR: [0.0012453340549199753]
Epoch: 211, Train ELBO: -200317.536, Val ELBO: -250210.010, Train MSE: 0.162, Val MSE: 0.164
Current LR: [0.0012371569585104816]
Epoch: 212, Train ELBO: -201345.991, Val ELBO: -250209.754, Train MSE: 0.162, Val MSE: 0.164
Current LR: [0.0012290335544459664]
Epoch: 213, Train ELBO: -200643.044, Val ELBO: -250211.707, Train MSE: 0.162, Val MSE: 0.164
Current LR: [0.0012209634901724465]
Epoch: 214, Train ELBO: -205688.448, Val ELBO: -250206.296, Train MSE: 0.161, Val MSE: 0.164
Current LR: [0.0012129464154508743]
Epoch: 215, Train ELBO: -211520.600, Val ELBO: -250199.439, Train MSE: 0.162, Val MSE: 0.164
Current LR: [0.0012049819823419373]
Epoch: 216, Train ELBO: -209344.266, Val ELBO: -250221.545, Train MSE: 0.162, Val MSE: 0.164
Current LR: [0.0011970698451909574]
Epoch: 217, Train ELBO: -199275.935, Val ELBO: -250224.017, Train MSE: 0.162, Val MSE: 0.164
Current LR: [0.00118920966061289]
Epoch: 218, Train ELBO: -202803.074, Val ELBO: -250218.251, Train MSE: 0.162, Val MSE: 0.164
Current LR: [0.001181401087477421]
Epoch: 219, Train ELBO: -204386.698, Val ELBO: -250210.969, Train MSE: 0.162, Val MSE: 0.164
Current LR: [0.0011736437868941616]
Epoch: 220, Train ELBO: -214602.978, Val ELBO: -250201.886, Train MSE: 0.162, Val MSE: 0.164
Current LR: [0.0011659374221979408]
Epoch: 221, Train ELBO: -217902.022, Val ELBO: -250198.474, Train MSE: 0.162, Val MSE: 0.164
Current LR: [0.001158281658934194]
Epoch: 222, Train ELBO: -211046.519, Val ELBO: -250197.154, Train MSE: 0.162, Val MSE: 0.164
Current LR: [0.0011506761648444482]
Epoch: 223, Train ELBO: -215166.536, Val ELBO: -250195.343, Train MSE: 0.162, Val MSE: 0.164
Current LR: [0.0011431206098519013]
Epoch: 224, Train ELBO: -205761.424, Val ELBO: -250209.459, Train MSE: 0.162, Val MSE: 0.164
Current LR: [0.001135614666047097]
Epoch: 225, Train ELBO: -200363.345, Val ELBO: -250209.544, Train MSE: 0.162, Val MSE: 0.164
Current LR: [0.0011281580076736948]
Epoch: 226, Train ELBO: -190157.374, Val ELBO: -250214.163, Train MSE: 0.162, Val MSE: 0.164
Current LR: [0.0011207503111143303]
Epoch: 227, Train ELBO: -187085.449, Val ELBO: -250221.330, Train MSE: 0.162, Val MSE: 0.164
Current LR: [0.0011133912548765717]
Epoch: 228, Train ELBO: -194058.963, Val ELBO: -250210.655, Train MSE: 0.162, Val MSE: 0.164
Current LR: [0.0011060805195789668]
Epoch: 229, Train ELBO: -192615.184, Val ELBO: -250206.959, Train MSE: 0.162, Val MSE: 0.164
Current LR: [0.0010988177879371816]
Epoch: 230, Train ELBO: -205680.993, Val ELBO: -250205.183, Train MSE: 0.162, Val MSE: 0.164
Current LR: [0.0010916027447502303]
Epoch: 231, Train ELBO: -200112.172, Val ELBO: -250209.404, Train MSE: 0.162, Val MSE: 0.164
Current LR: [0.0010844350768867959]
Epoch: 232, Train ELBO: -195814.640, Val ELBO: -250218.136, Train MSE: 0.162, Val MSE: 0.164
Current LR: [0.00107731447327164]
Epoch: 233, Train ELBO: -194585.848, Val ELBO: -250210.313, Train MSE: 0.162, Val MSE: 0.164
Current LR: [0.0010702406248721025]
Epoch: 234, Train ELBO: -202429.460, Val ELBO: -250209.855, Train MSE: 0.162, Val MSE: 0.164
Current LR: [0.0010632132246846898]
Epoch: 235, Train ELBO: -204031.346, Val ELBO: -250203.537, Train MSE: 0.162, Val MSE: 0.164
Current LR: [0.0010562319677217507]
Epoch: 236, Train ELBO: -206721.159, Val ELBO: -250213.032, Train MSE: 0.162, Val MSE: 0.164
Current LR: [0.0010492965509982396]
Epoch: 237, Train ELBO: -201944.566, Val ELBO: -250214.446, Train MSE: 0.162, Val MSE: 0.164
Current LR: [0.0010424066735185676]
Epoch: 238, Train ELBO: -205509.872, Val ELBO: -250207.208, Train MSE: 0.162, Val MSE: 0.164
Current LR: [0.0010355620362635391]
Epoch: 239, Train ELBO: -200869.490, Val ELBO: -250203.404, Train MSE: 0.162, Val MSE: 0.164
Current LR: [0.0010287623421773747]
Epoch: 240, Train ELBO: -198298.365, Val ELBO: -250204.230, Train MSE: 0.162, Val MSE: 0.164
Current LR: [0.0010220072961548185]
Epoch: 241, Train ELBO: -205478.618, Val ELBO: -250202.430, Train MSE: 0.162, Val MSE: 0.164
Current LR: [0.0010152966050283312]
Epoch: 242, Train ELBO: -206069.438, Val ELBO: -250196.646, Train MSE: 0.162, Val MSE: 0.164
Current LR: [0.0010086299775553663]
Epoch: 243, Train ELBO: -215613.568, Val ELBO: -250198.588, Train MSE: 0.162, Val MSE: 0.164
Current LR: [0.0010020071244057304]
Epoch: 244, Train ELBO: -212910.911, Val ELBO: -250190.190, Train MSE: 0.162, Val MSE: 0.163
Current LR: [0.000995427758149026]
Epoch: 245, Train ELBO: -214635.603, Val ELBO: -250196.395, Train MSE: 0.162, Val MSE: 0.164
Current LR: [0.000988891593242178]
Epoch: 246, Train ELBO: -219863.373, Val ELBO: -250191.470, Train MSE: 0.162, Val MSE: 0.163
Current LR: [0.0009823983460170399]
Epoch: 247, Train ELBO: -215116.847, Val ELBO: -250213.688, Train MSE: 0.162, Val MSE: 0.164
Current LR: [0.0009759477346680837]
Epoch: 248, Train ELBO: -211814.063, Val ELBO: -250206.509, Train MSE: 0.162, Val MSE: 0.164
Current LR: [0.000969539479240169]
Epoch: 249, Train ELBO: -208273.378, Val ELBO: -250205.249, Train MSE: 0.162, Val MSE: 0.164
Current LR: [0.0009631733016163935]
Epoch: 250, Train ELBO: -207749.692, Val ELBO: -250204.812, Train MSE: 0.162, Val MSE: 0.164
Current LR: [0.0009568489255060223]
Epoch: 251, Train ELBO: -211493.900, Val ELBO: -250211.476, Train MSE: 0.162, Val MSE: 0.164
Current LR: [0.0009505660764324973]
Epoch: 252, Train ELBO: -208700.463, Val ELBO: -250209.969, Train MSE: 0.162, Val MSE: 0.164
Current LR: [0.0009443244817215246]
Epoch: 253, Train ELBO: -206947.389, Val ELBO: -250202.306, Train MSE: 0.162, Val MSE: 0.164
Current LR: [0.000938123870489241]
Epoch: 254, Train ELBO: -193527.661, Val ELBO: -250212.266, Train MSE: 0.162, Val MSE: 0.164
Current LR: [0.0009319639736304574]
Epoch: 255, Train ELBO: -201106.640, Val ELBO: -250200.786, Train MSE: 0.162, Val MSE: 0.164
Current LR: [0.0009258445238069794]
Epoch: 256, Train ELBO: -201723.982, Val ELBO: -250212.279, Train MSE: 0.162, Val MSE: 0.164
Current LR: [0.0009197652554360058]
Epoch: 257, Train ELBO: -196460.348, Val ELBO: -250205.401, Train MSE: 0.162, Val MSE: 0.164
Current LR: [0.0009137259046786011]
Epoch: 258, Train ELBO: -199074.234, Val ELBO: -250210.684, Train MSE: 0.162, Val MSE: 0.164
Current LR: [0.0009077262094282461]
Epoch: 259, Train ELBO: -201710.602, Val ELBO: -250206.053, Train MSE: 0.161, Val MSE: 0.164
Current LR: [0.0009017659092994618]
Epoch: 260, Train ELBO: -200138.225, Val ELBO: -250200.721, Train MSE: 0.161, Val MSE: 0.164
Current LR: [0.0008958447456165091]
Epoch: 261, Train ELBO: -207015.815, Val ELBO: -250190.990, Train MSE: 0.161, Val MSE: 0.163
Current LR: [0.0008899624614021621]
Epoch: 262, Train ELBO: -199284.216, Val ELBO: -250194.603, Train MSE: 0.162, Val MSE: 0.164
Current LR: [0.0008841188013665555]
Epoch: 263, Train ELBO: -197481.894, Val ELBO: -250193.857, Train MSE: 0.161, Val MSE: 0.164
Current LR: [0.0008783135118961051]
Epoch: 264, Train ELBO: -192325.506, Val ELBO: -250194.596, Train MSE: 0.161, Val MSE: 0.164
Current LR: [0.0008725463410425007]
Epoch: 265, Train ELBO: -204644.163, Val ELBO: -250191.722, Train MSE: 0.161, Val MSE: 0.164
Current LR: [0.0008668170385117722]
Epoch: 266, Train ELBO: -221261.991, Val ELBO: -250188.631, Train MSE: 0.161, Val MSE: 0.163
Current LR: [0.0008611253556534262]
Epoch: 267, Train ELBO: -221605.761, Val ELBO: -250193.008, Train MSE: 0.162, Val MSE: 0.164
Current LR: [0.0008554710454496552]
Epoch: 268, Train ELBO: -218146.089, Val ELBO: -250202.559, Train MSE: 0.162, Val MSE: 0.164
Current LR: [0.0008498538625046167]
Epoch: 269, Train ELBO: -211576.867, Val ELBO: -250196.688, Train MSE: 0.162, Val MSE: 0.164
Current LR: [0.0008442735630337832]
Epoch: 270, Train ELBO: -203155.089, Val ELBO: -250196.995, Train MSE: 0.162, Val MSE: 0.164
Current LR: [0.0008387299048533622]
Epoch: 271, Train ELBO: -203649.911, Val ELBO: -250213.296, Train MSE: 0.162, Val MSE: 0.164
Current LR: [0.0008332226473697852]
Epoch: 272, Train ELBO: -202765.739, Val ELBO: -250198.748, Train MSE: 0.161, Val MSE: 0.164
Current LR: [0.0008277515515692659]
Epoch: 273, Train ELBO: -201330.654, Val ELBO: -250206.037, Train MSE: 0.161, Val MSE: 0.164
Current LR: [0.0008223163800074276]
Epoch: 274, Train ELBO: -209643.052, Val ELBO: -250197.474, Train MSE: 0.161, Val MSE: 0.164
Current LR: [0.0008169168967989975]
Epoch: 275, Train ELBO: -216992.982, Val ELBO: -250202.373, Train MSE: 0.161, Val MSE: 0.164
Current LR: [0.0008115528676075698]
Epoch: 276, Train ELBO: -218498.662, Val ELBO: -250194.397, Train MSE: 0.161, Val MSE: 0.164
Current LR: [0.0008062240596354353]
Epoch: 277, Train ELBO: -220382.213, Val ELBO: -250195.194, Train MSE: 0.161, Val MSE: 0.164
Current LR: [0.0008009302416134782]
Epoch: 278, Train ELBO: -225523.720, Val ELBO: -250194.408, Train MSE: 0.161, Val MSE: 0.164
Current LR: [0.0007956711837911388]
Epoch: 279, Train ELBO: -218907.065, Val ELBO: -250192.707, Train MSE: 0.161, Val MSE: 0.164
Current LR: [0.0007904466579264429]
Epoch: 280, Train ELBO: -224051.104, Val ELBO: -250190.889, Train MSE: 0.161, Val MSE: 0.163
Current LR: [0.0007852564372760955]
Epoch: 281, Train ELBO: -219801.518, Val ELBO: -250186.140, Train MSE: 0.161, Val MSE: 0.163
Current LR: [0.0007801002965856405]
Epoch: 282, Train ELBO: -213075.898, Val ELBO: -250186.751, Train MSE: 0.161, Val MSE: 0.163
Current LR: [0.000774978012079685]
Epoch: 283, Train ELBO: -219449.390, Val ELBO: -250187.781, Train MSE: 0.161, Val MSE: 0.163
Current LR: [0.0007698893614521868]
Epoch: 284, Train ELBO: -220667.723, Val ELBO: -250186.190, Train MSE: 0.162, Val MSE: 0.163
Current LR: [0.0007648341238568071]
Epoch: 285, Train ELBO: -213216.477, Val ELBO: -250187.036, Train MSE: 0.161, Val MSE: 0.163
Current LR: [0.0007598120798973254]
Epoch: 286, Train ELBO: -226814.728, Val ELBO: -250183.956, Train MSE: 0.162, Val MSE: 0.163
Current LR: [0.0007548230116181178]
Epoch: 287, Train ELBO: -212853.065, Val ELBO: -250191.100, Train MSE: 0.161, Val MSE: 0.163
Current LR: [0.0007498667024946976]
Epoch: 288, Train ELBO: -207312.750, Val ELBO: -250189.587, Train MSE: 0.161, Val MSE: 0.163
Current LR: [0.0007449429374243187]
Epoch: 289, Train ELBO: -198645.635, Val ELBO: -250200.383, Train MSE: 0.161, Val MSE: 0.164
Current LR: [0.0007400515027166398]
Epoch: 290, Train ELBO: -198367.856, Val ELBO: -250197.912, Train MSE: 0.161, Val MSE: 0.164
Current LR: [0.0007351921860844503]
Epoch: 291, Train ELBO: -198328.170, Val ELBO: -250209.752, Train MSE: 0.161, Val MSE: 0.164
Current LR: [0.0007303647766344572]
Epoch: 292, Train ELBO: -194949.615, Val ELBO: -250199.772, Train MSE: 0.160, Val MSE: 0.164
Current LR: [0.0007255690648581322]
Epoch: 293, Train ELBO: -202673.739, Val ELBO: -250193.442, Train MSE: 0.160, Val MSE: 0.164
Current LR: [0.0007208048426226194]
Epoch: 294, Train ELBO: -197161.256, Val ELBO: -250199.932, Train MSE: 0.161, Val MSE: 0.164
Current LR: [0.000716071903161702]
Epoch: 295, Train ELBO: -201721.674, Val ELBO: -250189.954, Train MSE: 0.160, Val MSE: 0.163
Current LR: [0.0007113700410668289]
Epoch: 296, Train ELBO: -214701.645, Val ELBO: -250184.401, Train MSE: 0.161, Val MSE: 0.163
Current LR: [0.0007066990522782]
Epoch: 297, Train ELBO: -217704.477, Val ELBO: -250181.927, Train MSE: 0.161, Val MSE: 0.163
Current LR: [0.0007020587340759101]
Epoch: 298, Train ELBO: -205876.344, Val ELBO: -250184.044, Train MSE: 0.161, Val MSE: 0.163
Current LR: [0.0006974488850711507]
Epoch: 299, Train ELBO: -212340.300, Val ELBO: -250186.020, Train MSE: 0.160, Val MSE: 0.163
Current LR: [0.0006928693051974701]
Epoch: 300, Train ELBO: -208609.507, Val ELBO: -250185.992, Train MSE: 0.160, Val MSE: 0.163
Current LR: [0.00068831979570209]
Epoch: 301, Train ELBO: -205293.639, Val ELBO: -250186.945, Train MSE: 0.160, Val MSE: 0.163
Current LR: [0.0006838001591372803]
Epoch: 302, Train ELBO: -205667.886, Val ELBO: -250181.978, Train MSE: 0.161, Val MSE: 0.163
Current LR: [0.0006793101993517897]
Epoch: 303, Train ELBO: -212090.979, Val ELBO: -250179.902, Train MSE: 0.161, Val MSE: 0.163
Current LR: [0.0006748497214823325]
Epoch: 304, Train ELBO: -204370.369, Val ELBO: -250177.130, Train MSE: 0.161, Val MSE: 0.163
Current LR: [0.0006704185319451319]
Epoch: 305, Train ELBO: -205819.962, Val ELBO: -250189.729, Train MSE: 0.161, Val MSE: 0.163
Current LR: [0.0006660164384275184]
Epoch: 306, Train ELBO: -207753.847, Val ELBO: -250179.553, Train MSE: 0.161, Val MSE: 0.163
Current LR: [0.0006616432498795834]
Epoch: 307, Train ELBO: -213508.922, Val ELBO: -250177.625, Train MSE: 0.161, Val MSE: 0.163
Current LR: [0.000657298776505888]
Epoch: 308, Train ELBO: -217353.290, Val ELBO: -250176.901, Train MSE: 0.161, Val MSE: 0.163
Current LR: [0.0006529828297572253]
Epoch: 309, Train ELBO: -197969.522, Val ELBO: -250185.866, Train MSE: 0.161, Val MSE: 0.163
Current LR: [0.0006486952223224378]
Epoch: 310, Train ELBO: -196370.428, Val ELBO: -250190.801, Train MSE: 0.161, Val MSE: 0.163
Current LR: [0.0006444357681202886]
Epoch: 311, Train ELBO: -199574.041, Val ELBO: -250183.709, Train MSE: 0.161, Val MSE: 0.163
Current LR: [0.0006402042822913844]
Epoch: 312, Train ELBO: -195449.782, Val ELBO: -250179.968, Train MSE: 0.161, Val MSE: 0.163
Current LR: [0.0006360005811901536]
Epoch: 313, Train ELBO: -198547.941, Val ELBO: -250178.994, Train MSE: 0.161, Val MSE: 0.163
Current LR: [0.0006318244823768757]
Epoch: 314, Train ELBO: -202768.159, Val ELBO: -250174.615, Train MSE: 0.161, Val MSE: 0.163
Current LR: [0.0006276758046097635]
Epoch: 315, Train ELBO: -203209.448, Val ELBO: -250174.767, Train MSE: 0.160, Val MSE: 0.163
Current LR: [0.0006235543678370975]
Epoch: 316, Train ELBO: -200617.425, Val ELBO: -250175.393, Train MSE: 0.160, Val MSE: 0.163
Current LR: [0.0006194599931894111]
Epoch: 317, Train ELBO: -205895.840, Val ELBO: -250174.319, Train MSE: 0.160, Val MSE: 0.163
Current LR: [0.0006153925029717284]
Epoch: 318, Train ELBO: -211270.153, Val ELBO: -250180.320, Train MSE: 0.160, Val MSE: 0.163
Current LR: [0.0006113517206558518]
Epoch: 319, Train ELBO: -202986.330, Val ELBO: -250183.433, Train MSE: 0.160, Val MSE: 0.163
Current LR: [0.0006073374708727011]
Epoch: 320, Train ELBO: -210195.322, Val ELBO: -250180.084, Train MSE: 0.160, Val MSE: 0.163
Current LR: [0.0006033495794047019]
Epoch: 321, Train ELBO: -212572.276, Val ELBO: -250174.960, Train MSE: 0.160, Val MSE: 0.163
Current LR: [0.0005993878731782254]
Epoch: 322, Train ELBO: -208673.532, Val ELBO: -250179.287, Train MSE: 0.160, Val MSE: 0.163
Current LR: [0.0005954521802560763]
Epoch: 323, Train ELBO: -200890.423, Val ELBO: -250175.608, Train MSE: 0.160, Val MSE: 0.163
Current LR: [0.0005915423298300314]
Epoch: 324, Train ELBO: -203808.521, Val ELBO: -250178.686, Train MSE: 0.160, Val MSE: 0.163
Current LR: [0.0005876581522134259]
Epoch: 325, Train ELBO: -214460.819, Val ELBO: -250176.671, Train MSE: 0.161, Val MSE: 0.163
Current LR: [0.0005837994788337898]
Epoch: 326, Train ELBO: -214766.218, Val ELBO: -250170.775, Train MSE: 0.161, Val MSE: 0.163
Current LR: [0.0005799661422255311]
Epoch: 327, Train ELBO: -208651.265, Val ELBO: -250180.039, Train MSE: 0.161, Val MSE: 0.163
Current LR: [0.0005761579760226683]
Epoch: 328, Train ELBO: -215639.272, Val ELBO: -250176.192, Train MSE: 0.161, Val MSE: 0.163
Current LR: [0.0005723748149516103]
Epoch: 329, Train ELBO: -201767.175, Val ELBO: -250194.463, Train MSE: 0.161, Val MSE: 0.164
Current LR: [0.000568616494823983]
Epoch: 330, Train ELBO: -204326.224, Val ELBO: -250189.238, Train MSE: 0.161, Val MSE: 0.163
Current LR: [0.0005648828525295041]
Epoch: 331, Train ELBO: -200191.166, Val ELBO: -250184.098, Train MSE: 0.161, Val MSE: 0.163
Current LR: [0.0005611737260289039]
Epoch: 332, Train ELBO: -205818.028, Val ELBO: -250175.433, Train MSE: 0.161, Val MSE: 0.163
Current LR: [0.0005574889543468928]
Epoch: 333, Train ELBO: -207084.615, Val ELBO: -250174.313, Train MSE: 0.161, Val MSE: 0.163
Current LR: [0.0005538283775651752]
Epoch: 334, Train ELBO: -214530.429, Val ELBO: -250170.412, Train MSE: 0.161, Val MSE: 0.163
Current LR: [0.0005501918368155087]
Epoch: 335, Train ELBO: -209462.023, Val ELBO: -250172.033, Train MSE: 0.161, Val MSE: 0.163
Current LR: [0.0005465791742728098]
Epoch: 336, Train ELBO: -203021.221, Val ELBO: -250170.446, Train MSE: 0.160, Val MSE: 0.163
Current LR: [0.0005429902331483038]
Epoch: 337, Train ELBO: -202270.429, Val ELBO: -250167.066, Train MSE: 0.161, Val MSE: 0.163
Current LR: [0.0005394248576827204]
Epoch: 338, Train ELBO: -209155.613, Val ELBO: -250165.472, Train MSE: 0.161, Val MSE: 0.163
Current LR: [0.000535882893139534]
Epoch: 339, Train ELBO: -212149.194, Val ELBO: -250165.124, Train MSE: 0.161, Val MSE: 0.163
Current LR: [0.000532364185798248]
Epoch: 340, Train ELBO: -206787.498, Val ELBO: -250174.010, Train MSE: 0.161, Val MSE: 0.163
Current LR: [0.0005288685829477232]
Epoch: 341, Train ELBO: -213827.736, Val ELBO: -250169.178, Train MSE: 0.161, Val MSE: 0.163
Current LR: [0.0005253959328795504]
Epoch: 342, Train ELBO: -206957.278, Val ELBO: -250171.300, Train MSE: 0.161, Val MSE: 0.163
Current LR: [0.000521946084881466]
Epoch: 343, Train ELBO: -209706.116, Val ELBO: -250169.105, Train MSE: 0.161, Val MSE: 0.163
Current LR: [0.0005185188892308116]
Epoch: 344, Train ELBO: -211119.890, Val ELBO: -250170.780, Train MSE: 0.161, Val MSE: 0.163
Current LR: [0.0005151141971880358]
Epoch: 345, Train ELBO: -211622.658, Val ELBO: -250167.463, Train MSE: 0.159, Val MSE: 0.163
Current LR: [0.0005117318609902385]
Epoch: 346, Train ELBO: -216237.732, Val ELBO: -250163.978, Train MSE: 0.160, Val MSE: 0.163
Current LR: [0.0005083717338447589]
Epoch: 347, Train ELBO: -209405.809, Val ELBO: -250163.638, Train MSE: 0.160, Val MSE: 0.163
Current LR: [0.0005050336699228041]
Epoch: 348, Train ELBO: -224020.961, Val ELBO: -250161.041, Train MSE: 0.160, Val MSE: 0.163
Current LR: [0.0005017175243531203]
Epoch: 349, Train ELBO: -216464.562, Val ELBO: -250170.978, Train MSE: 0.160, Val MSE: 0.163
Current LR: [0.0004984231532157056]
Epoch: 350, Train ELBO: -208844.408, Val ELBO: -250174.398, Train MSE: 0.160, Val MSE: 0.163
Current LR: [0.0004951504135355637]
Epoch: 351, Train ELBO: -209735.050, Val ELBO: -250167.494, Train MSE: 0.160, Val MSE: 0.163
Current LR: [0.0004918991632764988]
Epoch: 352, Train ELBO: -211812.817, Val ELBO: -250167.899, Train MSE: 0.160, Val MSE: 0.163
Current LR: [0.0004886692613349514]
Epoch: 353, Train ELBO: -208025.267, Val ELBO: -250170.455, Train MSE: 0.160, Val MSE: 0.163
Current LR: [0.00048546056753387423]
Epoch: 354, Train ELBO: -208427.350, Val ELBO: -250168.109, Train MSE: 0.160, Val MSE: 0.163
Current LR: [0.000482272942616649]
Epoch: 355, Train ELBO: -214318.571, Val ELBO: -250165.999, Train MSE: 0.160, Val MSE: 0.163
Current LR: [0.00047910624824104234]
Epoch: 356, Train ELBO: -216810.480, Val ELBO: -250167.105, Train MSE: 0.160, Val MSE: 0.163
Current LR: [0.00047596034697320173]
Epoch: 357, Train ELBO: -206804.203, Val ELBO: -250178.855, Train MSE: 0.161, Val MSE: 0.163
Current LR: [0.0004728351022816912]
Epoch: 358, Train ELBO: -206746.659, Val ELBO: -250170.474, Train MSE: 0.160, Val MSE: 0.163
Current LR: [0.00046973037853156565]
Epoch: 359, Train ELBO: -208863.869, Val ELBO: -250160.672, Train MSE: 0.160, Val MSE: 0.163
Current LR: [0.00046664604097848447]
Epoch: 360, Train ELBO: -210928.924, Val ELBO: -250172.167, Train MSE: 0.160, Val MSE: 0.163
Current LR: [0.0004635819557628635]
Epoch: 361, Train ELBO: -218725.043, Val ELBO: -250162.873, Train MSE: 0.161, Val MSE: 0.163
Current LR: [0.00046053798990406574]
Epoch: 362, Train ELBO: -223770.822, Val ELBO: -250156.922, Train MSE: 0.161, Val MSE: 0.163
Current LR: [0.00045751401129462996]
Epoch: 363, Train ELBO: -224978.543, Val ELBO: -250164.519, Train MSE: 0.161, Val MSE: 0.163
Current LR: [0.0004545098886945371]
Epoch: 364, Train ELBO: -220940.938, Val ELBO: -250156.582, Train MSE: 0.161, Val MSE: 0.163
Current LR: [0.0004515254917255148]
Epoch: 365, Train ELBO: -211400.789, Val ELBO: -250155.408, Train MSE: 0.161, Val MSE: 0.163
Current LR: [0.00044856069086537866]
Epoch: 366, Train ELBO: -221965.177, Val ELBO: -250157.565, Train MSE: 0.161, Val MSE: 0.163
Current LR: [0.0004456153574424113]
Epoch: 367, Train ELBO: -220635.716, Val ELBO: -250160.609, Train MSE: 0.161, Val MSE: 0.163
Current LR: [0.00044268936362977784]
Epoch: 368, Train ELBO: -217078.080, Val ELBO: -250166.843, Train MSE: 0.161, Val MSE: 0.163
Current LR: [0.00043978258243997835]
Epoch: 369, Train ELBO: -220934.640, Val ELBO: -250162.935, Train MSE: 0.161, Val MSE: 0.163
Current LR: [0.0004368948877193366]
Epoch: 370, Train ELBO: -213459.569, Val ELBO: -250166.662, Train MSE: 0.161, Val MSE: 0.163
Current LR: [0.0004340261541425249]
Epoch: 371, Train ELBO: -209075.966, Val ELBO: -250180.264, Train MSE: 0.160, Val MSE: 0.163
Current LR: [0.00043117625720712536]
Epoch: 372, Train ELBO: -213506.580, Val ELBO: -250188.485, Train MSE: 0.161, Val MSE: 0.163
Current LR: [0.0004283450732282259]
Epoch: 373, Train ELBO: -220711.693, Val ELBO: -250185.795, Train MSE: 0.161, Val MSE: 0.163
Current LR: [0.000425532479333053]
Epoch: 374, Train ELBO: -217431.706, Val ELBO: -250200.616, Train MSE: 0.161, Val MSE: 0.164
Current LR: [0.00042273835345563865]
Epoch: 375, Train ELBO: -208434.705, Val ELBO: -250195.656, Train MSE: 0.161, Val MSE: 0.164
Current LR: [0.00041996257433152284]
Epoch: 376, Train ELBO: -207992.007, Val ELBO: -250179.383, Train MSE: 0.161, Val MSE: 0.163
Current LR: [0.0004172050214924907]
Epoch: 377, Train ELBO: -198705.852, Val ELBO: -250174.122, Train MSE: 0.161, Val MSE: 0.163
Current LR: [0.00041446557526134413]
Epoch: 378, Train ELBO: -203978.643, Val ELBO: -250178.342, Train MSE: 0.160, Val MSE: 0.163
Current LR: [0.000411744116746708]
Epoch: 379, Train ELBO: -199061.107, Val ELBO: -250183.735, Train MSE: 0.160, Val MSE: 0.163
Current LR: [0.0004090405278378702]
Epoch: 380, Train ELBO: -198889.392, Val ELBO: -250170.656, Train MSE: 0.160, Val MSE: 0.163
Current LR: [0.0004063546911996556]
Epoch: 381, Train ELBO: -204154.859, Val ELBO: -250172.261, Train MSE: 0.160, Val MSE: 0.163
Current LR: [0.0004036864902673338]
Epoch: 382, Train ELBO: -202896.453, Val ELBO: -250188.933, Train MSE: 0.161, Val MSE: 0.163
Current LR: [0.00040103580924156015]
Epoch: 383, Train ELBO: -194618.403, Val ELBO: -250199.965, Train MSE: 0.160, Val MSE: 0.164
Current LR: [0.0003984025330833503]
Epoch: 384, Train ELBO: -195952.038, Val ELBO: -250188.371, Train MSE: 0.160, Val MSE: 0.163
Current LR: [0.00039578654750908735]
Epoch: 385, Train ELBO: -198058.708, Val ELBO: -250181.847, Train MSE: 0.160, Val MSE: 0.163
Current LR: [0.00039318773898556195]
Epoch: 386, Train ELBO: -205033.655, Val ELBO: -250181.469, Train MSE: 0.160, Val MSE: 0.163
Current LR: [0.00039060599472504515]
Epoch: 387, Train ELBO: -195263.078, Val ELBO: -250178.486, Train MSE: 0.160, Val MSE: 0.163
Current LR: [0.00038804120268039324]
Epoch: 388, Train ELBO: -204403.338, Val ELBO: -250162.105, Train MSE: 0.160, Val MSE: 0.163
Current LR: [0.00038549325154018505]
Epoch: 389, Train ELBO: -202634.706, Val ELBO: -250159.532, Train MSE: 0.160, Val MSE: 0.163
Current LR: [0.000382962030723891]
Epoch: 390, Train ELBO: -197254.879, Val ELBO: -250163.981, Train MSE: 0.160, Val MSE: 0.163
Current LR: [0.00038044743037707405]
Epoch: 391, Train ELBO: -210400.748, Val ELBO: -250158.812, Train MSE: 0.160, Val MSE: 0.163
Current LR: [0.00037794934136662186]
Epoch: 392, Train ELBO: -223658.970, Val ELBO: -250172.823, Train MSE: 0.160, Val MSE: 0.163
Current LR: [0.0003754676552760105]
Epoch: 393, Train ELBO: -213316.668, Val ELBO: -250196.708, Train MSE: 0.160, Val MSE: 0.164
Current LR: [0.0003730022644005994]
Epoch: 394, Train ELBO: -202884.115, Val ELBO: -250198.437, Train MSE: 0.160, Val MSE: 0.164
Current LR: [0.00037055306174295653]
Epoch: 395, Train ELBO: -194176.160, Val ELBO: -250213.957, Train MSE: 0.160, Val MSE: 0.164
Current LR: [0.0003681199410082153]
Epoch: 396, Train ELBO: -190452.077, Val ELBO: -250215.911, Train MSE: 0.161, Val MSE: 0.164
Current LR: [0.00036570279659946085]
Epoch: 397, Train ELBO: -185751.382, Val ELBO: -250204.862, Train MSE: 0.161, Val MSE: 0.164
Current LR: [0.00036330152361314764]
Epoch: 398, Train ELBO: -207319.829, Val ELBO: -250184.681, Train MSE: 0.161, Val MSE: 0.163
Current LR: [0.0003609160178345463]
Epoch: 399, Train ELBO: -192305.596, Val ELBO: -250175.801, Train MSE: 0.161, Val MSE: 0.163
Current LR: [0.00035854617573322095]
Epoch: 400, Train ELBO: -202029.295, Val ELBO: -250168.637, Train MSE: 0.161, Val MSE: 0.163
Current LR: [0.00035619189445853584]
Epoch: 401, Train ELBO: -211956.198, Val ELBO: -250172.541, Train MSE: 0.161, Val MSE: 0.163
Current LR: [0.00035385307183519177]
Epoch: 402, Train ELBO: -212702.907, Val ELBO: -250169.841, Train MSE: 0.161, Val MSE: 0.163
Current LR: [0.00035152960635879174]
Epoch: 403, Train ELBO: -221398.885, Val ELBO: -250163.194, Train MSE: 0.161, Val MSE: 0.163
Current LR: [0.0003492213971914355]
Epoch: 404, Train ELBO: -223649.353, Val ELBO: -250170.256, Train MSE: 0.161, Val MSE: 0.163
Current LR: [0.0003469283441573434]
Epoch: 405, Train ELBO: -215860.500, Val ELBO: -250170.067, Train MSE: 0.161, Val MSE: 0.163
Current LR: [0.00034465034773850867]
Epoch: 406, Train ELBO: -220672.825, Val ELBO: -250169.310, Train MSE: 0.162, Val MSE: 0.163
Current LR: [0.00034238730907037843]
Epoch: 407, Train ELBO: -230502.430, Val ELBO: -250173.841, Train MSE: 0.162, Val MSE: 0.163
Current LR: [0.0003401391299375629]
Epoch: 408, Train ELBO: -229628.194, Val ELBO: -250183.357, Train MSE: 0.162, Val MSE: 0.163
Current LR: [0.000337905712769573]
Epoch: 409, Train ELBO: -222435.213, Val ELBO: -250185.485, Train MSE: 0.162, Val MSE: 0.163
Current LR: [0.00033568696063658566]
Epoch: 410, Train ELBO: -222475.503, Val ELBO: -250182.595, Train MSE: 0.162, Val MSE: 0.163
Current LR: [0.00033348277724523716]
Epoch: 411, Train ELBO: -219995.483, Val ELBO: -250185.398, Train MSE: 0.161, Val MSE: 0.163
Current LR: [0.00033129306693444407]
Epoch: 412, Train ELBO: -228312.689, Val ELBO: -250195.214, Train MSE: 0.162, Val MSE: 0.163
Current LR: [0.00032911773467125154]
Epoch: 413, Train ELBO: -225755.706, Val ELBO: -250187.575, Train MSE: 0.162, Val MSE: 0.163
Current LR: [0.00032695668604670885]
Epoch: 414, Train ELBO: -215008.108, Val ELBO: -250183.540, Train MSE: 0.162, Val MSE: 0.163
Current LR: [0.00032480982727177215]
Epoch: 415, Train ELBO: -213694.863, Val ELBO: -250180.552, Train MSE: 0.162, Val MSE: 0.163
Current LR: [0.0003226770651732339]
Epoch: 416, Train ELBO: -213670.523, Val ELBO: -250178.224, Train MSE: 0.162, Val MSE: 0.163
Current LR: [0.0003205583071896794]
Epoch: 417, Train ELBO: -208085.093, Val ELBO: -250180.527, Train MSE: 0.162, Val MSE: 0.163
Current LR: [0.0003184534613674694]
Epoch: 418, Train ELBO: -201776.547, Val ELBO: -250191.463, Train MSE: 0.162, Val MSE: 0.163
Current LR: [0.0003163624363567496]
Epoch: 419, Train ELBO: -193261.213, Val ELBO: -250194.028, Train MSE: 0.161, Val MSE: 0.163
Current LR: [0.00031428514140748585]
Epoch: 420, Train ELBO: -199038.176, Val ELBO: -250186.955, Train MSE: 0.161, Val MSE: 0.163
Current LR: [0.00031222148636552566]
Epoch: 421, Train ELBO: -204106.326, Val ELBO: -250176.427, Train MSE: 0.161, Val MSE: 0.163
Current LR: [0.0003101713816686856]
Epoch: 422, Train ELBO: -204464.046, Val ELBO: -250178.557, Train MSE: 0.162, Val MSE: 0.163
Current LR: [0.0003081347383428644]
Epoch: 423, Train ELBO: -207264.443, Val ELBO: -250187.392, Train MSE: 0.161, Val MSE: 0.163
Current LR: [0.00030611146799818114]
Epoch: 424, Train ELBO: -209246.269, Val ELBO: -250179.639, Train MSE: 0.162, Val MSE: 0.163
Current LR: [0.00030410148282513966]
Epoch: 425, Train ELBO: -213453.329, Val ELBO: -250169.690, Train MSE: 0.162, Val MSE: 0.163
Current LR: [0.0003021046955908173]
Epoch: 426, Train ELBO: -202335.086, Val ELBO: -250170.714, Train MSE: 0.162, Val MSE: 0.163
Current LR: [0.00030012101963507897]
Epoch: 427, Train ELBO: -198958.804, Val ELBO: -250177.296, Train MSE: 0.161, Val MSE: 0.163
Current LR: [0.0002981503688668164]
Epoch: 428, Train ELBO: -191049.948, Val ELBO: -250186.211, Train MSE: 0.161, Val MSE: 0.163
Current LR: [0.00029619265776021156]
Epoch: 429, Train ELBO: -195005.326, Val ELBO: -250182.826, Train MSE: 0.161, Val MSE: 0.163
Current LR: [0.000294247801351025]
Epoch: 430, Train ELBO: -189841.858, Val ELBO: -250177.444, Train MSE: 0.161, Val MSE: 0.163
Current LR: [0.0002923157152329083]
Epoch: 431, Train ELBO: -185193.262, Val ELBO: -250169.572, Train MSE: 0.162, Val MSE: 0.163
Current LR: [0.00029039631555374096]
Epoch: 432, Train ELBO: -196488.569, Val ELBO: -250165.087, Train MSE: 0.162, Val MSE: 0.163
Current LR: [0.00028848951901199116]
Epoch: 433, Train ELBO: -197211.923, Val ELBO: -250165.115, Train MSE: 0.162, Val MSE: 0.163
Current LR: [0.00028659524285310053]
Epoch: 434, Train ELBO: -208594.452, Val ELBO: -250171.529, Train MSE: 0.162, Val MSE: 0.163
Current LR: [0.0002847134048658926]
Epoch: 435, Train ELBO: -207774.310, Val ELBO: -250170.421, Train MSE: 0.162, Val MSE: 0.163
Current LR: [0.000282843923379005]
Epoch: 436, Train ELBO: -209865.211, Val ELBO: -250172.270, Train MSE: 0.161, Val MSE: 0.163
Current LR: [0.0002809867172573446]
Epoch: 437, Train ELBO: -207005.041, Val ELBO: -250167.417, Train MSE: 0.161, Val MSE: 0.163
Current LR: [0.0002791417058985666]
Epoch: 438, Train ELBO: -210208.878, Val ELBO: -250159.413, Train MSE: 0.161, Val MSE: 0.163
Current LR: [0.00027730880922957623]
Epoch: 439, Train ELBO: -207991.541, Val ELBO: -250156.096, Train MSE: 0.160, Val MSE: 0.163
Current LR: [0.00027548794770305366]
Epoch: 440, Train ELBO: -206853.670, Val ELBO: -250163.899, Train MSE: 0.160, Val MSE: 0.163
Current LR: [0.00027367904229400167]
Epoch: 441, Train ELBO: -213079.721, Val ELBO: -250176.931, Train MSE: 0.161, Val MSE: 0.163
Current LR: [0.0002718820144963159]
Epoch: 442, Train ELBO: -214750.670, Val ELBO: -250179.085, Train MSE: 0.161, Val MSE: 0.163
Current LR: [0.0002700967863193778]
Epoch: 443, Train ELBO: -213695.836, Val ELBO: -250183.346, Train MSE: 0.161, Val MSE: 0.163
Current LR: [0.0002683232802846698]
Epoch: 444, Train ELBO: -207270.458, Val ELBO: -250184.581, Train MSE: 0.160, Val MSE: 0.163
Current LR: [0.00026656141942241283]
Epoch: 445, Train ELBO: -212800.891, Val ELBO: -250169.873, Train MSE: 0.160, Val MSE: 0.163
Current LR: [0.00026481112726822563]
Epoch: 446, Train ELBO: -199575.116, Val ELBO: -250180.800, Train MSE: 0.160, Val MSE: 0.163
Current LR: [0.00026307232785980657]
Epoch: 447, Train ELBO: -200461.025, Val ELBO: -250182.214, Train MSE: 0.160, Val MSE: 0.163
Current LR: [0.0002613449457336366]
Epoch: 448, Train ELBO: -206801.370, Val ELBO: -250174.558, Train MSE: 0.161, Val MSE: 0.163
Current LR: [0.0002596289059217042]
Epoch: 449, Train ELBO: -207010.562, Val ELBO: -250171.080, Train MSE: 0.161, Val MSE: 0.163
Current LR: [0.00025792413394825205]
Epoch: 450, Train ELBO: -211760.050, Val ELBO: -250169.086, Train MSE: 0.160, Val MSE: 0.163
Current LR: [0.00025623055582654433]
Epoch: 451, Train ELBO: -211033.718, Val ELBO: -250167.110, Train MSE: 0.161, Val MSE: 0.163
Current LR: [0.00025454809805565615]
Epoch: 452, Train ELBO: -200808.418, Val ELBO: -250161.662, Train MSE: 0.160, Val MSE: 0.163
Current LR: [0.0002528766876172834]
Epoch: 453, Train ELBO: -211345.709, Val ELBO: -250158.502, Train MSE: 0.160, Val MSE: 0.163
Current LR: [0.00025121625197257373]
Epoch: 454, Train ELBO: -213195.621, Val ELBO: -250162.948, Train MSE: 0.160, Val MSE: 0.163
Current LR: [0.0002495667190589786]
Epoch: 455, Train ELBO: -204650.719, Val ELBO: -250170.934, Train MSE: 0.161, Val MSE: 0.163
Current LR: [0.0002479280172871256]
Epoch: 456, Train ELBO: -203116.099, Val ELBO: -250173.026, Train MSE: 0.161, Val MSE: 0.163
Current LR: [0.0002463000755377114]
Epoch: 457, Train ELBO: -203381.774, Val ELBO: -250167.708, Train MSE: 0.161, Val MSE: 0.163
Current LR: [0.0002446828231584156]
Epoch: 458, Train ELBO: -199632.670, Val ELBO: -250178.555, Train MSE: 0.160, Val MSE: 0.163
Current LR: [0.0002430761899608339]
Epoch: 459, Train ELBO: -213646.521, Val ELBO: -250173.705, Train MSE: 0.161, Val MSE: 0.163
Current LR: [0.00024148010621743234]
Epoch: 460, Train ELBO: -205839.097, Val ELBO: -250167.135, Train MSE: 0.160, Val MSE: 0.163
Current LR: [0.00023989450265852092]
Epoch: 461, Train ELBO: -202092.173, Val ELBO: -250174.575, Train MSE: 0.160, Val MSE: 0.163
Current LR: [0.0002383193104692474]
Epoch: 462, Train ELBO: -198024.412, Val ELBO: -250176.623, Train MSE: 0.160, Val MSE: 0.163
Current LR: [0.00023675446128661076]
Epoch: 463, Train ELBO: -200195.595, Val ELBO: -250167.863, Train MSE: 0.160, Val MSE: 0.163
Current LR: [0.00023519988719649423]
Epoch: 464, Train ELBO: -204408.625, Val ELBO: -250172.014, Train MSE: 0.160, Val MSE: 0.163
Current LR: [0.0002336555207307178]
Epoch: 465, Train ELBO: -202512.667, Val ELBO: -250168.602, Train MSE: 0.160, Val MSE: 0.163
Current LR: [0.00023212129486411024]
Epoch: 466, Train ELBO: -204158.476, Val ELBO: -250170.073, Train MSE: 0.161, Val MSE: 0.163
Current LR: [0.00023059714301160004]
Epoch: 467, Train ELBO: -210215.894, Val ELBO: -250166.332, Train MSE: 0.161, Val MSE: 0.163
Current LR: [0.00022908299902532576]
Epoch: 468, Train ELBO: -213690.555, Val ELBO: -250170.957, Train MSE: 0.162, Val MSE: 0.163
Current LR: [0.0002275787971917652]
Epoch: 469, Train ELBO: -208986.307, Val ELBO: -250167.508, Train MSE: 0.161, Val MSE: 0.163
Current LR: [0.00022608447222888345]
Epoch: 470, Train ELBO: -210101.140, Val ELBO: -250168.161, Train MSE: 0.161, Val MSE: 0.163
Current LR: [0.00022459995928329965]
Epoch: 471, Train ELBO: -210903.432, Val ELBO: -250165.604, Train MSE: 0.161, Val MSE: 0.163
Current LR: [0.00022312519392747238]
Epoch: 472, Train ELBO: -205457.589, Val ELBO: -250173.511, Train MSE: 0.161, Val MSE: 0.163
Current LR: [0.00022166011215690346]
Epoch: 473, Train ELBO: -209471.395, Val ELBO: -250179.984, Train MSE: 0.161, Val MSE: 0.163
Current LR: [0.0002202046503873603]
Epoch: 474, Train ELBO: -205049.124, Val ELBO: -250182.493, Train MSE: 0.162, Val MSE: 0.163
Current LR: [0.00021875874545211624]
Epoch: 475, Train ELBO: -204897.532, Val ELBO: -250187.166, Train MSE: 0.162, Val MSE: 0.163
Current LR: [0.00021732233459920914]
Epoch: 476, Train ELBO: -197548.735, Val ELBO: -250189.621, Train MSE: 0.161, Val MSE: 0.163
Current LR: [0.00021589535548871804]
Epoch: 477, Train ELBO: -198077.632, Val ELBO: -250180.185, Train MSE: 0.161, Val MSE: 0.163
Current LR: [0.00021447774619005752]
Epoch: 478, Train ELBO: -196227.114, Val ELBO: -250174.432, Train MSE: 0.161, Val MSE: 0.163
Current LR: [0.00021306944517929]
Epoch: 479, Train ELBO: -195820.960, Val ELBO: -250175.993, Train MSE: 0.161, Val MSE: 0.163
Current LR: [0.00021167039133645558]
Epoch: 480, Train ELBO: -199778.077, Val ELBO: -250170.062, Train MSE: 0.160, Val MSE: 0.163
Current LR: [0.0002102805239429194]
Epoch: 481, Train ELBO: -211825.997, Val ELBO: -250167.498, Train MSE: 0.161, Val MSE: 0.163
Current LR: [0.00020889978267873662]
Epoch: 482, Train ELBO: -209298.059, Val ELBO: -250168.968, Train MSE: 0.161, Val MSE: 0.163
Current LR: [0.00020752810762003434]
Epoch: 483, Train ELBO: -207807.417, Val ELBO: -250170.455, Train MSE: 0.161, Val MSE: 0.163
Current LR: [0.0002061654392364111]
Epoch: 484, Train ELBO: -189518.223, Val ELBO: -250180.576, Train MSE: 0.160, Val MSE: 0.163
Current LR: [0.00020481171838835312]
Epoch: 485, Train ELBO: -190118.571, Val ELBO: -250178.387, Train MSE: 0.160, Val MSE: 0.163
Current LR: [0.0002034668863246678]
Epoch: 486, Train ELBO: -185897.321, Val ELBO: -250179.688, Train MSE: 0.160, Val MSE: 0.163
Current LR: [0.00020213088467993385]
Epoch: 487, Train ELBO: -188838.930, Val ELBO: -250184.226, Train MSE: 0.160, Val MSE: 0.163
Current LR: [0.00020080365547196823]
Epoch: 488, Train ELBO: -188274.526, Val ELBO: -250185.237, Train MSE: 0.161, Val MSE: 0.163
Current LR: [0.00019948514109930976]
Epoch: 489, Train ELBO: -184125.126, Val ELBO: -250179.313, Train MSE: 0.160, Val MSE: 0.163
Current LR: [0.00019817528433871927]
Epoch: 490, Train ELBO: -181521.450, Val ELBO: -250174.429, Train MSE: 0.160, Val MSE: 0.163
Current LR: [0.00019687402834269604]
Epoch: 491, Train ELBO: -179330.301, Val ELBO: -250177.564, Train MSE: 0.160, Val MSE: 0.163
Current LR: [0.00019558131663701073]
Epoch: 492, Train ELBO: -185483.751, Val ELBO: -250174.593, Train MSE: 0.160, Val MSE: 0.163
Current LR: [0.0001942970931182543]
Epoch: 493, Train ELBO: -190398.800, Val ELBO: -250171.362, Train MSE: 0.160, Val MSE: 0.163
Current LR: [0.00019302130205140324]
Epoch: 494, Train ELBO: -188316.816, Val ELBO: -250179.722, Train MSE: 0.160, Val MSE: 0.163
Current LR: [0.00019175388806740056]
Epoch: 495, Train ELBO: -192663.206, Val ELBO: -250179.425, Train MSE: 0.160, Val MSE: 0.163
Current LR: [0.00019049479616075295]
Epoch: 496, Train ELBO: -195071.767, Val ELBO: -250170.441, Train MSE: 0.160, Val MSE: 0.163
Current LR: [0.0001892439716871434]
Epoch: 497, Train ELBO: -189757.019, Val ELBO: -250187.373, Train MSE: 0.160, Val MSE: 0.163
Current LR: [0.0001880013603610597]
Epoch: 498, Train ELBO: -187067.375, Val ELBO: -250182.787, Train MSE: 0.160, Val MSE: 0.163
Current LR: [0.00018676690825343857]
Epoch: 499, Train ELBO: -194979.581, Val ELBO: -250184.059, Train MSE: 0.160, Val MSE: 0.163
Current LR: [0.00018554056178932493]
Epoch: 500, Train ELBO: -203182.577, Val ELBO: -250182.902, Train MSE: 0.161, Val MSE: 0.163
Current LR: [0.00018432226774554693]
Epoch: 501, Train ELBO: -207859.986, Val ELBO: -250173.497, Train MSE: 0.160, Val MSE: 0.163
Current LR: [0.000183111973248406]
Epoch: 502, Train ELBO: -201506.069, Val ELBO: -250172.109, Train MSE: 0.160, Val MSE: 0.163
Current LR: [0.0001819096257713822]
Epoch: 503, Train ELBO: -206190.694, Val ELBO: -250171.727, Train MSE: 0.161, Val MSE: 0.163
Current LR: [0.00018071517313285456]
Epoch: 504, Train ELBO: -212428.941, Val ELBO: -250175.051, Train MSE: 0.161, Val MSE: 0.163
Current LR: [0.00017952856349383634]
Epoch: 505, Train ELBO: -215326.846, Val ELBO: -250171.199, Train MSE: 0.161, Val MSE: 0.163
Current LR: [0.00017834974535572534]
Epoch: 506, Train ELBO: -219000.254, Val ELBO: -250168.443, Train MSE: 0.161, Val MSE: 0.163
Current LR: [0.00017717866755806878]
Epoch: 507, Train ELBO: -217089.693, Val ELBO: -250167.354, Train MSE: 0.161, Val MSE: 0.163
Current LR: [0.00017601527927634298]
Epoch: 508, Train ELBO: -206223.208, Val ELBO: -250172.720, Train MSE: 0.160, Val MSE: 0.163
Current LR: [0.00017485953001974766]
Epoch: 509, Train ELBO: -203554.497, Val ELBO: -250170.493, Train MSE: 0.160, Val MSE: 0.163
Current LR: [0.0001737113696290145]
Epoch: 510, Train ELBO: -198795.926, Val ELBO: -250172.622, Train MSE: 0.160, Val MSE: 0.163
Current LR: [0.00017257074827423035]
Epoch: 511, Train ELBO: -196347.594, Val ELBO: -250184.357, Train MSE: 0.160, Val MSE: 0.163
Current LR: [0.00017143761645267464]
Epoch: 512, Train ELBO: -198475.655, Val ELBO: -250181.245, Train MSE: 0.161, Val MSE: 0.163
Current LR: [0.00017031192498667084]
Epoch: 513, Train ELBO: -206772.488, Val ELBO: -250184.216, Train MSE: 0.161, Val MSE: 0.163
Current LR: [0.0001691936250214523]
Epoch: 514, Train ELBO: -206749.715, Val ELBO: -250184.185, Train MSE: 0.161, Val MSE: 0.163
Current LR: [0.00016808266802304192]
Epoch: 515, Train ELBO: -201770.191, Val ELBO: -250177.269, Train MSE: 0.161, Val MSE: 0.163
Current LR: [0.00016697900577614572]
Epoch: 516, Train ELBO: -202396.806, Val ELBO: -250173.905, Train MSE: 0.161, Val MSE: 0.163
Current LR: [0.00016588259038206041]
Epoch: 517, Train ELBO: -202475.292, Val ELBO: -250179.476, Train MSE: 0.161, Val MSE: 0.163
Current LR: [0.00016479337425659454]
Epoch: 518, Train ELBO: -201523.470, Val ELBO: -250181.404, Train MSE: 0.161, Val MSE: 0.163
Current LR: [0.00016371131012800333]
Epoch: 519, Train ELBO: -204073.881, Val ELBO: -250178.262, Train MSE: 0.160, Val MSE: 0.163
Current LR: [0.00016263635103493717]
Epoch: 520, Train ELBO: -210238.036, Val ELBO: -250170.832, Train MSE: 0.160, Val MSE: 0.163
Current LR: [0.0001615684503244034]
Epoch: 521, Train ELBO: -205547.161, Val ELBO: -250172.578, Train MSE: 0.160, Val MSE: 0.163
Current LR: [0.0001605075616497417]
Epoch: 522, Train ELBO: -196337.608, Val ELBO: -250177.148, Train MSE: 0.161, Val MSE: 0.163
Current LR: [0.00015945363896861255]
Epoch: 523, Train ELBO: -192481.785, Val ELBO: -250176.363, Train MSE: 0.161, Val MSE: 0.163
Current LR: [0.00015840663654099907]
Epoch: 524, Train ELBO: -187735.495, Val ELBO: -250178.085, Train MSE: 0.161, Val MSE: 0.163
Current LR: [0.00015736650892722188]
Epoch: 525, Train ELBO: -185300.485, Val ELBO: -250184.198, Train MSE: 0.161, Val MSE: 0.163
Current LR: [0.00015633321098596704]
Epoch: 526, Train ELBO: -189239.340, Val ELBO: -250184.620, Train MSE: 0.161, Val MSE: 0.163
Current LR: [0.00015530669787232692]
Epoch: 527, Train ELBO: -196146.258, Val ELBO: -250182.224, Train MSE: 0.161, Val MSE: 0.163
Current LR: [0.00015428692503585397]
Epoch: 528, Train ELBO: -190004.063, Val ELBO: -250192.085, Train MSE: 0.161, Val MSE: 0.163
Current LR: [0.00015327384821862714]
Epoch: 529, Train ELBO: -201268.684, Val ELBO: -250182.745, Train MSE: 0.161, Val MSE: 0.163
Current LR: [0.00015226742345333125]
Epoch: 530, Train ELBO: -204456.190, Val ELBO: -250180.734, Train MSE: 0.161, Val MSE: 0.163
Current LR: [0.0001512676070613487]
Epoch: 531, Train ELBO: -207877.816, Val ELBO: -250178.114, Train MSE: 0.161, Val MSE: 0.163
Current LR: [0.0001502743556508639]
Epoch: 532, Train ELBO: -205003.766, Val ELBO: -250181.073, Train MSE: 0.161, Val MSE: 0.163
Current LR: [0.00014928762611497994]
Epoch: 533, Train ELBO: -205132.984, Val ELBO: -250181.787, Train MSE: 0.161, Val MSE: 0.163
Current LR: [0.000148307375629848]
Epoch: 534, Train ELBO: -221544.236, Val ELBO: -250173.804, Train MSE: 0.161, Val MSE: 0.163
Current LR: [0.00014733356165280858]
Epoch: 535, Train ELBO: -228764.709, Val ELBO: -250170.954, Train MSE: 0.161, Val MSE: 0.163
Current LR: [0.00014636614192054524]
Epoch: 536, Train ELBO: -227601.432, Val ELBO: -250171.767, Train MSE: 0.161, Val MSE: 0.163
Current LR: [0.00014540507444725043]
Epoch: 537, Train ELBO: -227047.295, Val ELBO: -250166.782, Train MSE: 0.161, Val MSE: 0.163
Current LR: [0.0001444503175228032]
Epoch: 538, Train ELBO: -226747.454, Val ELBO: -250165.274, Train MSE: 0.161, Val MSE: 0.163
Current LR: [0.00014350182971095915]
Epoch: 539, Train ELBO: -222037.334, Val ELBO: -250167.324, Train MSE: 0.161, Val MSE: 0.163
Current LR: [0.00014255956984755193]
Epoch: 540, Train ELBO: -222502.914, Val ELBO: -250165.593, Train MSE: 0.161, Val MSE: 0.163
Current LR: [0.00014162349703870686]
Epoch: 541, Train ELBO: -214705.466, Val ELBO: -250178.938, Train MSE: 0.161, Val MSE: 0.163
Current LR: [0.00014069357065906604]
Epoch: 542, Train ELBO: -213979.710, Val ELBO: -250178.845, Train MSE: 0.161, Val MSE: 0.163
Current LR: [0.00013976975035002534]
Epoch: 543, Train ELBO: -217513.300, Val ELBO: -250175.529, Train MSE: 0.160, Val MSE: 0.163
Current LR: [0.00013885199601798272]
Epoch: 544, Train ELBO: -224486.798, Val ELBO: -250171.251, Train MSE: 0.161, Val MSE: 0.163
Current LR: [0.00013794026783259825]
Epoch: 545, Train ELBO: -218853.054, Val ELBO: -250170.935, Train MSE: 0.160, Val MSE: 0.163
Current LR: [0.00013703452622506546]
Epoch: 546, Train ELBO: -216536.546, Val ELBO: -250170.818, Train MSE: 0.160, Val MSE: 0.163
Current LR: [0.0001361347318863941]
Epoch: 547, Train ELBO: -214047.639, Val ELBO: -250168.013, Train MSE: 0.161, Val MSE: 0.163
Current LR: [0.00013524084576570407]
Epoch: 548, Train ELBO: -216864.359, Val ELBO: -250163.875, Train MSE: 0.161, Val MSE: 0.163
Current LR: [0.00013435282906853064]
Epoch: 549, Train ELBO: -210833.403, Val ELBO: -250167.946, Train MSE: 0.161, Val MSE: 0.163
Current LR: [0.00013347064325514084]
Epoch: 550, Train ELBO: -208931.519, Val ELBO: -250159.317, Train MSE: 0.161, Val MSE: 0.163
Current LR: [0.00013259425003886078]
Epoch: 551, Train ELBO: -213739.838, Val ELBO: -250155.228, Train MSE: 0.161, Val MSE: 0.163
Current LR: [0.000131723611384414]
Epoch: 552, Train ELBO: -220280.694, Val ELBO: -250156.031, Train MSE: 0.161, Val MSE: 0.163
Current LR: [0.00013085868950627084]
Epoch: 553, Train ELBO: -222469.351, Val ELBO: -250166.846, Train MSE: 0.161, Val MSE: 0.163
Current LR: [0.00012999944686700846]
Epoch: 554, Train ELBO: -213633.582, Val ELBO: -250175.074, Train MSE: 0.161, Val MSE: 0.163
Current LR: [0.00012914584617568177]
Epoch: 555, Train ELBO: -205649.080, Val ELBO: -250173.816, Train MSE: 0.161, Val MSE: 0.163
Current LR: [0.00012829785038620498]
Epoch: 556, Train ELBO: -198151.232, Val ELBO: -250177.899, Train MSE: 0.160, Val MSE: 0.163
Current LR: [0.0001274554226957439]
Epoch: 557, Train ELBO: -212009.649, Val ELBO: -250174.632, Train MSE: 0.161, Val MSE: 0.163
Current LR: [0.00012661852654311854]
Epoch: 558, Train ELBO: -219596.182, Val ELBO: -250175.877, Train MSE: 0.161, Val MSE: 0.163
Current LR: [0.00012578712560721653]
Epoch: 559, Train ELBO: -221256.732, Val ELBO: -250173.760, Train MSE: 0.161, Val MSE: 0.163
Current LR: [0.0001249611838054167]
Epoch: 560, Train ELBO: -219740.609, Val ELBO: -250168.565, Train MSE: 0.161, Val MSE: 0.163
Current LR: [0.00012414066529202312]
Epoch: 561, Train ELBO: -221918.572, Val ELBO: -250164.133, Train MSE: 0.161, Val MSE: 0.163
Current LR: [0.0001233255344567094]
Epoch: 562, Train ELBO: -214276.506, Val ELBO: -250163.817, Train MSE: 0.160, Val MSE: 0.163
Current LR: [0.00012251575592297319]
Epoch: 563, Train ELBO: -204879.691, Val ELBO: -250163.260, Train MSE: 0.160, Val MSE: 0.163
Current LR: [0.00012171129454660095]
Epoch: 564, Train ELBO: -199067.486, Val ELBO: -250163.244, Train MSE: 0.160, Val MSE: 0.163
Current LR: [0.00012091211541414255]
Epoch: 565, Train ELBO: -204146.829, Val ELBO: -250156.359, Train MSE: 0.161, Val MSE: 0.163
Current LR: [0.00012011818384139616]
Epoch: 566, Train ELBO: -201960.824, Val ELBO: -250156.194, Train MSE: 0.161, Val MSE: 0.163
Current LR: [0.00011932946537190285]
Epoch: 567, Train ELBO: -202075.867, Val ELBO: -250160.076, Train MSE: 0.161, Val MSE: 0.163
Current LR: [0.00011854592577545128]
Epoch: 568, Train ELBO: -211667.786, Val ELBO: -250160.784, Train MSE: 0.161, Val MSE: 0.163
Current LR: [0.00011776753104659209]
Epoch: 569, Train ELBO: -198913.815, Val ELBO: -250163.022, Train MSE: 0.161, Val MSE: 0.163
Current LR: [0.00011699424740316206]
Epoch: 570, Train ELBO: -215248.341, Val ELBO: -250167.543, Train MSE: 0.161, Val MSE: 0.163
Current LR: [0.00011622604128481794]
Epoch: 571, Train ELBO: -214000.190, Val ELBO: -250165.940, Train MSE: 0.162, Val MSE: 0.163
Current LR: [0.00011546287935158002]
Epoch: 572, Train ELBO: -209234.617, Val ELBO: -250166.886, Train MSE: 0.161, Val MSE: 0.163
Current LR: [0.00011470472848238511]
Epoch: 573, Train ELBO: -200713.991, Val ELBO: -250171.984, Train MSE: 0.161, Val MSE: 0.163
Current LR: [0.00011395155577364911]
Epoch: 574, Train ELBO: -208203.983, Val ELBO: -250166.429, Train MSE: 0.160, Val MSE: 0.163
Current LR: [0.00011320332853783904]
Epoch: 575, Train ELBO: -212942.309, Val ELBO: -250165.846, Train MSE: 0.160, Val MSE: 0.163
Current LR: [0.00011246001430205435]
Epoch: 576, Train ELBO: -208398.181, Val ELBO: -250171.607, Train MSE: 0.160, Val MSE: 0.163
Current LR: [0.00011172158080661764]
Epoch: 577, Train ELBO: -212611.114, Val ELBO: -250174.478, Train MSE: 0.161, Val MSE: 0.163
Current LR: [0.00011098799600367458]
Epoch: 578, Train ELBO: -214486.620, Val ELBO: -250177.718, Train MSE: 0.162, Val MSE: 0.163
Current LR: [0.00011025922805580307]
Epoch: 579, Train ELBO: -220370.331, Val ELBO: -250174.050, Train MSE: 0.162, Val MSE: 0.163
Current LR: [0.00010953524533463145]
Epoch: 580, Train ELBO: -222875.966, Val ELBO: -250171.015, Train MSE: 0.162, Val MSE: 0.163
Current LR: [0.0001088160164194659]
Epoch: 581, Train ELBO: -219051.473, Val ELBO: -250170.431, Train MSE: 0.162, Val MSE: 0.163
Current LR: [0.00010810151009592671]
Epoch: 582, Train ELBO: -214325.249, Val ELBO: -250173.630, Train MSE: 0.161, Val MSE: 0.163
Current LR: [0.00010739169535459366]
Epoch: 583, Train ELBO: -211568.232, Val ELBO: -250173.235, Train MSE: 0.161, Val MSE: 0.163
Current LR: [0.00010668654138966021]
Epoch: 584, Train ELBO: -211806.308, Val ELBO: -250172.195, Train MSE: 0.161, Val MSE: 0.163
Current LR: [0.00010598601759759645]
Epoch: 585, Train ELBO: -198152.030, Val ELBO: -250172.242, Train MSE: 0.161, Val MSE: 0.163
Current LR: [0.00010529009357582099]
Epoch: 586, Train ELBO: -188710.018, Val ELBO: -250173.617, Train MSE: 0.160, Val MSE: 0.163
Current LR: [0.00010459873912138152]
Epoch: 587, Train ELBO: -186552.204, Val ELBO: -250173.782, Train MSE: 0.161, Val MSE: 0.163
Current LR: [0.00010391192422964392]
Epoch: 588, Train ELBO: -185853.080, Val ELBO: -250171.871, Train MSE: 0.160, Val MSE: 0.163
Current LR: [0.00010322961909299013]
Epoch: 589, Train ELBO: -185876.069, Val ELBO: -250167.333, Train MSE: 0.160, Val MSE: 0.163
Current LR: [0.00010255179409952447]
Epoch: 590, Train ELBO: -198187.877, Val ELBO: -250160.230, Train MSE: 0.159, Val MSE: 0.163
Current LR: [0.00010187841983178855]
Epoch: 591, Train ELBO: -201141.529, Val ELBO: -250157.852, Train MSE: 0.160, Val MSE: 0.163
Current LR: [0.00010120946706548446]
Epoch: 592, Train ELBO: -204009.091, Val ELBO: -250157.743, Train MSE: 0.160, Val MSE: 0.163
Current LR: [0.00010054490676820653]
Epoch: 593, Train ELBO: -209297.429, Val ELBO: -250155.982, Train MSE: 0.160, Val MSE: 0.163
Current LR: [9.988471009818131e-05]
Epoch: 594, Train ELBO: -209990.461, Val ELBO: -250158.866, Train MSE: 0.160, Val MSE: 0.163
Current LR: [9.92288484030158e-05]
Epoch: 595, Train ELBO: -203069.230, Val ELBO: -250164.555, Train MSE: 0.160, Val MSE: 0.163
Current LR: [9.8577293218454e-05]
Epoch: 596, Train ELBO: -208485.290, Val ELBO: -250163.775, Train MSE: 0.160, Val MSE: 0.163
Current LR: [9.79300162671415e-05]
Epoch: 597, Train ELBO: -208693.684, Val ELBO: -250164.319, Train MSE: 0.161, Val MSE: 0.163
Current LR: [9.728698945739834e-05]
Epoch: 598, Train ELBO: -202721.953, Val ELBO: -250164.933, Train MSE: 0.161, Val MSE: 0.163
Current LR: [9.664818488199977e-05]
Epoch: 599, Train ELBO: -202571.669, Val ELBO: -250165.388, Train MSE: 0.161, Val MSE: 0.163
Current LR: [9.601357481696508e-05]
Epoch: 600, Train ELBO: -197826.034, Val ELBO: -250162.264, Train MSE: 0.160, Val MSE: 0.163
Current LR: [9.538313172035442e-05]
Epoch: 601, Train ELBO: -200782.237, Val ELBO: -250171.964, Train MSE: 0.160, Val MSE: 0.163
Current LR: [9.475682823107347e-05]
Epoch: 602, Train ELBO: -201959.845, Val ELBO: -250170.265, Train MSE: 0.161, Val MSE: 0.163
Current LR: [9.413463716768598e-05]
Epoch: 603, Train ELBO: -200645.620, Val ELBO: -250169.346, Train MSE: 0.161, Val MSE: 0.163
Current LR: [9.351653152723408e-05]
Epoch: 604, Train ELBO: -197108.486, Val ELBO: -250171.601, Train MSE: 0.161, Val MSE: 0.163
Current LR: [9.290248448406639e-05]
Epoch: 605, Train ELBO: -203021.982, Val ELBO: -250170.775, Train MSE: 0.160, Val MSE: 0.163
Current LR: [9.229246938867377e-05]
Epoch: 606, Train ELBO: -192161.124, Val ELBO: -250168.900, Train MSE: 0.160, Val MSE: 0.163
Current LR: [9.168645976653272e-05]
Epoch: 607, Train ELBO: -194672.105, Val ELBO: -250170.522, Train MSE: 0.160, Val MSE: 0.163
Current LR: [9.108442931695647e-05]
Epoch: 608, Train ELBO: -197244.426, Val ELBO: -250171.647, Train MSE: 0.161, Val MSE: 0.163
Current LR: [9.048635191195342e-05]
Epoch: 609, Train ELBO: -207177.156, Val ELBO: -250169.055, Train MSE: 0.161, Val MSE: 0.163
Current LR: [8.989220159509329e-05]
Epoch: 610, Train ELBO: -199730.628, Val ELBO: -250167.695, Train MSE: 0.161, Val MSE: 0.163
Current LR: [8.930195258038057e-05]
Epoch: 611, Train ELBO: -198791.841, Val ELBO: -250169.416, Train MSE: 0.161, Val MSE: 0.163
Current LR: [8.871557925113541e-05]
Epoch: 612, Train ELBO: -196499.550, Val ELBO: -250166.904, Train MSE: 0.161, Val MSE: 0.163
Current LR: [8.813305615888188e-05]
Epoch: 613, Train ELBO: -195724.641, Val ELBO: -250164.900, Train MSE: 0.161, Val MSE: 0.163
Current LR: [8.755435802224351e-05]
Epoch: 614, Train ELBO: -201169.164, Val ELBO: -250161.606, Train MSE: 0.161, Val MSE: 0.163
Current LR: [8.697945972584606e-05]
Epoch: 615, Train ELBO: -200140.929, Val ELBO: -250160.655, Train MSE: 0.161, Val MSE: 0.163
Current LR: [8.640833631922757e-05]
Epoch: 616, Train ELBO: -204125.381, Val ELBO: -250164.509, Train MSE: 0.161, Val MSE: 0.163
Current LR: [8.584096301575546e-05]
Epoch: 617, Train ELBO: -205675.148, Val ELBO: -250167.231, Train MSE: 0.161, Val MSE: 0.163
Current LR: [8.52773151915508e-05]
Epoch: 618, Train ELBO: -214254.110, Val ELBO: -250165.557, Train MSE: 0.161, Val MSE: 0.163
Current LR: [8.471736838441968e-05]
Epoch: 619, Train ELBO: -212311.959, Val ELBO: -250161.141, Train MSE: 0.161, Val MSE: 0.163
Current LR: [8.416109829279153e-05]
Epoch: 620, Train ELBO: -212307.873, Val ELBO: -250159.537, Train MSE: 0.161, Val MSE: 0.163
Current LR: [8.360848077466444e-05]
Epoch: 621, Train ELBO: -213120.406, Val ELBO: -250160.756, Train MSE: 0.161, Val MSE: 0.163
Current LR: [8.305949184655738e-05]
Epoch: 622, Train ELBO: -207752.459, Val ELBO: -250163.545, Train MSE: 0.161, Val MSE: 0.163
Current LR: [8.251410768246938e-05]
Epoch: 623, Train ELBO: -203439.907, Val ELBO: -250166.795, Train MSE: 0.161, Val MSE: 0.163
Current LR: [8.197230461284541e-05]
Epoch: 624, Train ELBO: -207210.461, Val ELBO: -250168.137, Train MSE: 0.161, Val MSE: 0.163
Current LR: [8.143405912354922e-05]
Epoch: 625, Train ELBO: -211216.332, Val ELBO: -250170.031, Train MSE: 0.161, Val MSE: 0.163
Current LR: [8.089934785484272e-05]
Epoch: 626, Train ELBO: -205255.046, Val ELBO: -250169.401, Train MSE: 0.161, Val MSE: 0.163
Current LR: [8.036814760037227e-05]
Epoch: 627, Train ELBO: -217145.495, Val ELBO: -250168.106, Train MSE: 0.162, Val MSE: 0.163
Current LR: [7.984043530616147e-05]
Epoch: 628, Train ELBO: -209867.276, Val ELBO: -250168.127, Train MSE: 0.161, Val MSE: 0.163
Current LR: [7.931618806961065e-05]
Epoch: 629, Train ELBO: -217532.385, Val ELBO: -250169.502, Train MSE: 0.161, Val MSE: 0.163
Current LR: [7.879538313850289e-05]
Epoch: 630, Train ELBO: -210618.624, Val ELBO: -250177.490, Train MSE: 0.162, Val MSE: 0.163
Current LR: [7.82779979100166e-05]
Epoch: 631, Train ELBO: -202687.081, Val ELBO: -250181.572, Train MSE: 0.162, Val MSE: 0.163
Current LR: [7.776400992974454e-05]
Epoch: 632, Train ELBO: -206389.950, Val ELBO: -250176.701, Train MSE: 0.161, Val MSE: 0.163
Current LR: [7.725339689071928e-05]
Epoch: 633, Train ELBO: -206336.654, Val ELBO: -250171.776, Train MSE: 0.161, Val MSE: 0.163
Current LR: [7.674613663244513e-05]
Epoch: 634, Train ELBO: -215507.645, Val ELBO: -250169.239, Train MSE: 0.161, Val MSE: 0.163
Current LR: [7.62422071399364e-05]
Epoch: 635, Train ELBO: -205807.359, Val ELBO: -250172.277, Train MSE: 0.161, Val MSE: 0.163
Current LR: [7.574158654276183e-05]
Epoch: 636, Train ELBO: -207501.484, Val ELBO: -250167.358, Train MSE: 0.161, Val MSE: 0.163
Current LR: [7.52442531140956e-05]
Epoch: 637, Train ELBO: -209099.754, Val ELBO: -250165.699, Train MSE: 0.161, Val MSE: 0.163
Current LR: [7.475018526977423e-05]
Epoch: 638, Train ELBO: -212597.082, Val ELBO: -250161.159, Train MSE: 0.160, Val MSE: 0.163
Current LR: [7.425936156735991e-05]
Epoch: 639, Train ELBO: -212579.838, Val ELBO: -250160.064, Train MSE: 0.161, Val MSE: 0.163
Current LR: [7.377176070520989e-05]
Epoch: 640, Train ELBO: -215552.666, Val ELBO: -250158.174, Train MSE: 0.161, Val MSE: 0.163
Current LR: [7.328736152155201e-05]
Epoch: 641, Train ELBO: -205055.643, Val ELBO: -250159.320, Train MSE: 0.160, Val MSE: 0.163
Current LR: [7.280614299356624e-05]
Epoch: 642, Train ELBO: -208566.258, Val ELBO: -250159.132, Train MSE: 0.160, Val MSE: 0.163
Current LR: [7.232808423647232e-05]
Epoch: 643, Train ELBO: -201978.579, Val ELBO: -250158.403, Train MSE: 0.160, Val MSE: 0.163
Current LR: [7.185316450262339e-05]
Epoch: 644, Train ELBO: -199860.299, Val ELBO: -250157.039, Train MSE: 0.160, Val MSE: 0.163
Current LR: [7.138136318060549e-05]
Epoch: 645, Train ELBO: -207720.353, Val ELBO: -250156.803, Train MSE: 0.160, Val MSE: 0.163
Current LR: [7.091265979434308e-05]
Epoch: 646, Train ELBO: -204769.694, Val ELBO: -250159.115, Train MSE: 0.160, Val MSE: 0.163
Current LR: [7.044703400221036e-05]
Epoch: 647, Train ELBO: -207843.498, Val ELBO: -250157.784, Train MSE: 0.160, Val MSE: 0.163
Current LR: [6.998446559614844e-05]
Epoch: 648, Train ELBO: -216505.650, Val ELBO: -250155.987, Train MSE: 0.160, Val MSE: 0.163
Current LR: [6.952493450078835e-05]
Epoch: 649, Train ELBO: -224787.385, Val ELBO: -250157.151, Train MSE: 0.161, Val MSE: 0.163
Current LR: [6.906842077257973e-05]
Epoch: 650, Train ELBO: -221471.842, Val ELBO: -250157.140, Train MSE: 0.160, Val MSE: 0.163
Current LR: [6.86149045989253e-05]
Epoch: 651, Train ELBO: -215192.194, Val ELBO: -250163.343, Train MSE: 0.160, Val MSE: 0.163
Current LR: [6.816436629732101e-05]
Epoch: 652, Train ELBO: -211266.804, Val ELBO: -250169.673, Train MSE: 0.160, Val MSE: 0.163
Current LR: [6.771678631450182e-05]
Epoch: 653, Train ELBO: -208987.778, Val ELBO: -250168.902, Train MSE: 0.161, Val MSE: 0.163
Current LR: [6.727214522559307e-05]
Epoch: 654, Train ELBO: -206180.016, Val ELBO: -250165.768, Train MSE: 0.161, Val MSE: 0.163
Current LR: [6.683042373326748e-05]
Epoch: 655, Train ELBO: -210284.936, Val ELBO: -250160.483, Train MSE: 0.161, Val MSE: 0.163
Current LR: [6.639160266690761e-05]
Epoch: 656, Train ELBO: -206608.704, Val ELBO: -250158.310, Train MSE: 0.160, Val MSE: 0.163
Current LR: [6.59556629817739e-05]
Epoch: 657, Train ELBO: -203541.593, Val ELBO: -250158.119, Train MSE: 0.160, Val MSE: 0.163
Current LR: [6.552258575817811e-05]
Epoch: 658, Train ELBO: -197627.132, Val ELBO: -250158.998, Train MSE: 0.161, Val MSE: 0.163
Current LR: [6.50923522006622e-05]
Epoch: 659, Train ELBO: -197377.047, Val ELBO: -250158.235, Train MSE: 0.160, Val MSE: 0.163
Current LR: [6.466494363718262e-05]
Epoch: 660, Train ELBO: -202009.131, Val ELBO: -250156.662, Train MSE: 0.160, Val MSE: 0.163
Current LR: [6.424034151829999e-05]
Epoch: 661, Train ELBO: -202386.889, Val ELBO: -250156.522, Train MSE: 0.160, Val MSE: 0.163
Current LR: [6.381852741637399e-05]
Epoch: 662, Train ELBO: -203621.075, Val ELBO: -250158.329, Train MSE: 0.160, Val MSE: 0.163
Current LR: [6.339948302476363e-05]
Epoch: 663, Train ELBO: -199871.160, Val ELBO: -250158.863, Train MSE: 0.161, Val MSE: 0.163
Current LR: [6.298319015703276e-05]
Epoch: 664, Train ELBO: -205203.766, Val ELBO: -250159.331, Train MSE: 0.161, Val MSE: 0.163
Current LR: [6.256963074616076e-05]
Epoch: 665, Train ELBO: -211805.706, Val ELBO: -250159.203, Train MSE: 0.161, Val MSE: 0.163
Current LR: [6.215878684375848e-05]
Epoch: 666, Train ELBO: -210450.359, Val ELBO: -250162.415, Train MSE: 0.160, Val MSE: 0.163
Current LR: [6.175064061928922e-05]
Epoch: 667, Train ELBO: -208383.702, Val ELBO: -250162.624, Train MSE: 0.160, Val MSE: 0.163
Current LR: [6.134517435929494e-05]
Epoch: 668, Train ELBO: -216574.611, Val ELBO: -250158.327, Train MSE: 0.160, Val MSE: 0.163
Current LR: [6.094237046662745e-05]
Epoch: 669, Train ELBO: -211814.590, Val ELBO: -250157.154, Train MSE: 0.160, Val MSE: 0.163
Current LR: [6.0542211459684755e-05]
Epoch: 670, Train ELBO: -210366.755, Val ELBO: -250157.889, Train MSE: 0.160, Val MSE: 0.163
Current LR: [6.014467997165233e-05]
Epoch: 671, Train ELBO: -217943.710, Val ELBO: -250156.844, Train MSE: 0.160, Val MSE: 0.163
Current LR: [5.9749758749749384e-05]
Epoch: 672, Train ELBO: -226841.703, Val ELBO: -250154.476, Train MSE: 0.161, Val MSE: 0.163
Current LR: [5.935743065448013e-05]
Epoch: 673, Train ELBO: -233246.823, Val ELBO: -250151.923, Train MSE: 0.161, Val MSE: 0.163
Current LR: [5.896767865888991e-05]
Epoch: 674, Train ELBO: -224324.422, Val ELBO: -250153.993, Train MSE: 0.161, Val MSE: 0.163
Current LR: [5.8580485847826236e-05]
Epoch: 675, Train ELBO: -226695.707, Val ELBO: -250154.198, Train MSE: 0.161, Val MSE: 0.163
Current LR: [5.819583541720468e-05]
Epoch: 676, Train ELBO: -219563.089, Val ELBO: -250153.811, Train MSE: 0.161, Val MSE: 0.163
Current LR: [5.7813710673279574e-05]
Epoch: 677, Train ELBO: -218173.003, Val ELBO: -250154.827, Train MSE: 0.161, Val MSE: 0.163
Current LR: [5.743409503191951e-05]
Epoch: 678, Train ELBO: -213557.454, Val ELBO: -250160.524, Train MSE: 0.161, Val MSE: 0.163
Current LR: [5.705697201788758e-05]
Epoch: 679, Train ELBO: -207021.570, Val ELBO: -250164.383, Train MSE: 0.161, Val MSE: 0.163
Current LR: [5.6682325264126373e-05]
Epoch: 680, Train ELBO: -207873.604, Val ELBO: -250163.236, Train MSE: 0.161, Val MSE: 0.163
Current LR: [5.631013851104764e-05]
Epoch: 681, Train ELBO: -208681.743, Val ELBO: -250160.995, Train MSE: 0.161, Val MSE: 0.163
Current LR: [5.5940395605826624e-05]
Epoch: 682, Train ELBO: -197665.221, Val ELBO: -250161.885, Train MSE: 0.161, Val MSE: 0.163
Current LR: [5.557308050170105e-05]
Epoch: 683, Train ELBO: -189971.977, Val ELBO: -250164.452, Train MSE: 0.162, Val MSE: 0.163
Current LR: [5.5208177257274665e-05]
Epoch: 684, Train ELBO: -192111.509, Val ELBO: -250167.650, Train MSE: 0.161, Val MSE: 0.163
Current LR: [5.484567003582543e-05]
Epoch: 685, Train ELBO: -192969.460, Val ELBO: -250170.422, Train MSE: 0.162, Val MSE: 0.163
Current LR: [5.448554310461817e-05]
Epoch: 686, Train ELBO: -190702.305, Val ELBO: -250171.200, Train MSE: 0.162, Val MSE: 0.163
Current LR: [5.4127780834221797e-05]
Epoch: 687, Train ELBO: -190344.336, Val ELBO: -250169.973, Train MSE: 0.161, Val MSE: 0.163
Current LR: [5.3772367697831004e-05]
Epoch: 688, Train ELBO: -190473.789, Val ELBO: -250167.912, Train MSE: 0.161, Val MSE: 0.163
Current LR: [5.341928827059237e-05]
Epoch: 689, Train ELBO: -192782.722, Val ELBO: -250167.159, Train MSE: 0.161, Val MSE: 0.163
Current LR: [5.306852722893497e-05]
Epoch: 690, Train ELBO: -200237.796, Val ELBO: -250166.654, Train MSE: 0.161, Val MSE: 0.163
Current LR: [5.272006934990529e-05]
Epoch: 691, Train ELBO: -206610.349, Val ELBO: -250163.173, Train MSE: 0.161, Val MSE: 0.163
Current LR: [5.23738995105066e-05]
Epoch: 692, Train ELBO: -212020.689, Val ELBO: -250161.787, Train MSE: 0.161, Val MSE: 0.163
Current LR: [5.2030002687042586e-05]
Epoch: 693, Train ELBO: -218827.882, Val ELBO: -250160.600, Train MSE: 0.161, Val MSE: 0.163
Current LR: [5.1688363954465324e-05]
Epoch: 694, Train ELBO: -222831.817, Val ELBO: -250161.939, Train MSE: 0.161, Val MSE: 0.163
Current LR: [5.1348968485727566e-05]
Epoch: 695, Train ELBO: -224612.433, Val ELBO: -250160.160, Train MSE: 0.161, Val MSE: 0.163
Current LR: [5.101180155113922e-05]
Epoch: 696, Train ELBO: -223169.176, Val ELBO: -250157.589, Train MSE: 0.160, Val MSE: 0.163
Current LR: [5.067684851772809e-05]
Epoch: 697, Train ELBO: -228970.177, Val ELBO: -250158.975, Train MSE: 0.161, Val MSE: 0.163
Current LR: [5.034409484860483e-05]
Epoch: 698, Train ELBO: -231576.681, Val ELBO: -250159.152, Train MSE: 0.161, Val MSE: 0.163
Current LR: [5.001352610233202e-05]
Epoch: 699, Train ELBO: -228557.053, Val ELBO: -250161.693, Train MSE: 0.161, Val MSE: 0.163
Current LR: [4.968512793229741e-05]
Epoch: 700, Train ELBO: -216253.754, Val ELBO: -250164.920, Train MSE: 0.161, Val MSE: 0.163
Current LR: [4.9358886086091305e-05]
Epoch: 701, Train ELBO: -223600.469, Val ELBO: -250169.161, Train MSE: 0.161, Val MSE: 0.163
Current LR: [4.9034786404888e-05]
Epoch: 702, Train ELBO: -231196.393, Val ELBO: -250169.307, Train MSE: 0.162, Val MSE: 0.163
Current LR: [4.8712814822831275e-05]
Epoch: 703, Train ELBO: -225906.157, Val ELBO: -250167.497, Train MSE: 0.161, Val MSE: 0.163
Current LR: [4.8392957366423964e-05]
Epoch: 704, Train ELBO: -217916.930, Val ELBO: -250165.621, Train MSE: 0.160, Val MSE: 0.163
Current LR: [4.8075200153921496e-05]
Epoch: 705, Train ELBO: -224187.880, Val ELBO: -250164.455, Train MSE: 0.161, Val MSE: 0.163
Current LR: [4.775952939472943e-05]
Epoch: 706, Train ELBO: -231213.973, Val ELBO: -250164.851, Train MSE: 0.161, Val MSE: 0.163
Current LR: [4.744593138880495e-05]
Epoch: 707, Train ELBO: -233263.473, Val ELBO: -250164.671, Train MSE: 0.161, Val MSE: 0.163
Current LR: [4.7134392526062286e-05]
Epoch: 708, Train ELBO: -238405.404, Val ELBO: -250166.032, Train MSE: 0.161, Val MSE: 0.163
Current LR: [4.6824899285782035e-05]
Epoch: 709, Train ELBO: -226894.846, Val ELBO: -250165.168, Train MSE: 0.160, Val MSE: 0.163
Current LR: [4.651743823602437e-05]
Epoch: 710, Train ELBO: -222063.292, Val ELBO: -250163.441, Train MSE: 0.161, Val MSE: 0.163
Current LR: [4.621199603304608e-05]
Epoch: 711, Train ELBO: -213350.430, Val ELBO: -250163.326, Train MSE: 0.161, Val MSE: 0.163
Current LR: [4.59085594207215e-05]
Epoch: 712, Train ELBO: -218659.389, Val ELBO: -250161.935, Train MSE: 0.161, Val MSE: 0.163
Current LR: [4.560711522996713e-05]
Epoch: 713, Train ELBO: -214583.083, Val ELBO: -250160.487, Train MSE: 0.161, Val MSE: 0.163
Current LR: [4.530765037817016e-05]
Epoch: 714, Train ELBO: -215706.836, Val ELBO: -250160.187, Train MSE: 0.161, Val MSE: 0.163
Current LR: [4.501015186862066e-05]
Epoch: 715, Train ELBO: -210431.207, Val ELBO: -250159.781, Train MSE: 0.161, Val MSE: 0.163
Current LR: [4.471460678994752e-05]
Epoch: 716, Train ELBO: -212052.335, Val ELBO: -250160.371, Train MSE: 0.160, Val MSE: 0.163
Current LR: [4.442100231555812e-05]
Epoch: 717, Train ELBO: -207023.853, Val ELBO: -250161.614, Train MSE: 0.160, Val MSE: 0.163
Current LR: [4.4129325703081635e-05]
Epoch: 718, Train ELBO: -212245.381, Val ELBO: -250162.932, Train MSE: 0.160, Val MSE: 0.163
Current LR: [4.3839564293816045e-05]
Epoch: 719, Train ELBO: -208282.591, Val ELBO: -250162.264, Train MSE: 0.160, Val MSE: 0.163
Current LR: [4.3551705512178725e-05]
Epoch: 720, Train ELBO: -203060.502, Val ELBO: -250161.389, Train MSE: 0.161, Val MSE: 0.163
Current LR: [4.326573686516068e-05]
Epoch: 721, Train ELBO: -194748.172, Val ELBO: -250161.440, Train MSE: 0.160, Val MSE: 0.163
Current LR: [4.298164594178435e-05]
Epoch: 722, Train ELBO: -203073.890, Val ELBO: -250160.805, Train MSE: 0.160, Val MSE: 0.163
Current LR: [4.269942041256498e-05]
Epoch: 723, Train ELBO: -200387.305, Val ELBO: -250161.285, Train MSE: 0.160, Val MSE: 0.163
Current LR: [4.241904802897552e-05]
Epoch: 724, Train ELBO: -209933.796, Val ELBO: -250163.350, Train MSE: 0.160, Val MSE: 0.163
Current LR: [4.214051662291503e-05]
Epoch: 725, Train ELBO: -212126.946, Val ELBO: -250165.460, Train MSE: 0.160, Val MSE: 0.163
Current LR: [4.1863814106180597e-05]
Epoch: 726, Train ELBO: -219305.924, Val ELBO: -250165.695, Train MSE: 0.160, Val MSE: 0.163
Current LR: [4.158892846994273e-05]
Epoch: 727, Train ELBO: -210378.054, Val ELBO: -250168.298, Train MSE: 0.161, Val MSE: 0.163
Current LR: [4.131584778422414e-05]
Epoch: 728, Train ELBO: -216313.543, Val ELBO: -250167.527, Train MSE: 0.161, Val MSE: 0.163
Current LR: [4.1044560197382015e-05]
Epoch: 729, Train ELBO: -215831.728, Val ELBO: -250164.672, Train MSE: 0.160, Val MSE: 0.163
Current LR: [4.077505393559362e-05]
Epoch: 730, Train ELBO: -215440.059, Val ELBO: -250161.173, Train MSE: 0.161, Val MSE: 0.163
Current LR: [4.0507317302345386e-05]
Epoch: 731, Train ELBO: -210222.966, Val ELBO: -250159.171, Train MSE: 0.160, Val MSE: 0.163
Current LR: [4.02413386779252e-05]
Epoch: 732, Train ELBO: -212023.618, Val ELBO: -250160.251, Train MSE: 0.161, Val MSE: 0.163
Current LR: [3.997710651891817e-05]
Epoch: 733, Train ELBO: -201887.492, Val ELBO: -250163.518, Train MSE: 0.161, Val MSE: 0.163
Current LR: [3.971460935770563e-05]
Epoch: 734, Train ELBO: -205841.534, Val ELBO: -250166.769, Train MSE: 0.160, Val MSE: 0.163
Current LR: [3.945383580196744e-05]
Epoch: 735, Train ELBO: -207446.303, Val ELBO: -250165.911, Train MSE: 0.160, Val MSE: 0.163
Current LR: [3.9194774534187564e-05]
Epoch: 736, Train ELBO: -205772.666, Val ELBO: -250166.356, Train MSE: 0.160, Val MSE: 0.163
