nohup: ignoring input
{'obs_dim': 1, 'rec_dim': 8, 'node_dim': 4, 'rec_gru_units': 100, 'rec_node_units': 100, 'rec_node_layers': 2, 'rec_node_act': 'Tanh', 'rec_out_units': 100, 'latent_node_units': 100, 'latent_node_layers': 2, 'latent_node_act': 'Tanh', 'dec_type': 'NN', 'dec_units': 100, 'dec_layers': 2, 'dec_act': 'ReLU'}
{'aligned_data': True, 'lr': 0.005, 'batch_size': 512, 'l_std': 1, 'kl_burn_max': 50, 'clip_norm': 5, 'model_atol': 0.0001, 'model_rtol': 0.001, 'aug_methods': [<function aug_subsample at 0x7ff23b4475f0>, <function aug_crop_start at 0x7ff23b447680>, <function aug_add_noise at 0x7ff23b454050>], 'aug_args': {'crop_min': 20, 'sample_min': 20, 'aug_noise_var': 0.03}, 'max_epochs': 736, 'lr_decay': 0.9934338128976814}
/home/user/codes/POWERODE/ode/LatentSegmentedODE-main/LatentSegmentedODE-main/SineWave/Data/Train/sine_train_10000_500_0.5_0.02
Current LR: [0.004967169064488407]
Epoch: 1, Train ELBO: -28594.262, Val ELBO: -125205.348, Train MSE: 0.174, Val MSE: 0.165
Current LR: [0.0049345537030421275]
Epoch: 2, Train ELBO: -45413.146, Val ELBO: -125200.839, Train MSE: 0.172, Val MSE: 0.165
Current LR: [0.004902152500161514]
Epoch: 3, Train ELBO: -56078.094, Val ELBO: -125201.951, Train MSE: 0.171, Val MSE: 0.165
Current LR: [0.0048699640496413545]
Epoch: 4, Train ELBO: -64756.708, Val ELBO: -125196.762, Train MSE: 0.170, Val MSE: 0.165
Current LR: [0.004837986954509844]
Epoch: 5, Train ELBO: -75778.601, Val ELBO: -125201.765, Train MSE: 0.169, Val MSE: 0.165
Current LR: [0.004806219826967956]
Epoch: 6, Train ELBO: -86996.091, Val ELBO: -125198.594, Train MSE: 0.169, Val MSE: 0.165
Current LR: [0.0047746612883292116]
Epoch: 7, Train ELBO: -95852.409, Val ELBO: -125197.543, Train MSE: 0.168, Val MSE: 0.165
Current LR: [0.004743309968959844]
Epoch: 8, Train ELBO: -105481.233, Val ELBO: -125197.550, Train MSE: 0.168, Val MSE: 0.165
Current LR: [0.00471216450821936]
Epoch: 9, Train ELBO: -107795.674, Val ELBO: -125195.732, Train MSE: 0.168, Val MSE: 0.165
Current LR: [0.0046812235544014865]
Epoch: 10, Train ELBO: -108335.862, Val ELBO: -125196.361, Train MSE: 0.167, Val MSE: 0.165
Current LR: [0.004650485764675505]
Epoch: 11, Train ELBO: -106117.168, Val ELBO: -125195.833, Train MSE: 0.167, Val MSE: 0.165
Current LR: [0.0046199498050279765]
Epoch: 12, Train ELBO: -104298.737, Val ELBO: -125195.151, Train MSE: 0.167, Val MSE: 0.165
Current LR: [0.004589614350204842]
Epoch: 13, Train ELBO: -107170.816, Val ELBO: -125194.746, Train MSE: 0.167, Val MSE: 0.165
Current LR: [0.004559478083653911]
Epoch: 14, Train ELBO: -109773.544, Val ELBO: -125194.814, Train MSE: 0.167, Val MSE: 0.165
Current LR: [0.004529539697467718]
Epoch: 15, Train ELBO: -104746.988, Val ELBO: -125194.573, Train MSE: 0.166, Val MSE: 0.165
Current LR: [0.004499797892326765]
Epoch: 16, Train ELBO: -103956.494, Val ELBO: -125194.399, Train MSE: 0.166, Val MSE: 0.165
Current LR: [0.004470251377443129]
Epoch: 17, Train ELBO: -103341.090, Val ELBO: -125194.219, Train MSE: 0.166, Val MSE: 0.165
Current LR: [0.00444089887050444]
Epoch: 18, Train ELBO: -104854.329, Val ELBO: -125194.237, Train MSE: 0.166, Val MSE: 0.165
Current LR: [0.0044117390976182325]
Epoch: 19, Train ELBO: -103921.233, Val ELBO: -125194.777, Train MSE: 0.166, Val MSE: 0.165
Current LR: [0.004382770793256657]
Epoch: 20, Train ELBO: -107194.915, Val ELBO: -125194.307, Train MSE: 0.166, Val MSE: 0.165
Current LR: [0.0043539927002015566]
Epoch: 21, Train ELBO: -104954.324, Val ELBO: -125195.514, Train MSE: 0.166, Val MSE: 0.165
Current LR: [0.004325403569489903]
Epoch: 22, Train ELBO: -106202.516, Val ELBO: -125199.911, Train MSE: 0.166, Val MSE: 0.165
Current LR: [0.004297002160359596]
Epoch: 23, Train ELBO: -100551.847, Val ELBO: -125199.154, Train MSE: 0.166, Val MSE: 0.165
Current LR: [0.004268787240195608]
Epoch: 24, Train ELBO: -105367.061, Val ELBO: -125197.392, Train MSE: 0.166, Val MSE: 0.165
Current LR: [0.004240757584476493]
Epoch: 25, Train ELBO: -108574.284, Val ELBO: -125194.809, Train MSE: 0.166, Val MSE: 0.165
Current LR: [0.0042129119767212436]
Epoch: 26, Train ELBO: -106337.376, Val ELBO: -125188.499, Train MSE: 0.166, Val MSE: 0.165
Current LR: [0.004185249208436493]
Epoch: 27, Train ELBO: -105140.624, Val ELBO: -125200.852, Train MSE: 0.166, Val MSE: 0.165
Current LR: [0.004157768079064069]
Epoch: 28, Train ELBO: -101768.388, Val ELBO: -125195.864, Train MSE: 0.166, Val MSE: 0.165
Current LR: [0.0041304673959288865]
Epoch: 29, Train ELBO: -101732.493, Val ELBO: -125193.768, Train MSE: 0.166, Val MSE: 0.165
Current LR: [0.0041033459741871905]
Epoch: 30, Train ELBO: -106353.843, Val ELBO: -125190.982, Train MSE: 0.166, Val MSE: 0.165
Current LR: [0.0040764026367751316]
Epoch: 31, Train ELBO: -100400.597, Val ELBO: -125193.609, Train MSE: 0.166, Val MSE: 0.165
Current LR: [0.0040496362143576815]
Epoch: 32, Train ELBO: -107912.900, Val ELBO: -125190.158, Train MSE: 0.166, Val MSE: 0.165
Current LR: [0.004023045545277884]
Epoch: 33, Train ELBO: -111391.422, Val ELBO: -125188.894, Train MSE: 0.166, Val MSE: 0.165
Current LR: [0.00399662947550644]
Epoch: 34, Train ELBO: -114514.937, Val ELBO: -125190.192, Train MSE: 0.166, Val MSE: 0.165
Current LR: [0.0039703868585916225]
Epoch: 35, Train ELBO: -118273.724, Val ELBO: -125194.346, Train MSE: 0.166, Val MSE: 0.165
Current LR: [0.003944316555609523]
Epoch: 36, Train ELBO: -115954.929, Val ELBO: -125193.570, Train MSE: 0.166, Val MSE: 0.165
Current LR: [0.0039184174351146175]
Epoch: 37, Train ELBO: -116848.425, Val ELBO: -125198.339, Train MSE: 0.166, Val MSE: 0.165
Current LR: [0.003892688373090668]
Epoch: 38, Train ELBO: -116249.426, Val ELBO: -125193.187, Train MSE: 0.166, Val MSE: 0.165
Current LR: [0.0038671282529019343]
Epoch: 39, Train ELBO: -116672.089, Val ELBO: -125191.782, Train MSE: 0.166, Val MSE: 0.165
Current LR: [0.0038417359652447177]
Epoch: 40, Train ELBO: -115946.771, Val ELBO: -125188.849, Train MSE: 0.166, Val MSE: 0.165
Current LR: [0.0038165104080992145]
Epoch: 41, Train ELBO: -112713.848, Val ELBO: -125203.599, Train MSE: 0.166, Val MSE: 0.165
Current LR: [0.003791450486681689]
Epoch: 42, Train ELBO: -113194.244, Val ELBO: -125205.353, Train MSE: 0.166, Val MSE: 0.165
Current LR: [0.00376655511339696]
Epoch: 43, Train ELBO: -114539.306, Val ELBO: -125198.388, Train MSE: 0.166, Val MSE: 0.165
Current LR: [0.003741823207791201]
Epoch: 44, Train ELBO: -116223.880, Val ELBO: -125195.508, Train MSE: 0.166, Val MSE: 0.165
Current LR: [0.003717253696505046]
Epoch: 45, Train ELBO: -115035.593, Val ELBO: -125195.029, Train MSE: 0.165, Val MSE: 0.165
Current LR: [0.0036928455132270084]
Epoch: 46, Train ELBO: -117243.718, Val ELBO: -125195.796, Train MSE: 0.165, Val MSE: 0.165
Current LR: [0.003668597598647202]
Epoch: 47, Train ELBO: -112747.194, Val ELBO: -125193.259, Train MSE: 0.165, Val MSE: 0.165
Current LR: [0.0036445089004113677]
Epoch: 48, Train ELBO: -110472.986, Val ELBO: -125199.760, Train MSE: 0.165, Val MSE: 0.165
Current LR: [0.003620578373075201]
Epoch: 49, Train ELBO: -107198.790, Val ELBO: -125193.084, Train MSE: 0.165, Val MSE: 0.165
Current LR: [0.003596804978058981]
Epoch: 50, Train ELBO: -102892.928, Val ELBO: -125198.228, Train MSE: 0.165, Val MSE: 0.165
Current LR: [0.0035731876836024947]
Epoch: 51, Train ELBO: -108441.365, Val ELBO: -125194.551, Train MSE: 0.165, Val MSE: 0.165
Current LR: [0.00354972546472026]
Epoch: 52, Train ELBO: -109050.702, Val ELBO: -125198.192, Train MSE: 0.165, Val MSE: 0.165
Current LR: [0.003526417303157042]
Epoch: 53, Train ELBO: -112133.071, Val ELBO: -125194.799, Train MSE: 0.165, Val MSE: 0.165
Current LR: [0.0035032621873436593]
Epoch: 54, Train ELBO: -109545.844, Val ELBO: -125192.072, Train MSE: 0.165, Val MSE: 0.165
Current LR: [0.003480259112353083]
Epoch: 55, Train ELBO: -109364.727, Val ELBO: -125191.293, Train MSE: 0.165, Val MSE: 0.165
Current LR: [0.0034574070798568234]
Epoch: 56, Train ELBO: -107761.601, Val ELBO: -125196.419, Train MSE: 0.165, Val MSE: 0.165
Current LR: [0.0034347050980816024]
Epoch: 57, Train ELBO: -105938.104, Val ELBO: -125188.614, Train MSE: 0.165, Val MSE: 0.165
Current LR: [0.003412152181766311]
Epoch: 58, Train ELBO: -103445.426, Val ELBO: -125183.751, Train MSE: 0.164, Val MSE: 0.165
Current LR: [0.003389747352119249]
Epoch: 59, Train ELBO: -97785.886, Val ELBO: -125179.604, Train MSE: 0.164, Val MSE: 0.165
Current LR: [0.003367489636775645]
Epoch: 60, Train ELBO: -99621.623, Val ELBO: -125179.265, Train MSE: 0.164, Val MSE: 0.165
Current LR: [0.003345378069755457]
Epoch: 61, Train ELBO: -96208.186, Val ELBO: -125177.711, Train MSE: 0.164, Val MSE: 0.165
Current LR: [0.0033234116914214492]
Epoch: 62, Train ELBO: -94671.461, Val ELBO: -125181.421, Train MSE: 0.164, Val MSE: 0.165
Current LR: [0.003301589548437543]
Epoch: 63, Train ELBO: -101018.589, Val ELBO: -125182.364, Train MSE: 0.164, Val MSE: 0.165
Current LR: [0.0032799106937274423]
Epoch: 64, Train ELBO: -103581.704, Val ELBO: -125179.535, Train MSE: 0.164, Val MSE: 0.165
Current LR: [0.0032583741864335323]
Epoch: 65, Train ELBO: -101021.351, Val ELBO: -125178.950, Train MSE: 0.164, Val MSE: 0.165
Current LR: [0.0032369790918760446]
Epoch: 66, Train ELBO: -98929.276, Val ELBO: -125173.559, Train MSE: 0.164, Val MSE: 0.165
Current LR: [0.003215724481512493]
Epoch: 67, Train ELBO: -97759.260, Val ELBO: -125170.307, Train MSE: 0.164, Val MSE: 0.165
Current LR: [0.0031946094328973757]
Epoch: 68, Train ELBO: -97484.177, Val ELBO: -125164.522, Train MSE: 0.164, Val MSE: 0.165
Current LR: [0.00317363302964214]
Epoch: 69, Train ELBO: -103652.641, Val ELBO: -125155.330, Train MSE: 0.164, Val MSE: 0.164
Current LR: [0.0031527943613754114]
Epoch: 70, Train ELBO: -103488.275, Val ELBO: -125149.721, Train MSE: 0.164, Val MSE: 0.164
Current LR: [0.0031320925237034855]
Epoch: 71, Train ELBO: -103143.575, Val ELBO: -125143.045, Train MSE: 0.163, Val MSE: 0.164
Current LR: [0.003111526618171075]
Epoch: 72, Train ELBO: -101323.043, Val ELBO: -125140.742, Train MSE: 0.163, Val MSE: 0.164
Current LR: [0.003091095752222319]
Epoch: 73, Train ELBO: -100388.572, Val ELBO: -125140.457, Train MSE: 0.163, Val MSE: 0.164
Current LR: [0.003070799039162045]
Epoch: 74, Train ELBO: -108002.832, Val ELBO: -125131.895, Train MSE: 0.163, Val MSE: 0.164
Current LR: [0.003050635598117287]
Epoch: 75, Train ELBO: -109451.619, Val ELBO: -125125.042, Train MSE: 0.163, Val MSE: 0.164
Current LR: [0.003030604553999055]
Epoch: 76, Train ELBO: -109886.866, Val ELBO: -125124.774, Train MSE: 0.163, Val MSE: 0.164
Current LR: [0.0030107050374643587]
Epoch: 77, Train ELBO: -109046.791, Val ELBO: -125119.607, Train MSE: 0.163, Val MSE: 0.164
Current LR: [0.0029909361848784745]
Epoch: 78, Train ELBO: -108576.772, Val ELBO: -125110.331, Train MSE: 0.162, Val MSE: 0.164
Current LR: [0.0029712971382774675]
Epoch: 79, Train ELBO: -99708.916, Val ELBO: -125111.113, Train MSE: 0.162, Val MSE: 0.164
Current LR: [0.002951787045330954]
Epoch: 80, Train ELBO: -100001.518, Val ELBO: -125107.311, Train MSE: 0.162, Val MSE: 0.164
Current LR: [0.0029324050593051106]
Epoch: 81, Train ELBO: -98463.613, Val ELBO: -125106.618, Train MSE: 0.162, Val MSE: 0.164
Current LR: [0.0029131503390259278]
Epoch: 82, Train ELBO: -100347.296, Val ELBO: -125103.488, Train MSE: 0.162, Val MSE: 0.164
Current LR: [0.0028940220488427007]
Epoch: 83, Train ELBO: -102729.148, Val ELBO: -125095.934, Train MSE: 0.162, Val MSE: 0.163
Current LR: [0.0028750193585917643]
Epoch: 84, Train ELBO: -102780.884, Val ELBO: -125095.649, Train MSE: 0.161, Val MSE: 0.163
Current LR: [0.0028561414435604626]
Epoch: 85, Train ELBO: -103512.037, Val ELBO: -125087.298, Train MSE: 0.161, Val MSE: 0.163
Current LR: [0.002837387484451358]
Epoch: 86, Train ELBO: -100851.648, Val ELBO: -125089.198, Train MSE: 0.161, Val MSE: 0.163
Current LR: [0.0028187566673466735]
Epoch: 87, Train ELBO: -104553.591, Val ELBO: -125091.526, Train MSE: 0.161, Val MSE: 0.163
Current LR: [0.0028002481836729674]
Epoch: 88, Train ELBO: -106217.886, Val ELBO: -125089.205, Train MSE: 0.161, Val MSE: 0.163
Current LR: [0.002781861230166043]
Epoch: 89, Train ELBO: -109779.878, Val ELBO: -125077.579, Train MSE: 0.162, Val MSE: 0.163
Current LR: [0.0027635950088360866]
Epoch: 90, Train ELBO: -109335.739, Val ELBO: -125070.767, Train MSE: 0.162, Val MSE: 0.163
Current LR: [0.002745448726933035]
Epoch: 91, Train ELBO: -108340.778, Val ELBO: -125069.379, Train MSE: 0.162, Val MSE: 0.163
Current LR: [0.0027274215969121706]
Epoch: 92, Train ELBO: -108633.927, Val ELBO: -125071.210, Train MSE: 0.162, Val MSE: 0.163
Current LR: [0.0027095128363999405]
Epoch: 93, Train ELBO: -103022.658, Val ELBO: -125076.530, Train MSE: 0.162, Val MSE: 0.163
Current LR: [0.0026917216681600045]
Epoch: 94, Train ELBO: -110924.852, Val ELBO: -125062.005, Train MSE: 0.162, Val MSE: 0.163
Current LR: [0.0026740473200595007]
Epoch: 95, Train ELBO: -113263.891, Val ELBO: -125057.119, Train MSE: 0.161, Val MSE: 0.163
Current LR: [0.0026564890250355363]
Epoch: 96, Train ELBO: -114492.389, Val ELBO: -125053.991, Train MSE: 0.161, Val MSE: 0.163
Current LR: [0.002639046021061897]
Epoch: 97, Train ELBO: -114375.265, Val ELBO: -125050.804, Train MSE: 0.162, Val MSE: 0.163
Current LR: [0.0026217175511159753]
Epoch: 98, Train ELBO: -110857.492, Val ELBO: -125041.230, Train MSE: 0.161, Val MSE: 0.162
Current LR: [0.0026045028631459153]
Epoch: 99, Train ELBO: -116318.203, Val ELBO: -125033.712, Train MSE: 0.162, Val MSE: 0.162
Current LR: [0.002587401210037975]
Epoch: 100, Train ELBO: -115262.192, Val ELBO: -125024.479, Train MSE: 0.162, Val MSE: 0.162
Current LR: [0.0025704118495841]
Epoch: 101, Train ELBO: -113658.814, Val ELBO: -125040.391, Train MSE: 0.161, Val MSE: 0.162
Current LR: [0.002553534044449714]
Epoch: 102, Train ELBO: -111054.963, Val ELBO: -125037.118, Train MSE: 0.161, Val MSE: 0.162
Current LR: [0.002536767062141717]
Epoch: 103, Train ELBO: -109198.237, Val ELBO: -125031.132, Train MSE: 0.161, Val MSE: 0.162
Current LR: [0.0025201101749766953]
Epoch: 104, Train ELBO: -102396.094, Val ELBO: -125022.640, Train MSE: 0.160, Val MSE: 0.162
Current LR: [0.0025035626600493415]
Epoch: 105, Train ELBO: -99845.707, Val ELBO: -125023.010, Train MSE: 0.160, Val MSE: 0.162
Current LR: [0.002487123799201079]
Epoch: 106, Train ELBO: -100972.357, Val ELBO: -125012.908, Train MSE: 0.160, Val MSE: 0.162
Current LR: [0.002470792878988895]
Epoch: 107, Train ELBO: -102156.100, Val ELBO: -125004.017, Train MSE: 0.160, Val MSE: 0.162
Current LR: [0.0024545691906543775]
Epoch: 108, Train ELBO: -106053.206, Val ELBO: -125005.419, Train MSE: 0.160, Val MSE: 0.162
Current LR: [0.002438452030092954]
Epoch: 109, Train ELBO: -107037.068, Val ELBO: -124996.772, Train MSE: 0.160, Val MSE: 0.162
Current LR: [0.002422440697823335]
Epoch: 110, Train ELBO: -104329.273, Val ELBO: -125001.766, Train MSE: 0.160, Val MSE: 0.162
Current LR: [0.0024065344989571556]
Epoch: 111, Train ELBO: -98448.890, Val ELBO: -124998.262, Train MSE: 0.159, Val MSE: 0.162
Current LR: [0.0023907327431688186]
Epoch: 112, Train ELBO: -93764.098, Val ELBO: -124998.011, Train MSE: 0.158, Val MSE: 0.162
Current LR: [0.0023750347446655326]
Epoch: 113, Train ELBO: -93464.187, Val ELBO: -124995.546, Train MSE: 0.159, Val MSE: 0.162
Current LR: [0.0023594398221575513]
Epoch: 114, Train ELBO: -95158.507, Val ELBO: -125001.664, Train MSE: 0.159, Val MSE: 0.162
Current LR: [0.0023439472988286037]
Epoch: 115, Train ELBO: -99537.719, Val ELBO: -124991.114, Train MSE: 0.159, Val MSE: 0.162
Current LR: [0.002328556502306521]
Epoch: 116, Train ELBO: -101319.626, Val ELBO: -124985.805, Train MSE: 0.160, Val MSE: 0.162
Current LR: [0.0023132667646340557]
Epoch: 117, Train ELBO: -105524.427, Val ELBO: -124973.834, Train MSE: 0.159, Val MSE: 0.161
Current LR: [0.002298077422239893]
Epoch: 118, Train ELBO: -101499.651, Val ELBO: -124978.782, Train MSE: 0.159, Val MSE: 0.161
Current LR: [0.002282987815909852]
Epoch: 119, Train ELBO: -99486.249, Val ELBO: -124973.181, Train MSE: 0.159, Val MSE: 0.161
Current LR: [0.002267997290758274]
Epoch: 120, Train ELBO: -99726.064, Val ELBO: -124974.142, Train MSE: 0.158, Val MSE: 0.161
Current LR: [0.0022531051961996035]
Epoch: 121, Train ELBO: -101140.950, Val ELBO: -124959.450, Train MSE: 0.159, Val MSE: 0.161
Current LR: [0.0022383108859201505]
Epoch: 122, Train ELBO: -103586.230, Val ELBO: -124967.807, Train MSE: 0.159, Val MSE: 0.161
Current LR: [0.002223613717850042]
Epoch: 123, Train ELBO: -102308.606, Val ELBO: -124957.995, Train MSE: 0.158, Val MSE: 0.161
Current LR: [0.0022090130541353565]
Epoch: 124, Train ELBO: -106995.086, Val ELBO: -124957.967, Train MSE: 0.159, Val MSE: 0.161
Current LR: [0.0021945082611104397]
Epoch: 125, Train ELBO: -100086.172, Val ELBO: -124965.843, Train MSE: 0.157, Val MSE: 0.161
Current LR: [0.0021800987092704047]
Epoch: 126, Train ELBO: -105977.749, Val ELBO: -124958.087, Train MSE: 0.157, Val MSE: 0.161
Current LR: [0.002165783773243812]
Epoch: 127, Train ELBO: -106278.304, Val ELBO: -124958.554, Train MSE: 0.157, Val MSE: 0.161
Current LR: [0.0021515628317655276]
Epoch: 128, Train ELBO: -99375.255, Val ELBO: -124955.564, Train MSE: 0.156, Val MSE: 0.161
Current LR: [0.002137435267649761]
Epoch: 129, Train ELBO: -98526.536, Val ELBO: -124963.613, Train MSE: 0.156, Val MSE: 0.161
Current LR: [0.0021234004677632783]
Epoch: 130, Train ELBO: -100429.928, Val ELBO: -124963.131, Train MSE: 0.156, Val MSE: 0.161
Current LR: [0.0021094578229987936]
Epoch: 131, Train ELBO: -98912.980, Val ELBO: -124956.913, Train MSE: 0.156, Val MSE: 0.161
Current LR: [0.002095606728248534]
Epoch: 132, Train ELBO: -101424.887, Val ELBO: -124971.669, Train MSE: 0.157, Val MSE: 0.161
Current LR: [0.002081846582377976]
Epoch: 133, Train ELBO: -104314.433, Val ELBO: -124963.598, Train MSE: 0.156, Val MSE: 0.161
Current LR: [0.00206817678819976]
Epoch: 134, Train ELBO: -108440.677, Val ELBO: -124956.474, Train MSE: 0.157, Val MSE: 0.161
Current LR: [0.002054596752447768]
Epoch: 135, Train ELBO: -112493.096, Val ELBO: -124941.899, Train MSE: 0.156, Val MSE: 0.161
Current LR: [0.0020411058857513794]
Epoch: 136, Train ELBO: -119554.326, Val ELBO: -124948.631, Train MSE: 0.157, Val MSE: 0.161
Current LR: [0.002027703602609892]
Epoch: 137, Train ELBO: -117544.440, Val ELBO: -124955.965, Train MSE: 0.157, Val MSE: 0.161
Current LR: [0.00201438932136711]
Epoch: 138, Train ELBO: -112896.054, Val ELBO: -124958.898, Train MSE: 0.157, Val MSE: 0.161
Current LR: [0.002001162464186101]
Epoch: 139, Train ELBO: -111985.864, Val ELBO: -124936.788, Train MSE: 0.157, Val MSE: 0.161
Current LR: [0.001988022457024118]
Epoch: 140, Train ELBO: -110728.094, Val ELBO: -124931.503, Train MSE: 0.156, Val MSE: 0.161
Current LR: [0.0019749687296076865]
Epoch: 141, Train ELBO: -107655.194, Val ELBO: -124938.155, Train MSE: 0.156, Val MSE: 0.161
Current LR: [0.001962000715407854]
Epoch: 142, Train ELBO: -109907.455, Val ELBO: -124949.028, Train MSE: 0.156, Val MSE: 0.161
Current LR: [0.001949117851615603]
Epoch: 143, Train ELBO: -104474.986, Val ELBO: -124940.342, Train MSE: 0.155, Val MSE: 0.161
Current LR: [0.0019363195791174256]
Epoch: 144, Train ELBO: -104553.773, Val ELBO: -124929.698, Train MSE: 0.155, Val MSE: 0.161
Current LR: [0.0019236053424710577]
Epoch: 145, Train ELBO: -100609.439, Val ELBO: -124924.704, Train MSE: 0.156, Val MSE: 0.161
Current LR: [0.001910974589881373]
Epoch: 146, Train ELBO: -100334.574, Val ELBO: -124908.314, Train MSE: 0.155, Val MSE: 0.160
Current LR: [0.0018984267731764354]
Epoch: 147, Train ELBO: -94044.629, Val ELBO: -124916.375, Train MSE: 0.156, Val MSE: 0.160
Current LR: [0.0018859613477837079]
Epoch: 148, Train ELBO: -97844.064, Val ELBO: -124911.185, Train MSE: 0.154, Val MSE: 0.160
Current LR: [0.001873577772706419]
Epoch: 149, Train ELBO: -101205.858, Val ELBO: -124914.170, Train MSE: 0.155, Val MSE: 0.160
Current LR: [0.0018612755105000833]
Epoch: 150, Train ELBO: -103482.738, Val ELBO: -124907.225, Train MSE: 0.155, Val MSE: 0.160
Current LR: [0.0018490540272491762]
Epoch: 151, Train ELBO: -105337.224, Val ELBO: -124903.434, Train MSE: 0.155, Val MSE: 0.160
Current LR: [0.0018369127925439623]
Epoch: 152, Train ELBO: -107585.163, Val ELBO: -124897.726, Train MSE: 0.156, Val MSE: 0.160
Current LR: [0.0018248512794574762]
Epoch: 153, Train ELBO: -108781.858, Val ELBO: -124900.565, Train MSE: 0.155, Val MSE: 0.160
Current LR: [0.001812868964522653]
Epoch: 154, Train ELBO: -110612.396, Val ELBO: -124920.925, Train MSE: 0.155, Val MSE: 0.161
Current LR: [0.0018009653277096106]
Epoch: 155, Train ELBO: -113142.183, Val ELBO: -124901.465, Train MSE: 0.155, Val MSE: 0.160
Current LR: [0.0017891398524030808]
Epoch: 156, Train ELBO: -109636.881, Val ELBO: -124897.104, Train MSE: 0.155, Val MSE: 0.160
Current LR: [0.0017773920253799874]
Epoch: 157, Train ELBO: -111749.264, Val ELBO: -124919.305, Train MSE: 0.156, Val MSE: 0.160
Current LR: [0.0017657213367871735]
Epoch: 158, Train ELBO: -104252.633, Val ELBO: -124904.784, Train MSE: 0.156, Val MSE: 0.160
Current LR: [0.001754127280119273]
Epoch: 159, Train ELBO: -107401.341, Val ELBO: -124886.898, Train MSE: 0.156, Val MSE: 0.160
Current LR: [0.0017426093521967286]
Epoch: 160, Train ELBO: -109458.517, Val ELBO: -124888.992, Train MSE: 0.156, Val MSE: 0.160
Current LR: [0.0017311670531439548]
Epoch: 161, Train ELBO: -109798.469, Val ELBO: -124910.470, Train MSE: 0.156, Val MSE: 0.160
Current LR: [0.001719799886367642]
Epoch: 162, Train ELBO: -110177.612, Val ELBO: -124902.172, Train MSE: 0.155, Val MSE: 0.160
Current LR: [0.0017085073585352058]
Epoch: 163, Train ELBO: -112362.137, Val ELBO: -124891.485, Train MSE: 0.156, Val MSE: 0.160
Current LR: [0.0016972889795533756]
Epoch: 164, Train ELBO: -110303.033, Val ELBO: -124891.827, Train MSE: 0.156, Val MSE: 0.160
Current LR: [0.0016861442625469248]
Epoch: 165, Train ELBO: -110371.221, Val ELBO: -124889.410, Train MSE: 0.156, Val MSE: 0.160
Current LR: [0.0016750727238375408]
Epoch: 166, Train ELBO: -114161.771, Val ELBO: -124887.782, Train MSE: 0.156, Val MSE: 0.160
Current LR: [0.001664073882922833]
Epoch: 167, Train ELBO: -111124.480, Val ELBO: -124872.750, Train MSE: 0.154, Val MSE: 0.160
Current LR: [0.0016531472624554799]
Epoch: 168, Train ELBO: -107737.418, Val ELBO: -124881.390, Train MSE: 0.155, Val MSE: 0.160
Current LR: [0.0016422923882225115]
Epoch: 169, Train ELBO: -109313.230, Val ELBO: -124881.484, Train MSE: 0.155, Val MSE: 0.160
Current LR: [0.0016315087891247287]
Epoch: 170, Train ELBO: -112079.746, Val ELBO: -124882.238, Train MSE: 0.155, Val MSE: 0.160
Current LR: [0.0016207959971562586]
Epoch: 171, Train ELBO: -110358.218, Val ELBO: -124871.875, Train MSE: 0.155, Val MSE: 0.160
Current LR: [0.0016101535473842415]
Epoch: 172, Train ELBO: -113654.244, Val ELBO: -124854.897, Train MSE: 0.154, Val MSE: 0.159
Current LR: [0.0015995809779286545]
Epoch: 173, Train ELBO: -116093.991, Val ELBO: -124851.320, Train MSE: 0.155, Val MSE: 0.159
Current LR: [0.0015890778299422652]
Epoch: 174, Train ELBO: -118964.051, Val ELBO: -124883.368, Train MSE: 0.154, Val MSE: 0.160
Current LR: [0.0015786436475907178]
Epoch: 175, Train ELBO: -117058.455, Val ELBO: -124874.510, Train MSE: 0.154, Val MSE: 0.160
Current LR: [0.0015682779780327506]
Epoch: 176, Train ELBO: -117500.957, Val ELBO: -124859.047, Train MSE: 0.154, Val MSE: 0.160
Current LR: [0.0015579803714005417]
Epoch: 177, Train ELBO: -112021.486, Val ELBO: -124848.930, Train MSE: 0.154, Val MSE: 0.159
Current LR: [0.001547750380780186]
Epoch: 178, Train ELBO: -115637.593, Val ELBO: -124843.211, Train MSE: 0.154, Val MSE: 0.159
Current LR: [0.0015375875621922983]
Epoch: 179, Train ELBO: -114854.140, Val ELBO: -124837.282, Train MSE: 0.154, Val MSE: 0.159
Current LR: [0.0015274914745727459]
Epoch: 180, Train ELBO: -111156.721, Val ELBO: -124869.968, Train MSE: 0.153, Val MSE: 0.160
Current LR: [0.0015174616797535047]
Epoch: 181, Train ELBO: -107257.710, Val ELBO: -124864.849, Train MSE: 0.153, Val MSE: 0.160
Current LR: [0.0015074977424436445]
Epoch: 182, Train ELBO: -111341.445, Val ELBO: -124867.887, Train MSE: 0.154, Val MSE: 0.160
Current LR: [0.0014975992302104367]
Epoch: 183, Train ELBO: -110098.672, Val ELBO: -124855.589, Train MSE: 0.155, Val MSE: 0.159
Current LR: [0.0014877657134605867]
Epoch: 184, Train ELBO: -104914.346, Val ELBO: -124866.454, Train MSE: 0.155, Val MSE: 0.160
Current LR: [0.00147799676542159]
Epoch: 185, Train ELBO: -103382.092, Val ELBO: -124863.550, Train MSE: 0.155, Val MSE: 0.160
Current LR: [0.0014682919621232101]
Epoch: 186, Train ELBO: -106442.529, Val ELBO: -124853.296, Train MSE: 0.155, Val MSE: 0.159
Current LR: [0.0014586508823790786]
Epoch: 187, Train ELBO: -103784.043, Val ELBO: -124865.097, Train MSE: 0.154, Val MSE: 0.160
Current LR: [0.0014490731077684154]
Epoch: 188, Train ELBO: -103275.472, Val ELBO: -124843.010, Train MSE: 0.154, Val MSE: 0.159
Current LR: [0.0014395582226178697]
Epoch: 189, Train ELBO: -100264.134, Val ELBO: -124848.486, Train MSE: 0.153, Val MSE: 0.159
Current LR: [0.0014301058139834797]
Epoch: 190, Train ELBO: -103684.660, Val ELBO: -124839.189, Train MSE: 0.154, Val MSE: 0.159
Current LR: [0.0014207154716327506]
Epoch: 191, Train ELBO: -106276.102, Val ELBO: -124832.693, Train MSE: 0.153, Val MSE: 0.159
Current LR: [0.0014113867880268512]
Epoch: 192, Train ELBO: -105917.635, Val ELBO: -124831.336, Train MSE: 0.153, Val MSE: 0.159
Current LR: [0.0014021193583029265]
Epoch: 193, Train ELBO: -99716.568, Val ELBO: -124834.473, Train MSE: 0.152, Val MSE: 0.159
Current LR: [0.0013929127802565265]
Epoch: 194, Train ELBO: -103330.410, Val ELBO: -124813.752, Train MSE: 0.152, Val MSE: 0.159
Current LR: [0.0013837666543241513]
Epoch: 195, Train ELBO: -107661.186, Val ELBO: -124802.333, Train MSE: 0.150, Val MSE: 0.159
Current LR: [0.0013746805835659094]
Epoch: 196, Train ELBO: -111063.066, Val ELBO: -124811.109, Train MSE: 0.151, Val MSE: 0.159
Current LR: [0.001365654173648291]
Epoch: 197, Train ELBO: -107474.612, Val ELBO: -124811.561, Train MSE: 0.152, Val MSE: 0.159
Current LR: [0.001356687032827054]
Epoch: 198, Train ELBO: -102003.215, Val ELBO: -124817.533, Train MSE: 0.151, Val MSE: 0.159
Current LR: [0.0013477787719302222]
Epoch: 199, Train ELBO: -98725.685, Val ELBO: -124819.244, Train MSE: 0.150, Val MSE: 0.159
Current LR: [0.0013389290043411951]
Epoch: 200, Train ELBO: -100526.190, Val ELBO: -124826.252, Train MSE: 0.151, Val MSE: 0.159
Current LR: [0.0013301373459819698]
Epoch: 201, Train ELBO: -104197.827, Val ELBO: -124810.482, Train MSE: 0.152, Val MSE: 0.159
Current LR: [0.0013214034152964707]
Epoch: 202, Train ELBO: -104605.062, Val ELBO: -124811.572, Train MSE: 0.151, Val MSE: 0.159
Current LR: [0.0013127268332339913]
Epoch: 203, Train ELBO: -107706.274, Val ELBO: -124795.261, Train MSE: 0.152, Val MSE: 0.158
Current LR: [0.0013041072232327427]
Epoch: 204, Train ELBO: -110685.766, Val ELBO: -124809.241, Train MSE: 0.152, Val MSE: 0.159
Current LR: [0.0012955442112035113]
Epoch: 205, Train ELBO: -108979.149, Val ELBO: -124798.905, Train MSE: 0.151, Val MSE: 0.159
Current LR: [0.0012870374255134233]
Epoch: 206, Train ELBO: -103756.723, Val ELBO: -124808.956, Train MSE: 0.151, Val MSE: 0.159
Current LR: [0.0012785864969698157]
Epoch: 207, Train ELBO: -107144.035, Val ELBO: -124816.906, Train MSE: 0.151, Val MSE: 0.159
Current LR: [0.0012701910588042138]
Epoch: 208, Train ELBO: -106691.263, Val ELBO: -124804.978, Train MSE: 0.152, Val MSE: 0.159
Current LR: [0.0012618507466564133]
Epoch: 209, Train ELBO: -113731.797, Val ELBO: -124792.690, Train MSE: 0.152, Val MSE: 0.158
Current LR: [0.0012535651985586668]
Epoch: 210, Train ELBO: -110525.329, Val ELBO: -124787.044, Train MSE: 0.152, Val MSE: 0.158
Current LR: [0.0012453340549199753]
Epoch: 211, Train ELBO: -109139.868, Val ELBO: -124789.949, Train MSE: 0.152, Val MSE: 0.158
Current LR: [0.0012371569585104816]
Epoch: 212, Train ELBO: -113888.231, Val ELBO: -124776.239, Train MSE: 0.151, Val MSE: 0.158
Current LR: [0.0012290335544459664]
Epoch: 213, Train ELBO: -107915.661, Val ELBO: -124788.116, Train MSE: 0.151, Val MSE: 0.158
Current LR: [0.0012209634901724465]
Epoch: 214, Train ELBO: -109998.880, Val ELBO: -124777.676, Train MSE: 0.150, Val MSE: 0.158
Current LR: [0.0012129464154508743]
Epoch: 215, Train ELBO: -112482.954, Val ELBO: -124765.878, Train MSE: 0.151, Val MSE: 0.158
Current LR: [0.0012049819823419373]
Epoch: 216, Train ELBO: -115372.137, Val ELBO: -124767.047, Train MSE: 0.151, Val MSE: 0.158
Current LR: [0.0011970698451909574]
Epoch: 217, Train ELBO: -118263.415, Val ELBO: -124775.918, Train MSE: 0.152, Val MSE: 0.158
Current LR: [0.00118920966061289]
Epoch: 218, Train ELBO: -115128.956, Val ELBO: -124774.778, Train MSE: 0.153, Val MSE: 0.158
Current LR: [0.001181401087477421]
Epoch: 219, Train ELBO: -111866.100, Val ELBO: -124772.669, Train MSE: 0.152, Val MSE: 0.158
Current LR: [0.0011736437868941616]
Epoch: 220, Train ELBO: -110282.789, Val ELBO: -124779.973, Train MSE: 0.152, Val MSE: 0.158
Current LR: [0.0011659374221979408]
Epoch: 221, Train ELBO: -107515.578, Val ELBO: -124775.476, Train MSE: 0.151, Val MSE: 0.158
Current LR: [0.001158281658934194]
Epoch: 222, Train ELBO: -110753.086, Val ELBO: -124783.166, Train MSE: 0.152, Val MSE: 0.158
Current LR: [0.0011506761648444482]
Epoch: 223, Train ELBO: -106358.214, Val ELBO: -124775.218, Train MSE: 0.152, Val MSE: 0.158
Current LR: [0.0011431206098519013]
Epoch: 224, Train ELBO: -106075.660, Val ELBO: -124775.992, Train MSE: 0.151, Val MSE: 0.158
Current LR: [0.001135614666047097]
Epoch: 225, Train ELBO: -116703.252, Val ELBO: -124770.777, Train MSE: 0.152, Val MSE: 0.158
Current LR: [0.0011281580076736948]
Epoch: 226, Train ELBO: -113073.560, Val ELBO: -124789.106, Train MSE: 0.151, Val MSE: 0.158
Current LR: [0.0011207503111143303]
Epoch: 227, Train ELBO: -111476.448, Val ELBO: -124771.408, Train MSE: 0.151, Val MSE: 0.158
Current LR: [0.0011133912548765717]
Epoch: 228, Train ELBO: -114859.308, Val ELBO: -124764.602, Train MSE: 0.152, Val MSE: 0.158
Current LR: [0.0011060805195789668]
Epoch: 229, Train ELBO: -114705.696, Val ELBO: -124765.561, Train MSE: 0.151, Val MSE: 0.158
Current LR: [0.0010988177879371816]
Epoch: 230, Train ELBO: -107878.772, Val ELBO: -124777.651, Train MSE: 0.151, Val MSE: 0.158
Current LR: [0.0010916027447502303]
Epoch: 231, Train ELBO: -112177.681, Val ELBO: -124767.838, Train MSE: 0.151, Val MSE: 0.158
Current LR: [0.0010844350768867959]
Epoch: 232, Train ELBO: -108057.593, Val ELBO: -124760.014, Train MSE: 0.151, Val MSE: 0.158
Current LR: [0.00107731447327164]
Epoch: 233, Train ELBO: -108337.280, Val ELBO: -124777.107, Train MSE: 0.151, Val MSE: 0.158
Current LR: [0.0010702406248721025]
Epoch: 234, Train ELBO: -105212.223, Val ELBO: -124779.452, Train MSE: 0.149, Val MSE: 0.158
Current LR: [0.0010632132246846898]
Epoch: 235, Train ELBO: -108728.250, Val ELBO: -124769.253, Train MSE: 0.149, Val MSE: 0.158
Current LR: [0.0010562319677217507]
Epoch: 236, Train ELBO: -110133.226, Val ELBO: -124759.429, Train MSE: 0.150, Val MSE: 0.158
Current LR: [0.0010492965509982396]
Epoch: 237, Train ELBO: -111247.384, Val ELBO: -124769.925, Train MSE: 0.150, Val MSE: 0.158
Current LR: [0.0010424066735185676]
Epoch: 238, Train ELBO: -106840.875, Val ELBO: -124768.950, Train MSE: 0.149, Val MSE: 0.158
Current LR: [0.0010355620362635391]
Epoch: 239, Train ELBO: -103563.551, Val ELBO: -124763.971, Train MSE: 0.149, Val MSE: 0.158
Current LR: [0.0010287623421773747]
Epoch: 240, Train ELBO: -105338.982, Val ELBO: -124762.989, Train MSE: 0.149, Val MSE: 0.158
Current LR: [0.0010220072961548185]
Epoch: 241, Train ELBO: -105723.342, Val ELBO: -124773.954, Train MSE: 0.150, Val MSE: 0.158
Current LR: [0.0010152966050283312]
Epoch: 242, Train ELBO: -103924.339, Val ELBO: -124769.813, Train MSE: 0.150, Val MSE: 0.158
Current LR: [0.0010086299775553663]
Epoch: 243, Train ELBO: -104085.549, Val ELBO: -124764.314, Train MSE: 0.150, Val MSE: 0.158
Current LR: [0.0010020071244057304]
Epoch: 244, Train ELBO: -101036.580, Val ELBO: -124754.677, Train MSE: 0.148, Val MSE: 0.158
Current LR: [0.000995427758149026]
Epoch: 245, Train ELBO: -105434.412, Val ELBO: -124754.700, Train MSE: 0.149, Val MSE: 0.158
Current LR: [0.000988891593242178]
Epoch: 246, Train ELBO: -108479.915, Val ELBO: -124755.329, Train MSE: 0.149, Val MSE: 0.158
Current LR: [0.0009823983460170399]
Epoch: 247, Train ELBO: -108814.746, Val ELBO: -124751.917, Train MSE: 0.149, Val MSE: 0.158
Current LR: [0.0009759477346680837]
Epoch: 248, Train ELBO: -107331.439, Val ELBO: -124743.409, Train MSE: 0.149, Val MSE: 0.158
Current LR: [0.000969539479240169]
Epoch: 249, Train ELBO: -106279.932, Val ELBO: -124745.466, Train MSE: 0.150, Val MSE: 0.158
Current LR: [0.0009631733016163935]
Epoch: 250, Train ELBO: -100981.196, Val ELBO: -124748.161, Train MSE: 0.149, Val MSE: 0.158
Current LR: [0.0009568489255060223]
Epoch: 251, Train ELBO: -101242.357, Val ELBO: -124746.927, Train MSE: 0.150, Val MSE: 0.158
Current LR: [0.0009505660764324973]
Epoch: 252, Train ELBO: -104442.675, Val ELBO: -124738.135, Train MSE: 0.149, Val MSE: 0.158
Current LR: [0.0009443244817215246]
Epoch: 253, Train ELBO: -104426.121, Val ELBO: -124733.584, Train MSE: 0.148, Val MSE: 0.157
Current LR: [0.000938123870489241]
Epoch: 254, Train ELBO: -103501.776, Val ELBO: -124725.672, Train MSE: 0.147, Val MSE: 0.157
Current LR: [0.0009319639736304574]
Epoch: 255, Train ELBO: -104678.776, Val ELBO: -124722.350, Train MSE: 0.147, Val MSE: 0.157
Current LR: [0.0009258445238069794]
Epoch: 256, Train ELBO: -107421.019, Val ELBO: -124721.506, Train MSE: 0.149, Val MSE: 0.157
Current LR: [0.0009197652554360058]
Epoch: 257, Train ELBO: -105676.602, Val ELBO: -124729.635, Train MSE: 0.149, Val MSE: 0.157
Current LR: [0.0009137259046786011]
Epoch: 258, Train ELBO: -102754.849, Val ELBO: -124727.967, Train MSE: 0.149, Val MSE: 0.157
Current LR: [0.0009077262094282461]
Epoch: 259, Train ELBO: -102514.220, Val ELBO: -124725.954, Train MSE: 0.149, Val MSE: 0.157
Current LR: [0.0009017659092994618]
Epoch: 260, Train ELBO: -106949.125, Val ELBO: -124735.284, Train MSE: 0.150, Val MSE: 0.158
Current LR: [0.0008958447456165091]
Epoch: 261, Train ELBO: -113383.749, Val ELBO: -124740.390, Train MSE: 0.150, Val MSE: 0.158
Current LR: [0.0008899624614021621]
Epoch: 262, Train ELBO: -112796.275, Val ELBO: -124732.143, Train MSE: 0.148, Val MSE: 0.157
Current LR: [0.0008841188013665555]
Epoch: 263, Train ELBO: -110042.131, Val ELBO: -124740.934, Train MSE: 0.149, Val MSE: 0.158
Current LR: [0.0008783135118961051]
Epoch: 264, Train ELBO: -106798.025, Val ELBO: -124742.241, Train MSE: 0.150, Val MSE: 0.158
Current LR: [0.0008725463410425007]
Epoch: 265, Train ELBO: -102903.228, Val ELBO: -124747.243, Train MSE: 0.148, Val MSE: 0.158
Current LR: [0.0008668170385117722]
Epoch: 266, Train ELBO: -106410.035, Val ELBO: -124740.134, Train MSE: 0.148, Val MSE: 0.158
Current LR: [0.0008611253556534262]
Epoch: 267, Train ELBO: -101682.265, Val ELBO: -124765.078, Train MSE: 0.149, Val MSE: 0.158
Current LR: [0.0008554710454496552]
Epoch: 268, Train ELBO: -108180.281, Val ELBO: -124742.766, Train MSE: 0.149, Val MSE: 0.158
Current LR: [0.0008498538625046167]
Epoch: 269, Train ELBO: -113072.875, Val ELBO: -124725.494, Train MSE: 0.150, Val MSE: 0.157
Current LR: [0.0008442735630337832]
Epoch: 270, Train ELBO: -114757.992, Val ELBO: -124743.699, Train MSE: 0.149, Val MSE: 0.158
Current LR: [0.0008387299048533622]
Epoch: 271, Train ELBO: -111551.387, Val ELBO: -124733.358, Train MSE: 0.149, Val MSE: 0.157
Current LR: [0.0008332226473697852]
Epoch: 272, Train ELBO: -108961.700, Val ELBO: -124740.638, Train MSE: 0.148, Val MSE: 0.158
Current LR: [0.0008277515515692659]
Epoch: 273, Train ELBO: -108286.542, Val ELBO: -124716.717, Train MSE: 0.147, Val MSE: 0.157
Current LR: [0.0008223163800074276]
Epoch: 274, Train ELBO: -106488.964, Val ELBO: -124721.627, Train MSE: 0.149, Val MSE: 0.157
Current LR: [0.0008169168967989975]
Epoch: 275, Train ELBO: -108394.688, Val ELBO: -124721.956, Train MSE: 0.149, Val MSE: 0.157
Current LR: [0.0008115528676075698]
Epoch: 276, Train ELBO: -109184.490, Val ELBO: -124707.808, Train MSE: 0.147, Val MSE: 0.157
Current LR: [0.0008062240596354353]
Epoch: 277, Train ELBO: -109461.613, Val ELBO: -124701.322, Train MSE: 0.147, Val MSE: 0.157
Current LR: [0.0008009302416134782]
Epoch: 278, Train ELBO: -115297.141, Val ELBO: -124699.532, Train MSE: 0.148, Val MSE: 0.157
Current LR: [0.0007956711837911388]
Epoch: 279, Train ELBO: -112027.092, Val ELBO: -124702.413, Train MSE: 0.149, Val MSE: 0.157
Current LR: [0.0007904466579264429]
Epoch: 280, Train ELBO: -109313.989, Val ELBO: -124708.269, Train MSE: 0.147, Val MSE: 0.157
Current LR: [0.0007852564372760955]
Epoch: 281, Train ELBO: -106689.092, Val ELBO: -124726.513, Train MSE: 0.147, Val MSE: 0.157
Current LR: [0.0007801002965856405]
Epoch: 282, Train ELBO: -105090.580, Val ELBO: -124720.474, Train MSE: 0.146, Val MSE: 0.157
Current LR: [0.000774978012079685]
Epoch: 283, Train ELBO: -102613.422, Val ELBO: -124722.875, Train MSE: 0.147, Val MSE: 0.157
Current LR: [0.0007698893614521868]
Epoch: 284, Train ELBO: -105266.804, Val ELBO: -124713.486, Train MSE: 0.147, Val MSE: 0.157
Current LR: [0.0007648341238568071]
Epoch: 285, Train ELBO: -98320.250, Val ELBO: -124709.312, Train MSE: 0.145, Val MSE: 0.157
Current LR: [0.0007598120798973254]
Epoch: 286, Train ELBO: -100593.306, Val ELBO: -124693.968, Train MSE: 0.144, Val MSE: 0.157
Current LR: [0.0007548230116181178]
Epoch: 287, Train ELBO: -103197.798, Val ELBO: -124694.749, Train MSE: 0.145, Val MSE: 0.157
Current LR: [0.0007498667024946976]
Epoch: 288, Train ELBO: -98121.402, Val ELBO: -124697.956, Train MSE: 0.142, Val MSE: 0.157
Current LR: [0.0007449429374243187]
Epoch: 289, Train ELBO: -96956.054, Val ELBO: -124705.173, Train MSE: 0.144, Val MSE: 0.157
Current LR: [0.0007400515027166398]
Epoch: 290, Train ELBO: -99175.007, Val ELBO: -124696.073, Train MSE: 0.146, Val MSE: 0.157
Current LR: [0.0007351921860844503]
Epoch: 291, Train ELBO: -100105.066, Val ELBO: -124696.299, Train MSE: 0.147, Val MSE: 0.157
Current LR: [0.0007303647766344572]
Epoch: 292, Train ELBO: -101551.794, Val ELBO: -124683.445, Train MSE: 0.145, Val MSE: 0.157
Current LR: [0.0007255690648581322]
Epoch: 293, Train ELBO: -98858.526, Val ELBO: -124699.844, Train MSE: 0.145, Val MSE: 0.157
Current LR: [0.0007208048426226194]
Epoch: 294, Train ELBO: -104131.884, Val ELBO: -124684.449, Train MSE: 0.144, Val MSE: 0.157
Current LR: [0.000716071903161702]
Epoch: 295, Train ELBO: -109342.495, Val ELBO: -124680.653, Train MSE: 0.146, Val MSE: 0.157
Current LR: [0.0007113700410668289]
Epoch: 296, Train ELBO: -106701.464, Val ELBO: -124705.626, Train MSE: 0.146, Val MSE: 0.157
Current LR: [0.0007066990522782]
Epoch: 297, Train ELBO: -109900.873, Val ELBO: -124696.328, Train MSE: 0.146, Val MSE: 0.157
Current LR: [0.0007020587340759101]
Epoch: 298, Train ELBO: -108931.156, Val ELBO: -124689.248, Train MSE: 0.147, Val MSE: 0.157
Current LR: [0.0006974488850711507]
Epoch: 299, Train ELBO: -110941.833, Val ELBO: -124684.381, Train MSE: 0.147, Val MSE: 0.157
Current LR: [0.0006928693051974701]
Epoch: 300, Train ELBO: -112386.438, Val ELBO: -124680.691, Train MSE: 0.147, Val MSE: 0.157
Current LR: [0.00068831979570209]
Epoch: 301, Train ELBO: -105924.950, Val ELBO: -124681.567, Train MSE: 0.145, Val MSE: 0.157
Current LR: [0.0006838001591372803]
Epoch: 302, Train ELBO: -111614.451, Val ELBO: -124672.226, Train MSE: 0.145, Val MSE: 0.157
Current LR: [0.0006793101993517897]
Epoch: 303, Train ELBO: -108726.912, Val ELBO: -124673.276, Train MSE: 0.146, Val MSE: 0.157
Current LR: [0.0006748497214823325]
Epoch: 304, Train ELBO: -105344.840, Val ELBO: -124674.555, Train MSE: 0.145, Val MSE: 0.157
Current LR: [0.0006704185319451319]
Epoch: 305, Train ELBO: -106400.892, Val ELBO: -124669.509, Train MSE: 0.146, Val MSE: 0.156
Current LR: [0.0006660164384275184]
Epoch: 306, Train ELBO: -111579.670, Val ELBO: -124673.577, Train MSE: 0.147, Val MSE: 0.157
Current LR: [0.0006616432498795834]
Epoch: 307, Train ELBO: -108610.571, Val ELBO: -124686.166, Train MSE: 0.147, Val MSE: 0.157
Current LR: [0.000657298776505888]
Epoch: 308, Train ELBO: -105746.407, Val ELBO: -124678.058, Train MSE: 0.147, Val MSE: 0.157
Current LR: [0.0006529828297572253]
Epoch: 309, Train ELBO: -104546.602, Val ELBO: -124674.372, Train MSE: 0.147, Val MSE: 0.157
Current LR: [0.0006486952223224378]
Epoch: 310, Train ELBO: -105545.605, Val ELBO: -124682.237, Train MSE: 0.147, Val MSE: 0.157
Current LR: [0.0006444357681202886]
Epoch: 311, Train ELBO: -111091.088, Val ELBO: -124694.859, Train MSE: 0.148, Val MSE: 0.157
Current LR: [0.0006402042822913844]
Epoch: 312, Train ELBO: -107027.362, Val ELBO: -124684.595, Train MSE: 0.148, Val MSE: 0.157
Current LR: [0.0006360005811901536]
Epoch: 313, Train ELBO: -108350.124, Val ELBO: -124676.661, Train MSE: 0.147, Val MSE: 0.157
Current LR: [0.0006318244823768757]
Epoch: 314, Train ELBO: -107843.187, Val ELBO: -124665.449, Train MSE: 0.147, Val MSE: 0.156
Current LR: [0.0006276758046097635]
Epoch: 315, Train ELBO: -106687.417, Val ELBO: -124672.533, Train MSE: 0.147, Val MSE: 0.157
Current LR: [0.0006235543678370975]
Epoch: 316, Train ELBO: -100952.737, Val ELBO: -124687.475, Train MSE: 0.147, Val MSE: 0.157
Current LR: [0.0006194599931894111]
Epoch: 317, Train ELBO: -106861.174, Val ELBO: -124675.455, Train MSE: 0.148, Val MSE: 0.157
Current LR: [0.0006153925029717284]
Epoch: 318, Train ELBO: -105262.779, Val ELBO: -124669.596, Train MSE: 0.148, Val MSE: 0.156
Current LR: [0.0006113517206558518]
Epoch: 319, Train ELBO: -106742.834, Val ELBO: -124661.003, Train MSE: 0.148, Val MSE: 0.156
Current LR: [0.0006073374708727011]
Epoch: 320, Train ELBO: -107525.010, Val ELBO: -124657.336, Train MSE: 0.148, Val MSE: 0.156
Current LR: [0.0006033495794047019]
Epoch: 321, Train ELBO: -104623.272, Val ELBO: -124663.172, Train MSE: 0.147, Val MSE: 0.156
Current LR: [0.0005993878731782254]
Epoch: 322, Train ELBO: -105673.127, Val ELBO: -124655.936, Train MSE: 0.146, Val MSE: 0.156
Current LR: [0.0005954521802560763]
Epoch: 323, Train ELBO: -106131.468, Val ELBO: -124660.569, Train MSE: 0.147, Val MSE: 0.156
Current LR: [0.0005915423298300314]
Epoch: 324, Train ELBO: -110207.274, Val ELBO: -124662.979, Train MSE: 0.148, Val MSE: 0.156
Current LR: [0.0005876581522134259]
Epoch: 325, Train ELBO: -112678.344, Val ELBO: -124656.044, Train MSE: 0.148, Val MSE: 0.156
Current LR: [0.0005837994788337898]
Epoch: 326, Train ELBO: -105681.364, Val ELBO: -124643.709, Train MSE: 0.145, Val MSE: 0.156
Current LR: [0.0005799661422255311]
Epoch: 327, Train ELBO: -106084.364, Val ELBO: -124633.420, Train MSE: 0.144, Val MSE: 0.156
Current LR: [0.0005761579760226683]
Epoch: 328, Train ELBO: -103568.803, Val ELBO: -124640.343, Train MSE: 0.146, Val MSE: 0.156
Current LR: [0.0005723748149516103]
Epoch: 329, Train ELBO: -101434.500, Val ELBO: -124646.363, Train MSE: 0.144, Val MSE: 0.156
Current LR: [0.000568616494823983]
Epoch: 330, Train ELBO: -107088.101, Val ELBO: -124641.431, Train MSE: 0.144, Val MSE: 0.156
Current LR: [0.0005648828525295041]
Epoch: 331, Train ELBO: -108327.144, Val ELBO: -124630.823, Train MSE: 0.143, Val MSE: 0.156
Current LR: [0.0005611737260289039]
Epoch: 332, Train ELBO: -104164.995, Val ELBO: -124634.743, Train MSE: 0.144, Val MSE: 0.156
Current LR: [0.0005574889543468928]
Epoch: 333, Train ELBO: -103681.521, Val ELBO: -124635.339, Train MSE: 0.144, Val MSE: 0.156
Current LR: [0.0005538283775651752]
Epoch: 334, Train ELBO: -104780.685, Val ELBO: -124632.168, Train MSE: 0.144, Val MSE: 0.156
Current LR: [0.0005501918368155087]
Epoch: 335, Train ELBO: -108693.328, Val ELBO: -124638.610, Train MSE: 0.145, Val MSE: 0.156
Current LR: [0.0005465791742728098]
Epoch: 336, Train ELBO: -112705.298, Val ELBO: -124634.952, Train MSE: 0.146, Val MSE: 0.156
Current LR: [0.0005429902331483038]
Epoch: 337, Train ELBO: -113956.494, Val ELBO: -124631.869, Train MSE: 0.147, Val MSE: 0.156
Current LR: [0.0005394248576827204]
Epoch: 338, Train ELBO: -110674.843, Val ELBO: -124640.977, Train MSE: 0.147, Val MSE: 0.156
Current LR: [0.000535882893139534]
Epoch: 339, Train ELBO: -116950.520, Val ELBO: -124639.342, Train MSE: 0.148, Val MSE: 0.156
Current LR: [0.000532364185798248]
Epoch: 340, Train ELBO: -117331.162, Val ELBO: -124643.226, Train MSE: 0.149, Val MSE: 0.156
Current LR: [0.0005288685829477232]
Epoch: 341, Train ELBO: -114953.023, Val ELBO: -124634.921, Train MSE: 0.147, Val MSE: 0.156
Current LR: [0.0005253959328795504]
Epoch: 342, Train ELBO: -112065.002, Val ELBO: -124641.532, Train MSE: 0.148, Val MSE: 0.156
Current LR: [0.000521946084881466]
Epoch: 343, Train ELBO: -112536.255, Val ELBO: -124625.931, Train MSE: 0.148, Val MSE: 0.156
Current LR: [0.0005185188892308116]
Epoch: 344, Train ELBO: -113854.225, Val ELBO: -124621.361, Train MSE: 0.150, Val MSE: 0.156
Current LR: [0.0005151141971880358]
Epoch: 345, Train ELBO: -110518.989, Val ELBO: -124629.062, Train MSE: 0.149, Val MSE: 0.156
Current LR: [0.0005117318609902385]
Epoch: 346, Train ELBO: -112641.588, Val ELBO: -124637.001, Train MSE: 0.149, Val MSE: 0.156
Current LR: [0.0005083717338447589]
Epoch: 347, Train ELBO: -109942.993, Val ELBO: -124641.609, Train MSE: 0.148, Val MSE: 0.156
Current LR: [0.0005050336699228041]
Epoch: 348, Train ELBO: -109187.782, Val ELBO: -124645.732, Train MSE: 0.149, Val MSE: 0.156
Current LR: [0.0005017175243531203]
Epoch: 349, Train ELBO: -108429.155, Val ELBO: -124631.599, Train MSE: 0.148, Val MSE: 0.156
Current LR: [0.0004984231532157056]
Epoch: 350, Train ELBO: -111480.725, Val ELBO: -124623.291, Train MSE: 0.148, Val MSE: 0.156
Current LR: [0.0004951504135355637]
Epoch: 351, Train ELBO: -105791.480, Val ELBO: -124623.017, Train MSE: 0.148, Val MSE: 0.156
Current LR: [0.0004918991632764988]
Epoch: 352, Train ELBO: -101807.462, Val ELBO: -124620.798, Train MSE: 0.146, Val MSE: 0.156
Current LR: [0.0004886692613349514]
Epoch: 353, Train ELBO: -99383.072, Val ELBO: -124637.874, Train MSE: 0.145, Val MSE: 0.156
Current LR: [0.00048546056753387423]
Epoch: 354, Train ELBO: -103575.332, Val ELBO: -124630.596, Train MSE: 0.146, Val MSE: 0.156
Current LR: [0.000482272942616649]
Epoch: 355, Train ELBO: -108248.389, Val ELBO: -124624.840, Train MSE: 0.147, Val MSE: 0.156
Current LR: [0.00047910624824104234]
Epoch: 356, Train ELBO: -107173.279, Val ELBO: -124617.432, Train MSE: 0.147, Val MSE: 0.156
Current LR: [0.00047596034697320173]
Epoch: 357, Train ELBO: -106575.820, Val ELBO: -124613.247, Train MSE: 0.148, Val MSE: 0.156
Current LR: [0.0004728351022816912]
Epoch: 358, Train ELBO: -109585.349, Val ELBO: -124614.558, Train MSE: 0.147, Val MSE: 0.156
Current LR: [0.00046973037853156565]
Epoch: 359, Train ELBO: -111168.800, Val ELBO: -124633.182, Train MSE: 0.148, Val MSE: 0.156
Current LR: [0.00046664604097848447]
Epoch: 360, Train ELBO: -105535.417, Val ELBO: -124637.403, Train MSE: 0.146, Val MSE: 0.156
Current LR: [0.0004635819557628635]
Epoch: 361, Train ELBO: -107664.647, Val ELBO: -124621.003, Train MSE: 0.146, Val MSE: 0.156
Current LR: [0.00046053798990406574]
Epoch: 362, Train ELBO: -105235.881, Val ELBO: -124618.828, Train MSE: 0.147, Val MSE: 0.156
Current LR: [0.00045751401129462996]
Epoch: 363, Train ELBO: -102260.064, Val ELBO: -124622.261, Train MSE: 0.145, Val MSE: 0.156
Current LR: [0.0004545098886945371]
Epoch: 364, Train ELBO: -101284.642, Val ELBO: -124615.080, Train MSE: 0.146, Val MSE: 0.156
Current LR: [0.0004515254917255148]
Epoch: 365, Train ELBO: -104335.060, Val ELBO: -124614.615, Train MSE: 0.146, Val MSE: 0.156
Current LR: [0.00044856069086537866]
Epoch: 366, Train ELBO: -105610.215, Val ELBO: -124621.892, Train MSE: 0.147, Val MSE: 0.156
Current LR: [0.0004456153574424113]
Epoch: 367, Train ELBO: -98985.617, Val ELBO: -124630.477, Train MSE: 0.144, Val MSE: 0.156
Current LR: [0.00044268936362977784]
Epoch: 368, Train ELBO: -100023.639, Val ELBO: -124617.622, Train MSE: 0.146, Val MSE: 0.156
Current LR: [0.00043978258243997835]
Epoch: 369, Train ELBO: -96542.421, Val ELBO: -124613.311, Train MSE: 0.146, Val MSE: 0.156
Current LR: [0.0004368948877193366]
Epoch: 370, Train ELBO: -103985.855, Val ELBO: -124604.716, Train MSE: 0.147, Val MSE: 0.155
Current LR: [0.0004340261541425249]
Epoch: 371, Train ELBO: -106061.135, Val ELBO: -124597.694, Train MSE: 0.147, Val MSE: 0.155
Current LR: [0.00043117625720712536]
Epoch: 372, Train ELBO: -104825.014, Val ELBO: -124592.132, Train MSE: 0.146, Val MSE: 0.155
Current LR: [0.0004283450732282259]
Epoch: 373, Train ELBO: -110342.431, Val ELBO: -124595.344, Train MSE: 0.147, Val MSE: 0.155
Current LR: [0.000425532479333053]
Epoch: 374, Train ELBO: -104048.467, Val ELBO: -124595.676, Train MSE: 0.145, Val MSE: 0.155
Current LR: [0.00042273835345563865]
Epoch: 375, Train ELBO: -103585.178, Val ELBO: -124592.240, Train MSE: 0.145, Val MSE: 0.155
Current LR: [0.00041996257433152284]
Epoch: 376, Train ELBO: -104698.403, Val ELBO: -124595.111, Train MSE: 0.144, Val MSE: 0.155
Current LR: [0.0004172050214924907]
Epoch: 377, Train ELBO: -104988.943, Val ELBO: -124597.206, Train MSE: 0.144, Val MSE: 0.155
Current LR: [0.00041446557526134413]
Epoch: 378, Train ELBO: -106685.263, Val ELBO: -124590.764, Train MSE: 0.143, Val MSE: 0.155
Current LR: [0.000411744116746708]
Epoch: 379, Train ELBO: -105628.382, Val ELBO: -124589.408, Train MSE: 0.142, Val MSE: 0.155
Current LR: [0.0004090405278378702]
Epoch: 380, Train ELBO: -103174.874, Val ELBO: -124591.104, Train MSE: 0.143, Val MSE: 0.155
Current LR: [0.0004063546911996556]
Epoch: 381, Train ELBO: -101317.445, Val ELBO: -124587.127, Train MSE: 0.142, Val MSE: 0.155
Current LR: [0.0004036864902673338]
Epoch: 382, Train ELBO: -104870.883, Val ELBO: -124578.960, Train MSE: 0.143, Val MSE: 0.155
Current LR: [0.00040103580924156015]
Epoch: 383, Train ELBO: -103107.154, Val ELBO: -124583.297, Train MSE: 0.143, Val MSE: 0.155
Current LR: [0.0003984025330833503]
Epoch: 384, Train ELBO: -103938.369, Val ELBO: -124575.304, Train MSE: 0.144, Val MSE: 0.155
Current LR: [0.00039578654750908735]
Epoch: 385, Train ELBO: -108244.622, Val ELBO: -124570.691, Train MSE: 0.145, Val MSE: 0.155
Current LR: [0.00039318773898556195]
Epoch: 386, Train ELBO: -113051.966, Val ELBO: -124569.785, Train MSE: 0.145, Val MSE: 0.155
Current LR: [0.00039060599472504515]
Epoch: 387, Train ELBO: -109312.464, Val ELBO: -124566.268, Train MSE: 0.145, Val MSE: 0.155
Current LR: [0.00038804120268039324]
Epoch: 388, Train ELBO: -107044.626, Val ELBO: -124572.352, Train MSE: 0.145, Val MSE: 0.155
Current LR: [0.00038549325154018505]
Epoch: 389, Train ELBO: -108286.267, Val ELBO: -124579.126, Train MSE: 0.146, Val MSE: 0.155
Current LR: [0.000382962030723891]
Epoch: 390, Train ELBO: -106728.505, Val ELBO: -124581.984, Train MSE: 0.145, Val MSE: 0.155
Current LR: [0.00038044743037707405]
Epoch: 391, Train ELBO: -106961.485, Val ELBO: -124581.410, Train MSE: 0.146, Val MSE: 0.155
Current LR: [0.00037794934136662186]
Epoch: 392, Train ELBO: -105238.889, Val ELBO: -124584.843, Train MSE: 0.146, Val MSE: 0.155
Current LR: [0.0003754676552760105]
Epoch: 393, Train ELBO: -107397.335, Val ELBO: -124586.140, Train MSE: 0.147, Val MSE: 0.155
Current LR: [0.0003730022644005994]
Epoch: 394, Train ELBO: -106026.810, Val ELBO: -124591.725, Train MSE: 0.146, Val MSE: 0.155
Current LR: [0.00037055306174295653]
Epoch: 395, Train ELBO: -105251.484, Val ELBO: -124592.018, Train MSE: 0.145, Val MSE: 0.155
Current LR: [0.0003681199410082153]
Epoch: 396, Train ELBO: -113990.585, Val ELBO: -124589.001, Train MSE: 0.147, Val MSE: 0.155
Current LR: [0.00036570279659946085]
Epoch: 397, Train ELBO: -108441.110, Val ELBO: -124579.358, Train MSE: 0.146, Val MSE: 0.155
Current LR: [0.00036330152361314764]
Epoch: 398, Train ELBO: -111932.003, Val ELBO: -124581.162, Train MSE: 0.146, Val MSE: 0.155
Current LR: [0.0003609160178345463]
Epoch: 399, Train ELBO: -109531.806, Val ELBO: -124573.791, Train MSE: 0.145, Val MSE: 0.155
Current LR: [0.00035854617573322095]
Epoch: 400, Train ELBO: -105431.426, Val ELBO: -124573.736, Train MSE: 0.144, Val MSE: 0.155
Current LR: [0.00035619189445853584]
Epoch: 401, Train ELBO: -101872.782, Val ELBO: -124596.705, Train MSE: 0.140, Val MSE: 0.155
Current LR: [0.00035385307183519177]
Epoch: 402, Train ELBO: -102432.094, Val ELBO: -124587.443, Train MSE: 0.142, Val MSE: 0.155
Current LR: [0.00035152960635879174]
Epoch: 403, Train ELBO: -99843.925, Val ELBO: -124586.212, Train MSE: 0.144, Val MSE: 0.155
Current LR: [0.0003492213971914355]
Epoch: 404, Train ELBO: -105519.532, Val ELBO: -124579.534, Train MSE: 0.145, Val MSE: 0.155
Current LR: [0.0003469283441573434]
Epoch: 405, Train ELBO: -104506.473, Val ELBO: -124590.768, Train MSE: 0.145, Val MSE: 0.155
Current LR: [0.00034465034773850867]
Epoch: 406, Train ELBO: -104939.737, Val ELBO: -124577.531, Train MSE: 0.144, Val MSE: 0.155
Current LR: [0.00034238730907037843]
Epoch: 407, Train ELBO: -99985.564, Val ELBO: -124572.407, Train MSE: 0.144, Val MSE: 0.155
Current LR: [0.0003401391299375629]
Epoch: 408, Train ELBO: -104019.120, Val ELBO: -124581.606, Train MSE: 0.143, Val MSE: 0.155
Current LR: [0.000337905712769573]
Epoch: 409, Train ELBO: -107254.049, Val ELBO: -124573.489, Train MSE: 0.144, Val MSE: 0.155
Current LR: [0.00033568696063658566]
Epoch: 410, Train ELBO: -108561.721, Val ELBO: -124576.287, Train MSE: 0.145, Val MSE: 0.155
Current LR: [0.00033348277724523716]
Epoch: 411, Train ELBO: -105837.708, Val ELBO: -124569.331, Train MSE: 0.145, Val MSE: 0.155
Current LR: [0.00033129306693444407]
Epoch: 412, Train ELBO: -102988.512, Val ELBO: -124575.737, Train MSE: 0.144, Val MSE: 0.155
Current LR: [0.00032911773467125154]
Epoch: 413, Train ELBO: -102433.449, Val ELBO: -124567.873, Train MSE: 0.143, Val MSE: 0.155
Current LR: [0.00032695668604670885]
Epoch: 414, Train ELBO: -103284.102, Val ELBO: -124566.336, Train MSE: 0.143, Val MSE: 0.155
Current LR: [0.00032480982727177215]
Epoch: 415, Train ELBO: -103151.986, Val ELBO: -124560.971, Train MSE: 0.143, Val MSE: 0.155
Current LR: [0.0003226770651732339]
Epoch: 416, Train ELBO: -108811.297, Val ELBO: -124579.016, Train MSE: 0.145, Val MSE: 0.155
Current LR: [0.0003205583071896794]
Epoch: 417, Train ELBO: -109515.545, Val ELBO: -124569.973, Train MSE: 0.143, Val MSE: 0.155
Current LR: [0.0003184534613674694]
Epoch: 418, Train ELBO: -114456.928, Val ELBO: -124560.733, Train MSE: 0.143, Val MSE: 0.155
Current LR: [0.0003163624363567496]
Epoch: 419, Train ELBO: -116903.651, Val ELBO: -124547.854, Train MSE: 0.142, Val MSE: 0.155
Current LR: [0.00031428514140748585]
Epoch: 420, Train ELBO: -123313.291, Val ELBO: -124539.279, Train MSE: 0.144, Val MSE: 0.154
Current LR: [0.00031222148636552566]
Epoch: 421, Train ELBO: -116997.655, Val ELBO: -124546.393, Train MSE: 0.144, Val MSE: 0.155
Current LR: [0.0003101713816686856]
Epoch: 422, Train ELBO: -110295.209, Val ELBO: -124547.004, Train MSE: 0.145, Val MSE: 0.155
Current LR: [0.0003081347383428644]
Epoch: 423, Train ELBO: -109502.004, Val ELBO: -124545.392, Train MSE: 0.147, Val MSE: 0.154
Current LR: [0.00030611146799818114]
Epoch: 424, Train ELBO: -106052.764, Val ELBO: -124547.558, Train MSE: 0.146, Val MSE: 0.155
Current LR: [0.00030410148282513966]
Epoch: 425, Train ELBO: -108759.179, Val ELBO: -124541.694, Train MSE: 0.146, Val MSE: 0.154
Current LR: [0.0003021046955908173]
Epoch: 426, Train ELBO: -105257.787, Val ELBO: -124542.798, Train MSE: 0.145, Val MSE: 0.154
Current LR: [0.00030012101963507897]
Epoch: 427, Train ELBO: -107064.179, Val ELBO: -124545.059, Train MSE: 0.145, Val MSE: 0.154
Current LR: [0.0002981503688668164]
Epoch: 428, Train ELBO: -106126.461, Val ELBO: -124540.779, Train MSE: 0.143, Val MSE: 0.154
Current LR: [0.00029619265776021156]
Epoch: 429, Train ELBO: -108291.704, Val ELBO: -124542.023, Train MSE: 0.143, Val MSE: 0.154
Current LR: [0.000294247801351025]
Epoch: 430, Train ELBO: -109854.962, Val ELBO: -124543.038, Train MSE: 0.143, Val MSE: 0.154
Current LR: [0.0002923157152329083]
Epoch: 431, Train ELBO: -102123.777, Val ELBO: -124542.806, Train MSE: 0.141, Val MSE: 0.154
Current LR: [0.00029039631555374096]
Epoch: 432, Train ELBO: -102440.847, Val ELBO: -124549.060, Train MSE: 0.142, Val MSE: 0.155
Current LR: [0.00028848951901199116]
Epoch: 433, Train ELBO: -102082.792, Val ELBO: -124544.910, Train MSE: 0.142, Val MSE: 0.154
Current LR: [0.00028659524285310053]
Epoch: 434, Train ELBO: -98230.632, Val ELBO: -124543.625, Train MSE: 0.139, Val MSE: 0.154
Current LR: [0.0002847134048658926]
Epoch: 435, Train ELBO: -98418.482, Val ELBO: -124544.462, Train MSE: 0.140, Val MSE: 0.154
Current LR: [0.000282843923379005]
Epoch: 436, Train ELBO: -101297.347, Val ELBO: -124540.630, Train MSE: 0.140, Val MSE: 0.154
Current LR: [0.0002809867172573446]
Epoch: 437, Train ELBO: -100191.170, Val ELBO: -124538.161, Train MSE: 0.139, Val MSE: 0.154
Current LR: [0.0002791417058985666]
Epoch: 438, Train ELBO: -98910.822, Val ELBO: -124540.027, Train MSE: 0.140, Val MSE: 0.154
Current LR: [0.00027730880922957623]
Epoch: 439, Train ELBO: -101920.956, Val ELBO: -124531.810, Train MSE: 0.142, Val MSE: 0.154
Current LR: [0.00027548794770305366]
Epoch: 440, Train ELBO: -103177.677, Val ELBO: -124536.153, Train MSE: 0.142, Val MSE: 0.154
Current LR: [0.00027367904229400167]
Epoch: 441, Train ELBO: -104405.601, Val ELBO: -124539.314, Train MSE: 0.143, Val MSE: 0.154
Current LR: [0.0002718820144963159]
Epoch: 442, Train ELBO: -108028.026, Val ELBO: -124538.284, Train MSE: 0.143, Val MSE: 0.154
Current LR: [0.0002700967863193778]
Epoch: 443, Train ELBO: -106413.085, Val ELBO: -124538.542, Train MSE: 0.143, Val MSE: 0.154
Current LR: [0.0002683232802846698]
Epoch: 444, Train ELBO: -101893.378, Val ELBO: -124543.033, Train MSE: 0.142, Val MSE: 0.154
Current LR: [0.00026656141942241283]
Epoch: 445, Train ELBO: -100726.696, Val ELBO: -124545.908, Train MSE: 0.143, Val MSE: 0.155
Current LR: [0.00026481112726822563]
Epoch: 446, Train ELBO: -101012.386, Val ELBO: -124543.546, Train MSE: 0.143, Val MSE: 0.154
Current LR: [0.00026307232785980657]
Epoch: 447, Train ELBO: -99430.501, Val ELBO: -124538.943, Train MSE: 0.143, Val MSE: 0.154
Current LR: [0.0002613449457336366]
Epoch: 448, Train ELBO: -99735.092, Val ELBO: -124535.235, Train MSE: 0.145, Val MSE: 0.154
Current LR: [0.0002596289059217042]
Epoch: 449, Train ELBO: -97975.526, Val ELBO: -124535.834, Train MSE: 0.145, Val MSE: 0.154
Current LR: [0.00025792413394825205]
Epoch: 450, Train ELBO: -100302.187, Val ELBO: -124531.563, Train MSE: 0.144, Val MSE: 0.154
Current LR: [0.00025623055582654433]
Epoch: 451, Train ELBO: -103913.802, Val ELBO: -124526.995, Train MSE: 0.144, Val MSE: 0.154
Current LR: [0.00025454809805565615]
Epoch: 452, Train ELBO: -104468.393, Val ELBO: -124527.952, Train MSE: 0.143, Val MSE: 0.154
Current LR: [0.0002528766876172834]
Epoch: 453, Train ELBO: -104154.520, Val ELBO: -124525.520, Train MSE: 0.142, Val MSE: 0.154
Current LR: [0.00025121625197257373]
Epoch: 454, Train ELBO: -103955.590, Val ELBO: -124524.027, Train MSE: 0.140, Val MSE: 0.154
Current LR: [0.0002495667190589786]
Epoch: 455, Train ELBO: -100001.068, Val ELBO: -124555.886, Train MSE: 0.140, Val MSE: 0.155
Current LR: [0.0002479280172871256]
Epoch: 456, Train ELBO: -102381.464, Val ELBO: -124545.724, Train MSE: 0.140, Val MSE: 0.154
Current LR: [0.0002463000755377114]
Epoch: 457, Train ELBO: -100704.517, Val ELBO: -124547.435, Train MSE: 0.142, Val MSE: 0.155
Current LR: [0.0002446828231584156]
Epoch: 458, Train ELBO: -104349.049, Val ELBO: -124537.312, Train MSE: 0.143, Val MSE: 0.154
Current LR: [0.0002430761899608339]
Epoch: 459, Train ELBO: -104373.518, Val ELBO: -124533.691, Train MSE: 0.141, Val MSE: 0.154
Current LR: [0.00024148010621743234]
Epoch: 460, Train ELBO: -106399.734, Val ELBO: -124525.082, Train MSE: 0.139, Val MSE: 0.154
Current LR: [0.00023989450265852092]
Epoch: 461, Train ELBO: -109141.587, Val ELBO: -124524.968, Train MSE: 0.139, Val MSE: 0.154
Current LR: [0.0002383193104692474]
Epoch: 462, Train ELBO: -110087.205, Val ELBO: -124521.617, Train MSE: 0.140, Val MSE: 0.154
Current LR: [0.00023675446128661076]
Epoch: 463, Train ELBO: -112097.233, Val ELBO: -124524.574, Train MSE: 0.138, Val MSE: 0.154
Current LR: [0.00023519988719649423]
Epoch: 464, Train ELBO: -111475.015, Val ELBO: -124530.359, Train MSE: 0.139, Val MSE: 0.154
Current LR: [0.0002336555207307178]
Epoch: 465, Train ELBO: -112528.576, Val ELBO: -124523.611, Train MSE: 0.142, Val MSE: 0.154
Current LR: [0.00023212129486411024]
Epoch: 466, Train ELBO: -118646.098, Val ELBO: -124517.499, Train MSE: 0.142, Val MSE: 0.154
Current LR: [0.00023059714301160004]
Epoch: 467, Train ELBO: -115035.011, Val ELBO: -124513.841, Train MSE: 0.143, Val MSE: 0.154
Current LR: [0.00022908299902532576]
Epoch: 468, Train ELBO: -110975.181, Val ELBO: -124512.709, Train MSE: 0.141, Val MSE: 0.154
Current LR: [0.0002275787971917652]
Epoch: 469, Train ELBO: -107295.668, Val ELBO: -124517.480, Train MSE: 0.142, Val MSE: 0.154
Current LR: [0.00022608447222888345]
Epoch: 470, Train ELBO: -106014.734, Val ELBO: -124517.417, Train MSE: 0.143, Val MSE: 0.154
Current LR: [0.00022459995928329965]
Epoch: 471, Train ELBO: -102199.140, Val ELBO: -124520.870, Train MSE: 0.141, Val MSE: 0.154
Current LR: [0.00022312519392747238]
Epoch: 472, Train ELBO: -106971.138, Val ELBO: -124518.085, Train MSE: 0.143, Val MSE: 0.154
Current LR: [0.00022166011215690346]
Epoch: 473, Train ELBO: -106770.689, Val ELBO: -124516.019, Train MSE: 0.141, Val MSE: 0.154
Current LR: [0.0002202046503873603]
Epoch: 474, Train ELBO: -102190.793, Val ELBO: -124516.070, Train MSE: 0.139, Val MSE: 0.154
Current LR: [0.00021875874545211624]
Epoch: 475, Train ELBO: -102997.396, Val ELBO: -124515.019, Train MSE: 0.140, Val MSE: 0.154
Current LR: [0.00021732233459920914]
Epoch: 476, Train ELBO: -104257.497, Val ELBO: -124515.058, Train MSE: 0.140, Val MSE: 0.154
Current LR: [0.00021589535548871804]
Epoch: 477, Train ELBO: -104053.911, Val ELBO: -124517.356, Train MSE: 0.142, Val MSE: 0.154
Current LR: [0.00021447774619005752]
Epoch: 478, Train ELBO: -110057.822, Val ELBO: -124511.993, Train MSE: 0.142, Val MSE: 0.154
Current LR: [0.00021306944517929]
Epoch: 479, Train ELBO: -108123.441, Val ELBO: -124506.967, Train MSE: 0.143, Val MSE: 0.154
Current LR: [0.00021167039133645558]
Epoch: 480, Train ELBO: -114505.402, Val ELBO: -124514.388, Train MSE: 0.144, Val MSE: 0.154
Current LR: [0.0002102805239429194]
Epoch: 481, Train ELBO: -107529.434, Val ELBO: -124513.335, Train MSE: 0.144, Val MSE: 0.154
Current LR: [0.00020889978267873662]
Epoch: 482, Train ELBO: -106448.914, Val ELBO: -124511.611, Train MSE: 0.144, Val MSE: 0.154
Current LR: [0.00020752810762003434]
Epoch: 483, Train ELBO: -109388.399, Val ELBO: -124510.447, Train MSE: 0.145, Val MSE: 0.154
Current LR: [0.0002061654392364111]
Epoch: 484, Train ELBO: -112450.039, Val ELBO: -124505.653, Train MSE: 0.144, Val MSE: 0.154
Current LR: [0.00020481171838835312]
Epoch: 485, Train ELBO: -114172.439, Val ELBO: -124504.462, Train MSE: 0.144, Val MSE: 0.154
Current LR: [0.0002034668863246678]
Epoch: 486, Train ELBO: -116629.006, Val ELBO: -124501.730, Train MSE: 0.145, Val MSE: 0.154
Current LR: [0.00020213088467993385]
Epoch: 487, Train ELBO: -114392.630, Val ELBO: -124501.594, Train MSE: 0.145, Val MSE: 0.154
Current LR: [0.00020080365547196823]
Epoch: 488, Train ELBO: -112156.711, Val ELBO: -124503.430, Train MSE: 0.146, Val MSE: 0.154
Current LR: [0.00019948514109930976]
Epoch: 489, Train ELBO: -110664.494, Val ELBO: -124504.575, Train MSE: 0.145, Val MSE: 0.154
Current LR: [0.00019817528433871927]
Epoch: 490, Train ELBO: -111660.223, Val ELBO: -124506.183, Train MSE: 0.146, Val MSE: 0.154
Current LR: [0.00019687402834269604]
Epoch: 491, Train ELBO: -111056.498, Val ELBO: -124514.343, Train MSE: 0.145, Val MSE: 0.154
Current LR: [0.00019558131663701073]
Epoch: 492, Train ELBO: -110955.563, Val ELBO: -124512.567, Train MSE: 0.146, Val MSE: 0.154
Current LR: [0.0001942970931182543]
Epoch: 493, Train ELBO: -107318.260, Val ELBO: -124510.655, Train MSE: 0.145, Val MSE: 0.154
Current LR: [0.00019302130205140324]
Epoch: 494, Train ELBO: -109582.031, Val ELBO: -124512.570, Train MSE: 0.144, Val MSE: 0.154
Current LR: [0.00019175388806740056]
Epoch: 495, Train ELBO: -109120.136, Val ELBO: -124511.205, Train MSE: 0.144, Val MSE: 0.154
Current LR: [0.00019049479616075295]
Epoch: 496, Train ELBO: -103692.134, Val ELBO: -124509.741, Train MSE: 0.144, Val MSE: 0.154
Current LR: [0.0001892439716871434]
Epoch: 497, Train ELBO: -104116.374, Val ELBO: -124513.425, Train MSE: 0.143, Val MSE: 0.154
Current LR: [0.0001880013603610597]
Epoch: 498, Train ELBO: -101699.868, Val ELBO: -124531.046, Train MSE: 0.142, Val MSE: 0.154
Current LR: [0.00018676690825343857]
Epoch: 499, Train ELBO: -105797.555, Val ELBO: -124519.545, Train MSE: 0.143, Val MSE: 0.154
Current LR: [0.00018554056178932493]
Epoch: 500, Train ELBO: -102788.048, Val ELBO: -124512.152, Train MSE: 0.143, Val MSE: 0.154
Current LR: [0.00018432226774554693]
Epoch: 501, Train ELBO: -107786.544, Val ELBO: -124504.935, Train MSE: 0.141, Val MSE: 0.154
Current LR: [0.000183111973248406]
Epoch: 502, Train ELBO: -111107.699, Val ELBO: -124498.675, Train MSE: 0.143, Val MSE: 0.154
Current LR: [0.0001819096257713822]
Epoch: 503, Train ELBO: -110284.071, Val ELBO: -124497.222, Train MSE: 0.143, Val MSE: 0.154
Current LR: [0.00018071517313285456]
Epoch: 504, Train ELBO: -110021.907, Val ELBO: -124496.285, Train MSE: 0.142, Val MSE: 0.154
Current LR: [0.00017952856349383634]
Epoch: 505, Train ELBO: -109848.014, Val ELBO: -124495.890, Train MSE: 0.143, Val MSE: 0.154
Current LR: [0.00017834974535572534]
Epoch: 506, Train ELBO: -105200.064, Val ELBO: -124497.969, Train MSE: 0.142, Val MSE: 0.154
Current LR: [0.00017717866755806878]
Epoch: 507, Train ELBO: -101411.224, Val ELBO: -124499.292, Train MSE: 0.141, Val MSE: 0.154
Current LR: [0.00017601527927634298]
Epoch: 508, Train ELBO: -101612.789, Val ELBO: -124499.156, Train MSE: 0.141, Val MSE: 0.154
Current LR: [0.00017485953001974766]
Epoch: 509, Train ELBO: -102153.947, Val ELBO: -124500.318, Train MSE: 0.141, Val MSE: 0.154
Current LR: [0.0001737113696290145]
Epoch: 510, Train ELBO: -103142.291, Val ELBO: -124503.081, Train MSE: 0.142, Val MSE: 0.154
Current LR: [0.00017257074827423035]
Epoch: 511, Train ELBO: -101191.298, Val ELBO: -124509.191, Train MSE: 0.141, Val MSE: 0.154
Current LR: [0.00017143761645267464]
Epoch: 512, Train ELBO: -107756.755, Val ELBO: -124506.636, Train MSE: 0.143, Val MSE: 0.154
Current LR: [0.00017031192498667084]
Epoch: 513, Train ELBO: -105192.142, Val ELBO: -124503.949, Train MSE: 0.142, Val MSE: 0.154
Current LR: [0.0001691936250214523]
Epoch: 514, Train ELBO: -104964.712, Val ELBO: -124502.960, Train MSE: 0.141, Val MSE: 0.154
Current LR: [0.00016808266802304192]
Epoch: 515, Train ELBO: -103509.610, Val ELBO: -124500.780, Train MSE: 0.142, Val MSE: 0.154
Current LR: [0.00016697900577614572]
Epoch: 516, Train ELBO: -106453.553, Val ELBO: -124501.039, Train MSE: 0.142, Val MSE: 0.154
Current LR: [0.00016588259038206041]
Epoch: 517, Train ELBO: -105327.953, Val ELBO: -124500.172, Train MSE: 0.142, Val MSE: 0.154
Current LR: [0.00016479337425659454]
Epoch: 518, Train ELBO: -107740.797, Val ELBO: -124501.099, Train MSE: 0.142, Val MSE: 0.154
Current LR: [0.00016371131012800333]
Epoch: 519, Train ELBO: -108235.084, Val ELBO: -124499.451, Train MSE: 0.142, Val MSE: 0.154
Current LR: [0.00016263635103493717]
Epoch: 520, Train ELBO: -108966.309, Val ELBO: -124504.164, Train MSE: 0.141, Val MSE: 0.154
Current LR: [0.0001615684503244034]
Epoch: 521, Train ELBO: -107150.730, Val ELBO: -124503.389, Train MSE: 0.142, Val MSE: 0.154
Current LR: [0.0001605075616497417]
Epoch: 522, Train ELBO: -103979.545, Val ELBO: -124504.459, Train MSE: 0.142, Val MSE: 0.154
Current LR: [0.00015945363896861255]
Epoch: 523, Train ELBO: -104150.270, Val ELBO: -124501.884, Train MSE: 0.144, Val MSE: 0.154
Current LR: [0.00015840663654099907]
Epoch: 524, Train ELBO: -104520.234, Val ELBO: -124504.153, Train MSE: 0.143, Val MSE: 0.154
Current LR: [0.00015736650892722188]
Epoch: 525, Train ELBO: -105735.792, Val ELBO: -124501.308, Train MSE: 0.142, Val MSE: 0.154
Current LR: [0.00015633321098596704]
Epoch: 526, Train ELBO: -109835.802, Val ELBO: -124499.152, Train MSE: 0.142, Val MSE: 0.154
Current LR: [0.00015530669787232692]
Epoch: 527, Train ELBO: -104323.974, Val ELBO: -124493.667, Train MSE: 0.140, Val MSE: 0.154
Current LR: [0.00015428692503585397]
Epoch: 528, Train ELBO: -106119.480, Val ELBO: -124494.661, Train MSE: 0.142, Val MSE: 0.154
Current LR: [0.00015327384821862714]
Epoch: 529, Train ELBO: -107990.676, Val ELBO: -124497.729, Train MSE: 0.144, Val MSE: 0.154
Current LR: [0.00015226742345333125]
Epoch: 530, Train ELBO: -106886.178, Val ELBO: -124494.116, Train MSE: 0.141, Val MSE: 0.154
Current LR: [0.0001512676070613487]
Epoch: 531, Train ELBO: -105848.834, Val ELBO: -124492.079, Train MSE: 0.142, Val MSE: 0.154
Current LR: [0.0001502743556508639]
Epoch: 532, Train ELBO: -105634.294, Val ELBO: -124493.730, Train MSE: 0.141, Val MSE: 0.154
Current LR: [0.00014928762611497994]
Epoch: 533, Train ELBO: -108548.278, Val ELBO: -124498.302, Train MSE: 0.142, Val MSE: 0.154
Current LR: [0.000148307375629848]
Epoch: 534, Train ELBO: -108048.985, Val ELBO: -124494.920, Train MSE: 0.142, Val MSE: 0.154
Current LR: [0.00014733356165280858]
Epoch: 535, Train ELBO: -108108.861, Val ELBO: -124494.919, Train MSE: 0.142, Val MSE: 0.154
Current LR: [0.00014636614192054524]
Epoch: 536, Train ELBO: -113936.174, Val ELBO: -124490.327, Train MSE: 0.143, Val MSE: 0.154
Current LR: [0.00014540507444725043]
Epoch: 537, Train ELBO: -111963.202, Val ELBO: -124488.754, Train MSE: 0.142, Val MSE: 0.154
Current LR: [0.0001444503175228032]
Epoch: 538, Train ELBO: -113197.869, Val ELBO: -124485.261, Train MSE: 0.142, Val MSE: 0.154
Current LR: [0.00014350182971095915]
Epoch: 539, Train ELBO: -111536.991, Val ELBO: -124487.591, Train MSE: 0.141, Val MSE: 0.154
Current LR: [0.00014255956984755193]
Epoch: 540, Train ELBO: -117425.244, Val ELBO: -124485.415, Train MSE: 0.141, Val MSE: 0.154
Current LR: [0.00014162349703870686]
Epoch: 541, Train ELBO: -112707.251, Val ELBO: -124493.829, Train MSE: 0.141, Val MSE: 0.154
Current LR: [0.00014069357065906604]
Epoch: 542, Train ELBO: -113072.633, Val ELBO: -124488.898, Train MSE: 0.142, Val MSE: 0.154
Current LR: [0.00013976975035002534]
Epoch: 543, Train ELBO: -114124.520, Val ELBO: -124486.981, Train MSE: 0.143, Val MSE: 0.154
Current LR: [0.00013885199601798272]
Epoch: 544, Train ELBO: -115517.256, Val ELBO: -124485.208, Train MSE: 0.145, Val MSE: 0.154
Current LR: [0.00013794026783259825]
Epoch: 545, Train ELBO: -114726.393, Val ELBO: -124486.611, Train MSE: 0.144, Val MSE: 0.154
Current LR: [0.00013703452622506546]
Epoch: 546, Train ELBO: -115766.313, Val ELBO: -124485.286, Train MSE: 0.145, Val MSE: 0.154
Current LR: [0.0001361347318863941]
Epoch: 547, Train ELBO: -115159.488, Val ELBO: -124491.778, Train MSE: 0.144, Val MSE: 0.154
Current LR: [0.00013524084576570407]
Epoch: 548, Train ELBO: -115231.047, Val ELBO: -124495.117, Train MSE: 0.144, Val MSE: 0.154
Current LR: [0.00013435282906853064]
Epoch: 549, Train ELBO: -116184.409, Val ELBO: -124492.000, Train MSE: 0.145, Val MSE: 0.154
Current LR: [0.00013347064325514084]
Epoch: 550, Train ELBO: -117069.190, Val ELBO: -124495.179, Train MSE: 0.145, Val MSE: 0.154
Current LR: [0.00013259425003886078]
Epoch: 551, Train ELBO: -114835.590, Val ELBO: -124493.788, Train MSE: 0.144, Val MSE: 0.154
Current LR: [0.000131723611384414]
Epoch: 552, Train ELBO: -113998.180, Val ELBO: -124490.739, Train MSE: 0.143, Val MSE: 0.154
Current LR: [0.00013085868950627084]
Epoch: 553, Train ELBO: -106875.905, Val ELBO: -124491.988, Train MSE: 0.143, Val MSE: 0.154
Current LR: [0.00012999944686700846]
Epoch: 554, Train ELBO: -103744.228, Val ELBO: -124490.726, Train MSE: 0.140, Val MSE: 0.154
Current LR: [0.00012914584617568177]
Epoch: 555, Train ELBO: -102152.739, Val ELBO: -124489.632, Train MSE: 0.140, Val MSE: 0.154
Current LR: [0.00012829785038620498]
Epoch: 556, Train ELBO: -101660.896, Val ELBO: -124486.948, Train MSE: 0.138, Val MSE: 0.154
Current LR: [0.0001274554226957439]
Epoch: 557, Train ELBO: -98239.203, Val ELBO: -124492.128, Train MSE: 0.138, Val MSE: 0.154
Current LR: [0.00012661852654311854]
Epoch: 558, Train ELBO: -103979.921, Val ELBO: -124487.746, Train MSE: 0.138, Val MSE: 0.154
Current LR: [0.00012578712560721653]
Epoch: 559, Train ELBO: -108440.641, Val ELBO: -124485.383, Train MSE: 0.140, Val MSE: 0.154
Current LR: [0.0001249611838054167]
Epoch: 560, Train ELBO: -108399.811, Val ELBO: -124487.143, Train MSE: 0.141, Val MSE: 0.154
Current LR: [0.00012414066529202312]
Epoch: 561, Train ELBO: -103745.736, Val ELBO: -124489.589, Train MSE: 0.139, Val MSE: 0.154
Current LR: [0.0001233255344567094]
Epoch: 562, Train ELBO: -102281.614, Val ELBO: -124489.055, Train MSE: 0.138, Val MSE: 0.154
Current LR: [0.00012251575592297319]
Epoch: 563, Train ELBO: -100342.497, Val ELBO: -124488.649, Train MSE: 0.140, Val MSE: 0.154
Current LR: [0.00012171129454660095]
Epoch: 564, Train ELBO: -105737.317, Val ELBO: -124489.929, Train MSE: 0.141, Val MSE: 0.154
Current LR: [0.00012091211541414255]
Epoch: 565, Train ELBO: -104477.297, Val ELBO: -124488.901, Train MSE: 0.139, Val MSE: 0.154
Current LR: [0.00012011818384139616]
Epoch: 566, Train ELBO: -103572.812, Val ELBO: -124492.350, Train MSE: 0.139, Val MSE: 0.154
Current LR: [0.00011932946537190285]
Epoch: 567, Train ELBO: -107683.839, Val ELBO: -124491.087, Train MSE: 0.140, Val MSE: 0.154
Current LR: [0.00011854592577545128]
Epoch: 568, Train ELBO: -110539.078, Val ELBO: -124485.404, Train MSE: 0.141, Val MSE: 0.154
Current LR: [0.00011776753104659209]
Epoch: 569, Train ELBO: -110366.260, Val ELBO: -124483.932, Train MSE: 0.143, Val MSE: 0.154
Current LR: [0.00011699424740316206]
Epoch: 570, Train ELBO: -106174.427, Val ELBO: -124482.463, Train MSE: 0.141, Val MSE: 0.154
Current LR: [0.00011622604128481794]
Epoch: 571, Train ELBO: -106707.121, Val ELBO: -124481.590, Train MSE: 0.142, Val MSE: 0.153
Current LR: [0.00011546287935158002]
Epoch: 572, Train ELBO: -104420.189, Val ELBO: -124479.933, Train MSE: 0.141, Val MSE: 0.153
Current LR: [0.00011470472848238511]
Epoch: 573, Train ELBO: -100429.610, Val ELBO: -124481.266, Train MSE: 0.138, Val MSE: 0.153
Current LR: [0.00011395155577364911]
Epoch: 574, Train ELBO: -103791.220, Val ELBO: -124486.271, Train MSE: 0.139, Val MSE: 0.154
Current LR: [0.00011320332853783904]
Epoch: 575, Train ELBO: -100908.626, Val ELBO: -124489.318, Train MSE: 0.138, Val MSE: 0.154
Current LR: [0.00011246001430205435]
Epoch: 576, Train ELBO: -101984.279, Val ELBO: -124485.009, Train MSE: 0.138, Val MSE: 0.154
Current LR: [0.00011172158080661764]
Epoch: 577, Train ELBO: -102922.723, Val ELBO: -124482.936, Train MSE: 0.138, Val MSE: 0.154
Current LR: [0.00011098799600367458]
Epoch: 578, Train ELBO: -104009.770, Val ELBO: -124481.875, Train MSE: 0.140, Val MSE: 0.154
Current LR: [0.00011025922805580307]
Epoch: 579, Train ELBO: -100463.996, Val ELBO: -124482.290, Train MSE: 0.140, Val MSE: 0.154
Current LR: [0.00010953524533463145]
Epoch: 580, Train ELBO: -106225.495, Val ELBO: -124478.753, Train MSE: 0.140, Val MSE: 0.153
Current LR: [0.0001088160164194659]
Epoch: 581, Train ELBO: -104265.277, Val ELBO: -124477.842, Train MSE: 0.139, Val MSE: 0.153
Current LR: [0.00010810151009592671]
Epoch: 582, Train ELBO: -99051.921, Val ELBO: -124478.352, Train MSE: 0.138, Val MSE: 0.153
Current LR: [0.00010739169535459366]
Epoch: 583, Train ELBO: -101888.467, Val ELBO: -124476.931, Train MSE: 0.138, Val MSE: 0.153
Current LR: [0.00010668654138966021]
Epoch: 584, Train ELBO: -104062.963, Val ELBO: -124475.314, Train MSE: 0.140, Val MSE: 0.153
Current LR: [0.00010598601759759645]
Epoch: 585, Train ELBO: -101402.633, Val ELBO: -124477.207, Train MSE: 0.140, Val MSE: 0.153
Current LR: [0.00010529009357582099]
Epoch: 586, Train ELBO: -100001.458, Val ELBO: -124479.715, Train MSE: 0.141, Val MSE: 0.153
Current LR: [0.00010459873912138152]
Epoch: 587, Train ELBO: -104134.621, Val ELBO: -124477.290, Train MSE: 0.140, Val MSE: 0.153
Current LR: [0.00010391192422964392]
Epoch: 588, Train ELBO: -103270.846, Val ELBO: -124477.903, Train MSE: 0.140, Val MSE: 0.153
Current LR: [0.00010322961909299013]
Epoch: 589, Train ELBO: -103577.594, Val ELBO: -124477.021, Train MSE: 0.140, Val MSE: 0.153
Current LR: [0.00010255179409952447]
Epoch: 590, Train ELBO: -105094.843, Val ELBO: -124475.218, Train MSE: 0.140, Val MSE: 0.153
Current LR: [0.00010187841983178855]
Epoch: 591, Train ELBO: -108980.059, Val ELBO: -124473.029, Train MSE: 0.140, Val MSE: 0.153
Current LR: [0.00010120946706548446]
Epoch: 592, Train ELBO: -113142.766, Val ELBO: -124474.638, Train MSE: 0.141, Val MSE: 0.153
Current LR: [0.00010054490676820653]
Epoch: 593, Train ELBO: -110704.389, Val ELBO: -124475.863, Train MSE: 0.141, Val MSE: 0.153
Current LR: [9.988471009818131e-05]
Epoch: 594, Train ELBO: -107292.277, Val ELBO: -124473.291, Train MSE: 0.141, Val MSE: 0.153
Current LR: [9.92288484030158e-05]
Epoch: 595, Train ELBO: -108669.876, Val ELBO: -124471.828, Train MSE: 0.142, Val MSE: 0.153
Current LR: [9.8577293218454e-05]
Epoch: 596, Train ELBO: -109073.818, Val ELBO: -124471.245, Train MSE: 0.143, Val MSE: 0.153
Current LR: [9.79300162671415e-05]
Epoch: 597, Train ELBO: -111599.352, Val ELBO: -124471.230, Train MSE: 0.144, Val MSE: 0.153
Current LR: [9.728698945739834e-05]
Epoch: 598, Train ELBO: -113864.950, Val ELBO: -124474.571, Train MSE: 0.145, Val MSE: 0.153
Current LR: [9.664818488199977e-05]
Epoch: 599, Train ELBO: -110945.672, Val ELBO: -124473.507, Train MSE: 0.142, Val MSE: 0.153
Current LR: [9.601357481696508e-05]
Epoch: 600, Train ELBO: -115308.016, Val ELBO: -124469.977, Train MSE: 0.144, Val MSE: 0.153
Current LR: [9.538313172035442e-05]
Epoch: 601, Train ELBO: -109463.861, Val ELBO: -124468.756, Train MSE: 0.142, Val MSE: 0.153
Current LR: [9.475682823107347e-05]
Epoch: 602, Train ELBO: -109354.219, Val ELBO: -124471.209, Train MSE: 0.141, Val MSE: 0.153
Current LR: [9.413463716768598e-05]
Epoch: 603, Train ELBO: -114281.670, Val ELBO: -124471.040, Train MSE: 0.143, Val MSE: 0.153
Current LR: [9.351653152723408e-05]
Epoch: 604, Train ELBO: -110450.047, Val ELBO: -124472.461, Train MSE: 0.143, Val MSE: 0.153
Current LR: [9.290248448406639e-05]
Epoch: 605, Train ELBO: -110674.400, Val ELBO: -124473.941, Train MSE: 0.144, Val MSE: 0.153
Current LR: [9.229246938867377e-05]
Epoch: 606, Train ELBO: -104324.478, Val ELBO: -124482.519, Train MSE: 0.144, Val MSE: 0.154
Current LR: [9.168645976653272e-05]
Epoch: 607, Train ELBO: -105887.252, Val ELBO: -124478.910, Train MSE: 0.144, Val MSE: 0.153
Current LR: [9.108442931695647e-05]
Epoch: 608, Train ELBO: -100914.799, Val ELBO: -124477.403, Train MSE: 0.141, Val MSE: 0.153
Current LR: [9.048635191195342e-05]
Epoch: 609, Train ELBO: -100563.654, Val ELBO: -124480.827, Train MSE: 0.141, Val MSE: 0.154
Current LR: [8.989220159509329e-05]
Epoch: 610, Train ELBO: -101534.440, Val ELBO: -124477.052, Train MSE: 0.140, Val MSE: 0.153
Current LR: [8.930195258038057e-05]
Epoch: 611, Train ELBO: -104154.268, Val ELBO: -124475.163, Train MSE: 0.141, Val MSE: 0.153
Current LR: [8.871557925113541e-05]
Epoch: 612, Train ELBO: -102115.658, Val ELBO: -124471.126, Train MSE: 0.140, Val MSE: 0.153
Current LR: [8.813305615888188e-05]
Epoch: 613, Train ELBO: -101737.396, Val ELBO: -124473.429, Train MSE: 0.139, Val MSE: 0.153
Current LR: [8.755435802224351e-05]
Epoch: 614, Train ELBO: -100444.606, Val ELBO: -124474.798, Train MSE: 0.140, Val MSE: 0.153
Current LR: [8.697945972584606e-05]
Epoch: 615, Train ELBO: -101782.382, Val ELBO: -124472.041, Train MSE: 0.140, Val MSE: 0.153
Current LR: [8.640833631922757e-05]
Epoch: 616, Train ELBO: -99118.280, Val ELBO: -124474.031, Train MSE: 0.142, Val MSE: 0.153
Current LR: [8.584096301575546e-05]
Epoch: 617, Train ELBO: -91745.151, Val ELBO: -124480.979, Train MSE: 0.143, Val MSE: 0.154
Current LR: [8.52773151915508e-05]
Epoch: 618, Train ELBO: -98331.691, Val ELBO: -124479.421, Train MSE: 0.143, Val MSE: 0.153
Current LR: [8.471736838441968e-05]
Epoch: 619, Train ELBO: -99958.964, Val ELBO: -124478.909, Train MSE: 0.143, Val MSE: 0.153
Current LR: [8.416109829279153e-05]
Epoch: 620, Train ELBO: -104298.829, Val ELBO: -124477.761, Train MSE: 0.142, Val MSE: 0.153
Current LR: [8.360848077466444e-05]
Epoch: 621, Train ELBO: -101181.850, Val ELBO: -124483.655, Train MSE: 0.142, Val MSE: 0.154
Current LR: [8.305949184655738e-05]
Epoch: 622, Train ELBO: -104690.374, Val ELBO: -124482.074, Train MSE: 0.143, Val MSE: 0.154
Current LR: [8.251410768246938e-05]
Epoch: 623, Train ELBO: -105319.529, Val ELBO: -124480.725, Train MSE: 0.142, Val MSE: 0.154
Current LR: [8.197230461284541e-05]
Epoch: 624, Train ELBO: -103469.924, Val ELBO: -124478.527, Train MSE: 0.142, Val MSE: 0.153
Current LR: [8.143405912354922e-05]
Epoch: 625, Train ELBO: -103521.552, Val ELBO: -124475.714, Train MSE: 0.141, Val MSE: 0.153
Current LR: [8.089934785484272e-05]
Epoch: 626, Train ELBO: -103545.980, Val ELBO: -124473.957, Train MSE: 0.140, Val MSE: 0.153
Current LR: [8.036814760037227e-05]
Epoch: 627, Train ELBO: -101195.900, Val ELBO: -124475.057, Train MSE: 0.141, Val MSE: 0.153
Current LR: [7.984043530616147e-05]
Epoch: 628, Train ELBO: -101874.307, Val ELBO: -124475.469, Train MSE: 0.139, Val MSE: 0.153
Current LR: [7.931618806961065e-05]
Epoch: 629, Train ELBO: -106364.726, Val ELBO: -124473.319, Train MSE: 0.139, Val MSE: 0.153
Current LR: [7.879538313850289e-05]
Epoch: 630, Train ELBO: -107447.650, Val ELBO: -124471.168, Train MSE: 0.138, Val MSE: 0.153
Current LR: [7.82779979100166e-05]
Epoch: 631, Train ELBO: -106454.515, Val ELBO: -124469.850, Train MSE: 0.138, Val MSE: 0.153
Current LR: [7.776400992974454e-05]
Epoch: 632, Train ELBO: -109989.065, Val ELBO: -124469.807, Train MSE: 0.137, Val MSE: 0.153
Current LR: [7.725339689071928e-05]
Epoch: 633, Train ELBO: -111608.245, Val ELBO: -124470.780, Train MSE: 0.137, Val MSE: 0.153
Current LR: [7.674613663244513e-05]
Epoch: 634, Train ELBO: -110760.494, Val ELBO: -124473.209, Train MSE: 0.136, Val MSE: 0.153
Current LR: [7.62422071399364e-05]
Epoch: 635, Train ELBO: -105416.193, Val ELBO: -124476.137, Train MSE: 0.136, Val MSE: 0.153
Current LR: [7.574158654276183e-05]
Epoch: 636, Train ELBO: -111405.097, Val ELBO: -124473.602, Train MSE: 0.138, Val MSE: 0.153
Current LR: [7.52442531140956e-05]
Epoch: 637, Train ELBO: -113295.660, Val ELBO: -124472.970, Train MSE: 0.140, Val MSE: 0.153
Current LR: [7.475018526977423e-05]
Epoch: 638, Train ELBO: -113705.583, Val ELBO: -124472.293, Train MSE: 0.140, Val MSE: 0.153
Current LR: [7.425936156735991e-05]
Epoch: 639, Train ELBO: -117309.046, Val ELBO: -124470.407, Train MSE: 0.142, Val MSE: 0.153
Current LR: [7.377176070520989e-05]
Epoch: 640, Train ELBO: -115023.581, Val ELBO: -124468.937, Train MSE: 0.143, Val MSE: 0.153
Current LR: [7.328736152155201e-05]
Epoch: 641, Train ELBO: -117750.002, Val ELBO: -124470.326, Train MSE: 0.144, Val MSE: 0.153
Current LR: [7.280614299356624e-05]
Epoch: 642, Train ELBO: -115122.423, Val ELBO: -124468.902, Train MSE: 0.144, Val MSE: 0.153
Current LR: [7.232808423647232e-05]
Epoch: 643, Train ELBO: -114991.524, Val ELBO: -124468.315, Train MSE: 0.143, Val MSE: 0.153
Current LR: [7.185316450262339e-05]
Epoch: 644, Train ELBO: -115208.934, Val ELBO: -124466.264, Train MSE: 0.143, Val MSE: 0.153
Current LR: [7.138136318060549e-05]
Epoch: 645, Train ELBO: -115454.384, Val ELBO: -124465.241, Train MSE: 0.143, Val MSE: 0.153
Current LR: [7.091265979434308e-05]
Epoch: 646, Train ELBO: -114462.305, Val ELBO: -124465.133, Train MSE: 0.143, Val MSE: 0.153
Current LR: [7.044703400221036e-05]
Epoch: 647, Train ELBO: -110696.868, Val ELBO: -124467.601, Train MSE: 0.142, Val MSE: 0.153
Current LR: [6.998446559614844e-05]
Epoch: 648, Train ELBO: -111090.646, Val ELBO: -124468.577, Train MSE: 0.143, Val MSE: 0.153
Current LR: [6.952493450078835e-05]
Epoch: 649, Train ELBO: -109715.218, Val ELBO: -124469.504, Train MSE: 0.144, Val MSE: 0.153
Current LR: [6.906842077257973e-05]
Epoch: 650, Train ELBO: -113371.392, Val ELBO: -124466.988, Train MSE: 0.145, Val MSE: 0.153
Current LR: [6.86149045989253e-05]
Epoch: 651, Train ELBO: -112069.931, Val ELBO: -124465.909, Train MSE: 0.144, Val MSE: 0.153
Current LR: [6.816436629732101e-05]
Epoch: 652, Train ELBO: -110647.909, Val ELBO: -124464.086, Train MSE: 0.143, Val MSE: 0.153
Current LR: [6.771678631450182e-05]
Epoch: 653, Train ELBO: -107393.676, Val ELBO: -124464.335, Train MSE: 0.142, Val MSE: 0.153
Current LR: [6.727214522559307e-05]
Epoch: 654, Train ELBO: -109882.884, Val ELBO: -124462.973, Train MSE: 0.142, Val MSE: 0.153
Current LR: [6.683042373326748e-05]
Epoch: 655, Train ELBO: -108786.253, Val ELBO: -124462.345, Train MSE: 0.141, Val MSE: 0.153
Current LR: [6.639160266690761e-05]
Epoch: 656, Train ELBO: -112742.810, Val ELBO: -124463.064, Train MSE: 0.142, Val MSE: 0.153
Current LR: [6.59556629817739e-05]
Epoch: 657, Train ELBO: -114757.141, Val ELBO: -124464.644, Train MSE: 0.141, Val MSE: 0.153
Current LR: [6.552258575817811e-05]
Epoch: 658, Train ELBO: -111991.176, Val ELBO: -124462.626, Train MSE: 0.143, Val MSE: 0.153
Current LR: [6.50923522006622e-05]
Epoch: 659, Train ELBO: -112394.635, Val ELBO: -124461.306, Train MSE: 0.142, Val MSE: 0.153
Current LR: [6.466494363718262e-05]
Epoch: 660, Train ELBO: -114329.211, Val ELBO: -124460.334, Train MSE: 0.142, Val MSE: 0.153
Current LR: [6.424034151829999e-05]
Epoch: 661, Train ELBO: -117703.291, Val ELBO: -124461.476, Train MSE: 0.143, Val MSE: 0.153
Current LR: [6.381852741637399e-05]
Epoch: 662, Train ELBO: -113079.754, Val ELBO: -124460.923, Train MSE: 0.142, Val MSE: 0.153
Current LR: [6.339948302476363e-05]
Epoch: 663, Train ELBO: -111594.506, Val ELBO: -124462.994, Train MSE: 0.142, Val MSE: 0.153
Current LR: [6.298319015703276e-05]
Epoch: 664, Train ELBO: -108448.907, Val ELBO: -124461.255, Train MSE: 0.141, Val MSE: 0.153
Current LR: [6.256963074616076e-05]
Epoch: 665, Train ELBO: -105775.071, Val ELBO: -124461.411, Train MSE: 0.141, Val MSE: 0.153
Current LR: [6.215878684375848e-05]
Epoch: 666, Train ELBO: -103265.319, Val ELBO: -124461.357, Train MSE: 0.140, Val MSE: 0.153
Current LR: [6.175064061928922e-05]
Epoch: 667, Train ELBO: -99524.093, Val ELBO: -124466.667, Train MSE: 0.140, Val MSE: 0.153
Current LR: [6.134517435929494e-05]
Epoch: 668, Train ELBO: -97493.610, Val ELBO: -124466.914, Train MSE: 0.141, Val MSE: 0.153
Current LR: [6.094237046662745e-05]
Epoch: 669, Train ELBO: -99668.279, Val ELBO: -124467.247, Train MSE: 0.142, Val MSE: 0.153
Current LR: [6.0542211459684755e-05]
Epoch: 670, Train ELBO: -102281.669, Val ELBO: -124466.355, Train MSE: 0.142, Val MSE: 0.153
Current LR: [6.014467997165233e-05]
Epoch: 671, Train ELBO: -98783.926, Val ELBO: -124467.373, Train MSE: 0.142, Val MSE: 0.153
Current LR: [5.9749758749749384e-05]
Epoch: 672, Train ELBO: -98587.380, Val ELBO: -124468.593, Train MSE: 0.141, Val MSE: 0.153
Current LR: [5.935743065448013e-05]
Epoch: 673, Train ELBO: -93981.831, Val ELBO: -124468.584, Train MSE: 0.140, Val MSE: 0.153
Current LR: [5.896767865888991e-05]
Epoch: 674, Train ELBO: -94845.232, Val ELBO: -124467.625, Train MSE: 0.140, Val MSE: 0.153
Current LR: [5.8580485847826236e-05]
Epoch: 675, Train ELBO: -98182.498, Val ELBO: -124467.436, Train MSE: 0.140, Val MSE: 0.153
Current LR: [5.819583541720468e-05]
Epoch: 676, Train ELBO: -96886.037, Val ELBO: -124465.941, Train MSE: 0.140, Val MSE: 0.153
Current LR: [5.7813710673279574e-05]
Epoch: 677, Train ELBO: -96567.191, Val ELBO: -124465.244, Train MSE: 0.141, Val MSE: 0.153
Current LR: [5.743409503191951e-05]
Epoch: 678, Train ELBO: -103920.961, Val ELBO: -124465.587, Train MSE: 0.142, Val MSE: 0.153
Current LR: [5.705697201788758e-05]
Epoch: 679, Train ELBO: -109564.495, Val ELBO: -124464.540, Train MSE: 0.142, Val MSE: 0.153
Current LR: [5.6682325264126373e-05]
Epoch: 680, Train ELBO: -102046.828, Val ELBO: -124464.792, Train MSE: 0.141, Val MSE: 0.153
Current LR: [5.631013851104764e-05]
Epoch: 681, Train ELBO: -101847.536, Val ELBO: -124466.513, Train MSE: 0.141, Val MSE: 0.153
Current LR: [5.5940395605826624e-05]
Epoch: 682, Train ELBO: -102986.038, Val ELBO: -124468.528, Train MSE: 0.142, Val MSE: 0.153
Current LR: [5.557308050170105e-05]
Epoch: 683, Train ELBO: -104637.801, Val ELBO: -124469.366, Train MSE: 0.142, Val MSE: 0.153
Current LR: [5.5208177257274665e-05]
Epoch: 684, Train ELBO: -103593.838, Val ELBO: -124469.956, Train MSE: 0.143, Val MSE: 0.153
Current LR: [5.484567003582543e-05]
Epoch: 685, Train ELBO: -104808.844, Val ELBO: -124470.503, Train MSE: 0.143, Val MSE: 0.153
Current LR: [5.448554310461817e-05]
Epoch: 686, Train ELBO: -109825.035, Val ELBO: -124467.707, Train MSE: 0.141, Val MSE: 0.153
Current LR: [5.4127780834221797e-05]
Epoch: 687, Train ELBO: -111241.589, Val ELBO: -124465.430, Train MSE: 0.142, Val MSE: 0.153
Current LR: [5.3772367697831004e-05]
Epoch: 688, Train ELBO: -106804.508, Val ELBO: -124465.403, Train MSE: 0.141, Val MSE: 0.153
Current LR: [5.341928827059237e-05]
Epoch: 689, Train ELBO: -102717.879, Val ELBO: -124465.015, Train MSE: 0.138, Val MSE: 0.153
Current LR: [5.306852722893497e-05]
Epoch: 690, Train ELBO: -103630.235, Val ELBO: -124465.246, Train MSE: 0.140, Val MSE: 0.153
Current LR: [5.272006934990529e-05]
Epoch: 691, Train ELBO: -107426.612, Val ELBO: -124464.019, Train MSE: 0.141, Val MSE: 0.153
Current LR: [5.23738995105066e-05]
Epoch: 692, Train ELBO: -111778.809, Val ELBO: -124461.885, Train MSE: 0.142, Val MSE: 0.153
Current LR: [5.2030002687042586e-05]
Epoch: 693, Train ELBO: -109401.181, Val ELBO: -124461.186, Train MSE: 0.142, Val MSE: 0.153
Current LR: [5.1688363954465324e-05]
Epoch: 694, Train ELBO: -110343.557, Val ELBO: -124459.900, Train MSE: 0.142, Val MSE: 0.153
Current LR: [5.1348968485727566e-05]
Epoch: 695, Train ELBO: -109226.031, Val ELBO: -124459.210, Train MSE: 0.140, Val MSE: 0.153
Current LR: [5.101180155113922e-05]
Epoch: 696, Train ELBO: -114344.526, Val ELBO: -124459.216, Train MSE: 0.142, Val MSE: 0.153
Current LR: [5.067684851772809e-05]
Epoch: 697, Train ELBO: -108980.425, Val ELBO: -124458.619, Train MSE: 0.141, Val MSE: 0.153
Current LR: [5.034409484860483e-05]
Epoch: 698, Train ELBO: -107971.849, Val ELBO: -124459.571, Train MSE: 0.141, Val MSE: 0.153
Current LR: [5.001352610233202e-05]
Epoch: 699, Train ELBO: -103862.379, Val ELBO: -124462.720, Train MSE: 0.139, Val MSE: 0.153
Current LR: [4.968512793229741e-05]
Epoch: 700, Train ELBO: -104546.718, Val ELBO: -124462.432, Train MSE: 0.140, Val MSE: 0.153
Current LR: [4.9358886086091305e-05]
Epoch: 701, Train ELBO: -104738.872, Val ELBO: -124461.557, Train MSE: 0.138, Val MSE: 0.153
Current LR: [4.9034786404888e-05]
Epoch: 702, Train ELBO: -106253.121, Val ELBO: -124462.493, Train MSE: 0.139, Val MSE: 0.153
Current LR: [4.8712814822831275e-05]
Epoch: 703, Train ELBO: -109531.406, Val ELBO: -124460.693, Train MSE: 0.140, Val MSE: 0.153
Current LR: [4.8392957366423964e-05]
Epoch: 704, Train ELBO: -111754.889, Val ELBO: -124458.777, Train MSE: 0.141, Val MSE: 0.153
Current LR: [4.8075200153921496e-05]
Epoch: 705, Train ELBO: -107557.048, Val ELBO: -124458.691, Train MSE: 0.141, Val MSE: 0.153
Current LR: [4.775952939472943e-05]
Epoch: 706, Train ELBO: -103994.817, Val ELBO: -124460.964, Train MSE: 0.141, Val MSE: 0.153
Current LR: [4.744593138880495e-05]
Epoch: 707, Train ELBO: -101725.186, Val ELBO: -124461.895, Train MSE: 0.138, Val MSE: 0.153
Current LR: [4.7134392526062286e-05]
Epoch: 708, Train ELBO: -101497.141, Val ELBO: -124464.368, Train MSE: 0.138, Val MSE: 0.153
Current LR: [4.6824899285782035e-05]
Epoch: 709, Train ELBO: -102939.484, Val ELBO: -124463.092, Train MSE: 0.138, Val MSE: 0.153
Current LR: [4.651743823602437e-05]
Epoch: 710, Train ELBO: -106167.313, Val ELBO: -124461.058, Train MSE: 0.139, Val MSE: 0.153
Current LR: [4.621199603304608e-05]
Epoch: 711, Train ELBO: -104927.230, Val ELBO: -124460.081, Train MSE: 0.139, Val MSE: 0.153
Current LR: [4.59085594207215e-05]
Epoch: 712, Train ELBO: -101014.401, Val ELBO: -124461.310, Train MSE: 0.138, Val MSE: 0.153
Current LR: [4.560711522996713e-05]
Epoch: 713, Train ELBO: -101055.328, Val ELBO: -124464.963, Train MSE: 0.138, Val MSE: 0.153
Current LR: [4.530765037817016e-05]
Epoch: 714, Train ELBO: -98567.259, Val ELBO: -124470.150, Train MSE: 0.136, Val MSE: 0.153
Current LR: [4.501015186862066e-05]
Epoch: 715, Train ELBO: -103753.494, Val ELBO: -124466.605, Train MSE: 0.137, Val MSE: 0.153
Current LR: [4.471460678994752e-05]
Epoch: 716, Train ELBO: -106356.226, Val ELBO: -124463.951, Train MSE: 0.139, Val MSE: 0.153
Current LR: [4.442100231555812e-05]
Epoch: 717, Train ELBO: -105588.085, Val ELBO: -124461.114, Train MSE: 0.140, Val MSE: 0.153
Current LR: [4.4129325703081635e-05]
Epoch: 718, Train ELBO: -106032.246, Val ELBO: -124461.463, Train MSE: 0.140, Val MSE: 0.153
Current LR: [4.3839564293816045e-05]
Epoch: 719, Train ELBO: -103554.038, Val ELBO: -124463.902, Train MSE: 0.140, Val MSE: 0.153
Current LR: [4.3551705512178725e-05]
Epoch: 720, Train ELBO: -100982.884, Val ELBO: -124464.787, Train MSE: 0.142, Val MSE: 0.153
Current LR: [4.326573686516068e-05]
Epoch: 721, Train ELBO: -98962.415, Val ELBO: -124465.428, Train MSE: 0.142, Val MSE: 0.153
Current LR: [4.298164594178435e-05]
Epoch: 722, Train ELBO: -97496.868, Val ELBO: -124464.105, Train MSE: 0.140, Val MSE: 0.153
Current LR: [4.269942041256498e-05]
Epoch: 723, Train ELBO: -100512.684, Val ELBO: -124464.023, Train MSE: 0.140, Val MSE: 0.153
Current LR: [4.241904802897552e-05]
Epoch: 724, Train ELBO: -100458.090, Val ELBO: -124463.094, Train MSE: 0.141, Val MSE: 0.153
Current LR: [4.214051662291503e-05]
Epoch: 725, Train ELBO: -100437.530, Val ELBO: -124462.757, Train MSE: 0.139, Val MSE: 0.153
Current LR: [4.1863814106180597e-05]
Epoch: 726, Train ELBO: -101658.797, Val ELBO: -124461.137, Train MSE: 0.140, Val MSE: 0.153
Current LR: [4.158892846994273e-05]
Epoch: 727, Train ELBO: -106616.633, Val ELBO: -124460.445, Train MSE: 0.141, Val MSE: 0.153
Current LR: [4.131584778422414e-05]
Epoch: 728, Train ELBO: -107046.893, Val ELBO: -124460.927, Train MSE: 0.142, Val MSE: 0.153
Current LR: [4.1044560197382015e-05]
Epoch: 729, Train ELBO: -110347.414, Val ELBO: -124459.901, Train MSE: 0.142, Val MSE: 0.153
Current LR: [4.077505393559362e-05]
Epoch: 730, Train ELBO: -110671.991, Val ELBO: -124461.302, Train MSE: 0.143, Val MSE: 0.153
Current LR: [4.0507317302345386e-05]
Epoch: 731, Train ELBO: -110113.826, Val ELBO: -124464.030, Train MSE: 0.143, Val MSE: 0.153
Current LR: [4.02413386779252e-05]
Epoch: 732, Train ELBO: -107583.678, Val ELBO: -124464.308, Train MSE: 0.141, Val MSE: 0.153
Current LR: [3.997710651891817e-05]
Epoch: 733, Train ELBO: -104106.613, Val ELBO: -124463.901, Train MSE: 0.140, Val MSE: 0.153
Current LR: [3.971460935770563e-05]
Epoch: 734, Train ELBO: -106441.348, Val ELBO: -124464.815, Train MSE: 0.141, Val MSE: 0.153
Current LR: [3.945383580196744e-05]
Epoch: 735, Train ELBO: -111881.731, Val ELBO: -124463.514, Train MSE: 0.143, Val MSE: 0.153
Current LR: [3.9194774534187564e-05]
Epoch: 736, Train ELBO: -116674.698, Val ELBO: -124461.398, Train MSE: 0.143, Val MSE: 0.153
